<?xml version="1.0" encoding="UTF-8"?>
<coverage generated="1771234876291" clover="3.2.0">
  <project timestamp="1771234876291" name="All files">
    <metrics statements="1155" coveredstatements="1025" conditionals="1056" coveredconditionals="882" methods="407" coveredmethods="319" elements="2618" coveredelements="2226" complexity="0" loc="1155" ncloc="1155" packages="5" files="88" classes="88"/>
    <package name="charts">
      <metrics statements="230" coveredstatements="195" conditionals="280" coveredconditionals="207" methods="58" coveredmethods="44"/>
      <file name="bar-chart.tsx" path="/Users/alfredorubin/Desktop/public/component/src/charts/bar-chart.tsx">
        <metrics statements="18" coveredstatements="18" conditionals="39" coveredconditionals="30" methods="6" coveredmethods="6"/>
        <line num="37" count="20" type="stmt"/>
        <line num="38" count="20" type="cond" truecount="1" falsecount="1"/>
        <line num="39" count="20" type="cond" truecount="1" falsecount="1"/>
        <line num="41" count="20" type="stmt"/>
        <line num="42" count="10" type="cond" truecount="2" falsecount="0"/>
        <line num="43" count="1" type="stmt"/>
        <line num="46" count="20" type="stmt"/>
        <line num="47" count="9" type="cond" truecount="2" falsecount="0"/>
        <line num="48" count="10" type="cond" truecount="1" falsecount="1"/>
        <line num="49" count="10" type="stmt"/>
        <line num="50" count="10" type="cond" truecount="1" falsecount="1"/>
        <line num="52" count="10" type="stmt"/>
        <line num="54" count="27" type="stmt"/>
        <line num="57" count="10" type="stmt"/>
        <line num="62" count="10" type="stmt"/>
        <line num="74" count="11" type="stmt"/>
        <line num="77" count="33" type="stmt"/>
        <line num="87" count="20" type="stmt"/>
      </file>
      <file name="base-chart.tsx" path="/Users/alfredorubin/Desktop/public/component/src/charts/base-chart.tsx">
        <metrics statements="50" coveredstatements="46" conditionals="26" coveredconditionals="22" methods="12" coveredmethods="9"/>
        <line num="16" count="5" type="stmt"/>
        <line num="39" count="0" type="stmt"/>
        <line num="40" count="0" type="cond" truecount="0" falsecount="2"/>
        <line num="41" count="0" type="stmt"/>
        <line num="45" count="57" type="cond" truecount="1" falsecount="1"/>
        <line num="46" count="57" type="stmt"/>
        <line num="47" count="57" type="stmt"/>
        <line num="48" count="285" type="stmt"/>
        <line num="49" count="285" type="cond" truecount="1" falsecount="1"/>
        <line num="53" count="5" type="stmt"/>
        <line num="54" count="5" type="stmt"/>
        <line num="75" count="92" type="stmt"/>
        <line num="76" count="92" type="stmt"/>
        <line num="79" count="92" type="stmt"/>
        <line num="80" count="62" type="stmt"/>
        <line num="81" count="62" type="cond" truecount="2" falsecount="0"/>
        <line num="83" count="57" type="stmt"/>
        <line num="86" count="57" type="stmt"/>
        <line num="87" count="57" type="stmt"/>
        <line num="90" count="62" type="stmt"/>
        <line num="91" count="0" type="stmt"/>
        <line num="93" count="62" type="stmt"/>
        <line num="95" count="62" type="stmt"/>
        <line num="96" count="57" type="stmt"/>
        <line num="97" count="57" type="stmt"/>
        <line num="98" count="57" type="stmt"/>
        <line num="104" count="92" type="stmt"/>
        <line num="105" count="62" type="stmt"/>
        <line num="106" count="62" type="cond" truecount="4" falsecount="0"/>
        <line num="108" count="57" type="stmt"/>
        <line num="112" count="57" type="stmt"/>
        <line num="116" count="92" type="stmt"/>
        <line num="117" count="62" type="stmt"/>
        <line num="118" count="62" type="cond" truecount="2" falsecount="0"/>
        <line num="119" count="57" type="cond" truecount="2" falsecount="0"/>
        <line num="120" count="4" type="stmt"/>
        <line num="126" count="53" type="stmt"/>
        <line num="131" count="92" type="stmt"/>
        <line num="132" count="62" type="stmt"/>
        <line num="133" count="62" type="cond" truecount="2" falsecount="0"/>
        <line num="135" count="57" type="cond" truecount="2" falsecount="0"/>
        <line num="136" count="2" type="stmt"/>
        <line num="138" count="57" type="cond" truecount="2" falsecount="0"/>
        <line num="139" count="1" type="stmt"/>
        <line num="142" count="57" type="stmt"/>
        <line num="143" count="57" type="stmt"/>
        <line num="144" count="57" type="stmt"/>
        <line num="148" count="92" type="cond" truecount="2" falsecount="0"/>
        <line num="149" count="8" type="stmt"/>
        <line num="162" count="84" type="stmt"/>
      </file>
      <file name="graph-chart.tsx" path="/Users/alfredorubin/Desktop/public/component/src/charts/graph-chart.tsx">
        <metrics statements="73" coveredstatements="45" conditionals="79" coveredconditionals="37" methods="20" coveredmethods="11"/>
        <line num="35" count="1" type="stmt"/>
        <line num="54" count="20" type="stmt"/>
        <line num="57" count="20" type="stmt"/>
        <line num="58" count="20" type="stmt"/>
        <line num="59" count="20" type="stmt"/>
        <line num="60" count="20" type="stmt"/>
        <line num="61" count="20" type="stmt"/>
        <line num="62" count="20" type="stmt"/>
        <line num="63" count="20" type="stmt"/>
        <line num="64" count="20" type="stmt"/>
        <line num="65" count="20" type="stmt"/>
        <line num="66" count="20" type="stmt"/>
        <line num="69" count="20" type="stmt"/>
        <line num="70" count="20" type="stmt"/>
        <line num="71" count="20" type="stmt"/>
        <line num="72" count="20" type="stmt"/>
        <line num="74" count="20" type="stmt"/>
        <line num="76" count="1" type="stmt"/>
        <line num="77" count="1" type="stmt"/>
        <line num="81" count="20" type="stmt"/>
        <line num="82" count="19" type="stmt"/>
        <line num="83" count="19" type="stmt"/>
        <line num="89" count="19" type="stmt"/>
        <line num="90" count="0" type="stmt"/>
        <line num="91" count="0" type="cond" truecount="0" falsecount="4"/>
        <line num="92" count="0" type="stmt"/>
        <line num="93" count="0" type="cond" truecount="0" falsecount="2"/>
        <line num="94" count="0" type="cond" truecount="0" falsecount="4"/>
        <line num="95" count="0" type="stmt"/>
        <line num="96" count="0" type="stmt"/>
        <line num="100" count="19" type="stmt"/>
        <line num="101" count="0" type="stmt"/>
        <line num="102" count="0" type="cond" truecount="0" falsecount="4"/>
        <line num="103" count="0" type="stmt"/>
        <line num="104" count="0" type="stmt"/>
        <line num="105" count="0" type="cond" truecount="0" falsecount="2"/>
        <line num="106" count="0" type="stmt"/>
        <line num="107" count="0" type="stmt"/>
        <line num="111" count="0" type="stmt"/>
        <line num="115" count="19" type="stmt"/>
        <line num="116" count="0" type="stmt"/>
        <line num="117" count="0" type="cond" truecount="0" falsecount="5"/>
        <line num="118" count="0" type="cond" truecount="0" falsecount="2"/>
        <line num="119" count="0" type="stmt"/>
        <line num="120" count="0" type="cond" truecount="0" falsecount="2"/>
        <line num="121" count="0" type="stmt"/>
        <line num="123" count="0" type="stmt"/>
        <line num="127" count="19" type="stmt"/>
        <line num="135" count="20" type="stmt"/>
        <line num="136" count="20" type="cond" truecount="2" falsecount="0"/>
        <line num="140" count="20" type="stmt"/>
        <line num="141" count="20" type="cond" truecount="2" falsecount="0"/>
        <line num="142" count="1" type="stmt"/>
        <line num="145" count="19" type="cond" truecount="2" falsecount="0"/>
        <line num="147" count="20" type="stmt"/>
        <line num="151" count="2" type="stmt"/>
        <line num="152" count="2" type="cond" truecount="1" falsecount="1"/>
        <line num="153" count="2" type="cond" truecount="1" falsecount="2"/>
        <line num="154" count="2" type="stmt"/>
        <line num="155" count="2" type="cond" truecount="4" falsecount="0"/>
        <line num="156" count="1" type="stmt"/>
        <line num="157" count="2" type="stmt"/>
        <line num="159" count="1" type="stmt"/>
        <line num="161" count="1" type="stmt"/>
        <line num="163" count="0" type="cond" truecount="0" falsecount="2"/>
        <line num="174" count="0" type="stmt"/>
        <line num="175" count="0" type="cond" truecount="0" falsecount="2"/>
        <line num="181" count="0" type="stmt"/>
        <line num="182" count="0" type="cond" truecount="0" falsecount="3"/>
        <line num="187" count="50" type="stmt"/>
        <line num="205" count="29" type="stmt"/>
        <line num="209" count="0" type="cond" truecount="2" falsecount="0"/>
        <line num="229" count="20" type="stmt"/>
      </file>
      <file name="line-chart.tsx" path="/Users/alfredorubin/Desktop/public/component/src/charts/line-chart.tsx">
        <metrics statements="14" coveredstatements="14" conditionals="32" coveredconditionals="23" methods="6" coveredmethods="6"/>
        <line num="40" count="24" type="stmt"/>
        <line num="41" count="24" type="cond" truecount="1" falsecount="1"/>
        <line num="42" count="24" type="cond" truecount="1" falsecount="1"/>
        <line num="44" count="24" type="stmt"/>
        <line num="45" count="12" type="cond" truecount="2" falsecount="0"/>
        <line num="46" count="1" type="stmt"/>
        <line num="49" count="24" type="stmt"/>
        <line num="50" count="11" type="cond" truecount="2" falsecount="0"/>
        <line num="51" count="12" type="cond" truecount="1" falsecount="1"/>
        <line num="53" count="12" type="stmt"/>
        <line num="65" count="33" type="stmt"/>
        <line num="78" count="13" type="stmt"/>
        <line num="81" count="39" type="stmt"/>
        <line num="89" count="24" type="stmt"/>
      </file>
      <file name="map-chart.tsx" path="/Users/alfredorubin/Desktop/public/component/src/charts/map-chart.tsx">
        <metrics statements="59" coveredstatements="56" conditionals="58" coveredconditionals="55" methods="11" coveredmethods="9"/>
        <line num="38" count="1" type="stmt"/>
        <line num="53" count="1" type="stmt"/>
        <line num="54" count="1" type="stmt"/>
        <line num="57" count="19" type="cond" truecount="4" falsecount="0"/>
        <line num="58" count="18" type="cond" truecount="2" falsecount="0"/>
        <line num="59" count="18" type="cond" truecount="2" falsecount="0"/>
        <line num="61" count="1" type="stmt"/>
        <line num="68" count="9" type="stmt"/>
        <line num="69" count="9" type="cond" truecount="2" falsecount="0"/>
        <line num="70" count="9" type="cond" truecount="4" falsecount="0"/>
        <line num="71" count="1" type="stmt"/>
        <line num="72" count="2" type="stmt"/>
        <line num="75" count="9" type="stmt"/>
        <line num="93" count="19" type="stmt"/>
        <line num="94" count="19" type="stmt"/>
        <line num="95" count="19" type="stmt"/>
        <line num="97" count="19" type="stmt"/>
        <line num="100" count="19" type="stmt"/>
        <line num="101" count="19" type="stmt"/>
        <line num="102" count="19" type="cond" truecount="4" falsecount="0"/>
        <line num="104" count="17" type="stmt"/>
        <line num="111" count="17" type="stmt"/>
        <line num="112" count="17" type="stmt"/>
        <line num="113" count="17" type="stmt"/>
        <line num="115" count="17" type="stmt"/>
        <line num="116" count="0" type="stmt"/>
        <line num="118" count="17" type="stmt"/>
        <line num="120" count="17" type="stmt"/>
        <line num="121" count="17" type="stmt"/>
        <line num="122" count="17" type="stmt"/>
        <line num="123" count="17" type="stmt"/>
        <line num="124" count="17" type="stmt"/>
        <line num="130" count="19" type="stmt"/>
        <line num="131" count="19" type="stmt"/>
        <line num="132" count="19" type="cond" truecount="4" falsecount="0"/>
        <line num="133" count="13" type="stmt"/>
        <line num="137" count="19" type="stmt"/>
        <line num="138" count="19" type="stmt"/>
        <line num="139" count="19" type="stmt"/>
        <line num="140" count="19" type="cond" truecount="2" falsecount="0"/>
        <line num="142" count="17" type="stmt"/>
        <line num="144" count="17" type="stmt"/>
        <line num="145" count="9" type="stmt"/>
        <line num="155" count="9" type="stmt"/>
        <line num="156" count="9" type="cond" truecount="2" falsecount="0"/>
        <line num="157" count="4" type="stmt"/>
        <line num="158" count="5" type="cond" truecount="1" falsecount="1"/>
        <line num="159" count="0" type="stmt"/>
        <line num="163" count="9" type="cond" truecount="2" falsecount="0"/>
        <line num="164" count="1" type="stmt"/>
        <line num="167" count="9" type="cond" truecount="1" falsecount="1"/>
        <line num="168" count="0" type="stmt"/>
        <line num="171" count="9" type="stmt"/>
        <line num="175" count="17" type="cond" truecount="5" falsecount="0"/>
        <line num="176" count="4" type="stmt"/>
        <line num="177" count="3" type="stmt"/>
        <line num="181" count="19" type="cond" truecount="2" falsecount="0"/>
        <line num="182" count="2" type="stmt"/>
        <line num="195" count="17" type="stmt"/>
      </file>
      <file name="pie-chart.tsx" path="/Users/alfredorubin/Desktop/public/component/src/charts/pie-chart.tsx">
        <metrics statements="10" coveredstatements="10" conditionals="22" coveredconditionals="16" methods="2" coveredmethods="2"/>
        <line num="33" count="16" type="stmt"/>
        <line num="34" count="16" type="cond" truecount="1" falsecount="2"/>
        <line num="35" count="16" type="cond" truecount="1" falsecount="1"/>
        <line num="37" count="16" type="stmt"/>
        <line num="38" count="8" type="cond" truecount="2" falsecount="0"/>
        <line num="39" count="1" type="stmt"/>
        <line num="42" count="7" type="cond" truecount="1" falsecount="1"/>
        <line num="43" count="8" type="cond" truecount="1" falsecount="1"/>
        <line num="45" count="8" type="stmt"/>
        <line num="78" count="16" type="stmt"/>
      </file>
      <file name="single-value-chart.tsx" path="/Users/alfredorubin/Desktop/public/component/src/charts/single-value-chart.tsx">
        <metrics statements="6" coveredstatements="6" conditionals="24" coveredconditionals="24" methods="1" coveredmethods="1"/>
        <line num="40" count="9" type="cond" truecount="2" falsecount="0"/>
        <line num="41" count="1" type="stmt"/>
        <line num="53" count="8" type="cond" truecount="4" falsecount="0"/>
        <line num="56" count="9" type="cond" truecount="2" falsecount="0"/>
        <line num="63" count="9" type="cond" truecount="4" falsecount="0"/>
        <line num="65" count="9" type="stmt"/>
      </file>
    </package>
    <package name="components.composed">
      <metrics statements="512" coveredstatements="462" conditionals="687" coveredconditionals="613" methods="242" coveredmethods="207"/>
      <file name="app-shell.tsx" path="/Users/alfredorubin/Desktop/public/component/src/components/composed/app-shell.tsx">
        <metrics statements="1" coveredstatements="1" conditionals="0" coveredconditionals="0" methods="1" coveredmethods="1"/>
        <line num="12" count="6" type="stmt"/>
      </file>
      <file name="avatar-group.tsx" path="/Users/alfredorubin/Desktop/public/component/src/components/composed/avatar-group.tsx">
        <metrics statements="8" coveredstatements="8" conditionals="8" coveredconditionals="7" methods="4" coveredmethods="4"/>
        <line num="23" count="1" type="stmt"/>
        <line num="30" count="11" type="stmt"/>
        <line num="31" count="11" type="stmt"/>
        <line num="33" count="11" type="stmt"/>
        <line num="34" count="23" type="stmt"/>
        <line num="36" count="46" type="stmt"/>
        <line num="42" count="11" type="stmt"/>
        <line num="46" count="24" type="stmt"/>
      </file>
      <file name="chart-context-menu.tsx" path="/Users/alfredorubin/Desktop/public/component/src/components/composed/chart-context-menu.tsx">
        <metrics statements="3" coveredstatements="3" conditionals="6" coveredconditionals="6" methods="3" coveredmethods="3"/>
        <line num="30" count="5" type="stmt"/>
        <line num="37" count="9" type="stmt"/>
        <line num="40" count="13" type="stmt"/>
      </file>
      <file name="chart-options-panel.tsx" path="/Users/alfredorubin/Desktop/public/component/src/components/composed/chart-options-panel.tsx">
        <metrics statements="30" coveredstatements="28" conditionals="24" coveredconditionals="21" methods="14" coveredmethods="13"/>
        <line num="32" count="42" type="cond" truecount="4" falsecount="1"/>
        <line num="34" count="24" type="stmt"/>
        <line num="42" count="1" type="stmt"/>
        <line num="48" count="6" type="stmt"/>
        <line num="55" count="0" type="stmt"/>
        <line num="62" count="14" type="stmt"/>
        <line num="72" count="2" type="stmt"/>
        <line num="80" count="1" type="stmt"/>
        <line num="87" count="10" type="stmt"/>
        <line num="96" count="1" type="stmt"/>
        <line num="102" count="0" type="stmt"/>
        <line num="112" count="11" type="stmt"/>
        <line num="113" count="11" type="stmt"/>
        <line num="115" count="11" type="stmt"/>
        <line num="116" count="11" type="cond" truecount="2" falsecount="0"/>
        <line num="117" count="1" type="stmt"/>
        <line num="118" count="1" type="stmt"/>
        <line num="120" count="5" type="cond" truecount="3" falsecount="0"/>
        <line num="126" count="11" type="stmt"/>
        <line num="127" count="11" type="stmt"/>
        <line num="128" count="11" type="stmt"/>
        <line num="129" count="42" type="stmt"/>
        <line num="131" count="11" type="stmt"/>
        <line num="135" count="3" type="stmt"/>
        <line num="138" count="11" type="cond" truecount="2" falsecount="0"/>
        <line num="139" count="1" type="stmt"/>
        <line num="146" count="10" type="stmt"/>
        <line num="152" count="1" type="stmt"/>
        <line num="158" count="17" type="stmt"/>
        <line num="163" count="42" type="stmt"/>
      </file>
      <file name="chart-options-schema.ts" path="/Users/alfredorubin/Desktop/public/component/src/components/composed/chart-options-schema.ts">
        <metrics statements="15" coveredstatements="15" conditionals="2" coveredconditionals="2" methods="2" coveredmethods="2"/>
        <line num="11" count="2" type="stmt"/>
        <line num="28" count="2" type="stmt"/>
        <line num="36" count="2" type="stmt"/>
        <line num="42" count="2" type="stmt"/>
        <line num="48" count="2" type="stmt"/>
        <line num="63" count="2" type="stmt"/>
        <line num="82" count="2" type="stmt"/>
        <line num="90" count="2" type="stmt"/>
        <line num="94" count="2" type="stmt"/>
        <line num="106" count="56" type="cond" truecount="2" falsecount="0"/>
        <line num="110" count="12" type="stmt"/>
        <line num="111" count="12" type="stmt"/>
        <line num="112" count="12" type="stmt"/>
        <line num="113" count="42" type="stmt"/>
        <line num="115" count="12" type="stmt"/>
      </file>
      <file name="chart-settings-panel.tsx" path="/Users/alfredorubin/Desktop/public/component/src/components/composed/chart-settings-panel.tsx">
        <metrics statements="4" coveredstatements="4" conditionals="3" coveredconditionals="3" methods="3" coveredmethods="3"/>
        <line num="20" count="5" type="stmt"/>
        <line num="28" count="5" type="stmt"/>
        <line num="33" count="11" type="stmt"/>
        <line num="39" count="11" type="stmt"/>
      </file>
      <file name="chart-type-picker.tsx" path="/Users/alfredorubin/Desktop/public/component/src/components/composed/chart-type-picker.tsx">
        <metrics statements="4" coveredstatements="4" conditionals="7" coveredconditionals="7" methods="3" coveredmethods="3"/>
        <line num="28" count="1" type="stmt"/>
        <line num="45" count="5" type="stmt"/>
        <line num="48" count="34" type="stmt"/>
        <line num="51" count="1" type="stmt"/>
      </file>
      <file name="code-block.tsx" path="/Users/alfredorubin/Desktop/public/component/src/components/composed/code-block.tsx">
        <metrics statements="10" coveredstatements="9" conditionals="15" coveredconditionals="15" methods="4" coveredmethods="4"/>
        <line num="21" count="13" type="stmt"/>
        <line num="23" count="13" type="stmt"/>
        <line num="24" count="3" type="stmt"/>
        <line num="25" count="3" type="stmt"/>
        <line num="26" count="3" type="stmt"/>
        <line num="27" count="3" type="stmt"/>
        <line num="29" count="0" type="stmt"/>
        <line num="33" count="13" type="stmt"/>
        <line num="35" count="13" type="stmt"/>
        <line num="65" count="3" type="stmt"/>
      </file>
      <file name="color-picker.tsx" path="/Users/alfredorubin/Desktop/public/component/src/components/composed/color-picker.tsx">
        <metrics statements="12" coveredstatements="7" conditionals="10" coveredconditionals="6" methods="7" coveredmethods="3"/>
        <line num="20" count="1" type="stmt"/>
        <line num="33" count="3" type="stmt"/>
        <line num="35" count="3" type="stmt"/>
        <line num="36" count="3" type="stmt"/>
        <line num="39" count="3" type="stmt"/>
        <line num="40" count="0" type="cond" truecount="0" falsecount="2"/>
        <line num="41" count="0" type="stmt"/>
        <line num="45" count="3" type="stmt"/>
        <line num="62" count="48" type="stmt"/>
        <line num="70" count="0" type="stmt"/>
        <line num="85" count="0" type="stmt"/>
        <line num="87" count="0" type="cond" truecount="0" falsecount="2"/>
      </file>
      <file name="combobox.tsx" path="/Users/alfredorubin/Desktop/public/component/src/components/composed/combobox.tsx">
        <metrics statements="6" coveredstatements="4" conditionals="9" coveredconditionals="7" methods="4" coveredmethods="3"/>
        <line num="49" count="6" type="stmt"/>
        <line num="51" count="16" type="stmt"/>
        <line num="53" count="6" type="stmt"/>
        <line num="74" count="18" type="stmt"/>
        <line num="79" count="0" type="cond" truecount="0" falsecount="2"/>
        <line num="80" count="0" type="stmt"/>
      </file>
      <file name="confirm-dialog.tsx" path="/Users/alfredorubin/Desktop/public/component/src/components/composed/confirm-dialog.tsx">
        <metrics statements="7" coveredstatements="7" conditionals="7" coveredconditionals="6" methods="3" coveredmethods="3"/>
        <line num="37" count="7" type="stmt"/>
        <line num="38" count="1" type="stmt"/>
        <line num="39" count="1" type="stmt"/>
        <line num="42" count="7" type="stmt"/>
        <line num="43" count="1" type="stmt"/>
        <line num="44" count="1" type="stmt"/>
        <line num="47" count="7" type="stmt"/>
      </file>
      <file name="connection-card.tsx" path="/Users/alfredorubin/Desktop/public/component/src/components/composed/connection-card.tsx">
        <metrics statements="2" coveredstatements="1" conditionals="17" coveredconditionals="15" methods="2" coveredmethods="1"/>
        <line num="40" count="11" type="stmt"/>
        <line num="71" count="0" type="stmt"/>
      </file>
      <file name="connection-form.tsx" path="/Users/alfredorubin/Desktop/public/component/src/components/composed/connection-form.tsx">
        <metrics statements="18" coveredstatements="17" conditionals="15" coveredconditionals="15" methods="10" coveredmethods="9"/>
        <line num="37" count="1" type="stmt"/>
        <line num="81" count="1" type="stmt"/>
        <line num="145" count="17" type="stmt"/>
        <line num="146" count="16" type="stmt"/>
        <line num="147" count="16" type="stmt"/>
        <line num="148" count="38" type="stmt"/>
        <line num="151" count="16" type="stmt"/>
        <line num="154" count="17" type="stmt"/>
        <line num="155" count="1" type="stmt"/>
        <line num="158" count="17" type="stmt"/>
        <line num="159" count="1" type="stmt"/>
        <line num="160" count="1" type="stmt"/>
        <line num="163" count="17" type="stmt"/>
        <line num="167" count="40" type="stmt"/>
        <line num="181" count="0" type="stmt"/>
        <line num="188" count="12" type="stmt"/>
        <line num="199" count="1" type="stmt"/>
        <line num="214" count="1" type="stmt"/>
      </file>
      <file name="connection-status.tsx" path="/Users/alfredorubin/Desktop/public/component/src/components/composed/connection-status.tsx">
        <metrics statements="3" coveredstatements="3" conditionals="0" coveredconditionals="0" methods="1" coveredmethods="1"/>
        <line num="11" count="2" type="stmt"/>
        <line num="19" count="23" type="stmt"/>
        <line num="20" count="23" type="stmt"/>
      </file>
      <file name="controlled-pagination.tsx" path="/Users/alfredorubin/Desktop/public/component/src/components/composed/controlled-pagination.tsx">
        <metrics statements="9" coveredstatements="8" conditionals="7" coveredconditionals="7" methods="7" coveredmethods="6"/>
        <line num="33" count="10" type="stmt"/>
        <line num="34" count="10" type="stmt"/>
        <line num="36" count="10" type="stmt"/>
        <line num="43" count="0" type="stmt"/>
        <line num="50" count="4" type="stmt"/>
        <line num="69" count="1" type="stmt"/>
        <line num="79" count="1" type="stmt"/>
        <line num="89" count="1" type="stmt"/>
        <line num="99" count="1" type="stmt"/>
      </file>
      <file name="copy-button.tsx" path="/Users/alfredorubin/Desktop/public/component/src/components/composed/copy-button.tsx">
        <metrics statements="11" coveredstatements="11" conditionals="4" coveredconditionals="4" methods="3" coveredmethods="3"/>
        <line num="11" count="1" type="stmt"/>
        <line num="13" count="11" type="stmt"/>
        <line num="15" count="11" type="stmt"/>
        <line num="16" count="5" type="stmt"/>
        <line num="17" count="5" type="stmt"/>
        <line num="18" count="4" type="stmt"/>
        <line num="19" count="4" type="stmt"/>
        <line num="20" count="5" type="stmt"/>
        <line num="22" count="1" type="stmt"/>
        <line num="26" count="11" type="stmt"/>
        <line num="46" count="1" type="stmt"/>
      </file>
      <file name="cross-filter-tag.tsx" path="/Users/alfredorubin/Desktop/public/component/src/components/composed/cross-filter-tag.tsx">
        <metrics statements="1" coveredstatements="1" conditionals="2" coveredconditionals="2" methods="1" coveredmethods="1"/>
        <line num="20" count="9" type="stmt"/>
      </file>
      <file name="dashboard-grid.tsx" path="/Users/alfredorubin/Desktop/public/component/src/components/composed/dashboard-grid.tsx">
        <metrics statements="10" coveredstatements="10" conditionals="9" coveredconditionals="7" methods="4" coveredmethods="4"/>
        <line num="28" count="1" type="stmt"/>
        <line num="29" count="1" type="stmt"/>
        <line num="32" count="8" type="cond" truecount="1" falsecount="1"/>
        <line num="33" count="8" type="cond" truecount="1" falsecount="1"/>
        <line num="34" count="8" type="stmt"/>
        <line num="48" count="8" type="stmt"/>
        <line num="50" count="8" type="stmt"/>
        <line num="51" count="4" type="stmt"/>
        <line num="55" count="8" type="stmt"/>
        <line num="67" count="11" type="stmt"/>
      </file>
      <file name="data-grid-column-header.tsx" path="/Users/alfredorubin/Desktop/public/component/src/components/composed/data-grid-column-header.tsx">
        <metrics statements="6" coveredstatements="3" conditionals="8" coveredconditionals="6" methods="4" coveredmethods="1"/>
        <line num="29" count="2" type="cond" truecount="2" falsecount="0"/>
        <line num="30" count="1" type="stmt"/>
        <line num="33" count="1" type="stmt"/>
        <line num="53" count="0" type="stmt"/>
        <line num="57" count="0" type="stmt"/>
        <line num="64" count="0" type="stmt"/>
      </file>
      <file name="data-grid-pagination.tsx" path="/Users/alfredorubin/Desktop/public/component/src/components/composed/data-grid-pagination.tsx">
        <metrics statements="7" coveredstatements="4" conditionals="3" coveredconditionals="2" methods="7" coveredmethods="4"/>
        <line num="26" count="8" type="stmt"/>
        <line num="42" count="0" type="stmt"/>
        <line num="50" count="40" type="stmt"/>
        <line num="65" count="0" type="stmt"/>
        <line num="74" count="1" type="stmt"/>
        <line num="83" count="2" type="stmt"/>
        <line num="92" count="0" type="stmt"/>
      </file>
      <file name="data-grid-row-actions.tsx" path="/Users/alfredorubin/Desktop/public/component/src/components/composed/data-grid-row-actions.tsx">
        <metrics statements="3" coveredstatements="3" conditionals="7" coveredconditionals="4" methods="2" coveredmethods="2"/>
        <line num="25" count="2" type="cond" truecount="2" falsecount="0"/>
        <line num="27" count="1" type="stmt"/>
        <line num="40" count="1" type="stmt"/>
      </file>
      <file name="data-grid-toolbar.tsx" path="/Users/alfredorubin/Desktop/public/component/src/components/composed/data-grid-toolbar.tsx">
        <metrics statements="6" coveredstatements="4" conditionals="9" coveredconditionals="7" methods="4" coveredmethods="2"/>
        <line num="20" count="16" type="stmt"/>
        <line num="21" count="16" type="cond" truecount="1" falsecount="1"/>
        <line num="23" count="16" type="stmt"/>
        <line num="31" count="0" type="stmt"/>
        <line num="39" count="5" type="stmt"/>
        <line num="47" count="0" type="stmt"/>
      </file>
      <file name="data-grid-view-options.tsx" path="/Users/alfredorubin/Desktop/public/component/src/components/composed/data-grid-view-options.tsx">
        <metrics statements="4" coveredstatements="3" conditionals="2" coveredconditionals="2" methods="4" coveredmethods="3"/>
        <line num="20" count="16" type="stmt"/>
        <line num="35" count="47" type="cond" truecount="2" falsecount="0"/>
        <line num="38" count="47" type="stmt"/>
        <line num="42" count="0" type="stmt"/>
      </file>
      <file name="data-grid.tsx" path="/Users/alfredorubin/Desktop/public/component/src/components/composed/data-grid.tsx">
        <metrics statements="27" coveredstatements="25" conditionals="37" coveredconditionals="34" methods="15" coveredmethods="13"/>
        <line num="62" count="42" type="stmt"/>
        <line num="63" count="42" type="stmt"/>
        <line num="64" count="42" type="stmt"/>
        <line num="65" count="42" type="stmt"/>
        <line num="66" count="42" type="stmt"/>
        <line num="68" count="42" type="stmt"/>
        <line num="69" count="27" type="cond" truecount="2" falsecount="0"/>
        <line num="70" count="2" type="stmt"/>
        <line num="73" count="3" type="stmt"/>
        <line num="78" count="0" type="stmt"/>
        <line num="83" count="9" type="stmt"/>
        <line num="85" count="1" type="stmt"/>
        <line num="92" count="2" type="stmt"/>
        <line num="95" count="42" type="stmt"/>
        <line num="123" count="42" type="stmt"/>
        <line num="124" count="28" type="cond" truecount="2" falsecount="0"/>
        <line num="125" count="2" type="stmt"/>
        <line num="127" count="1" type="stmt"/>
        <line num="128" count="2" type="stmt"/>
        <line num="132" count="42" type="stmt"/>
        <line num="139" count="42" type="stmt"/>
        <line num="141" count="110" type="stmt"/>
        <line num="156" count="187" type="stmt"/>
        <line num="160" count="2" type="stmt"/>
        <line num="163" count="405" type="stmt"/>
        <line num="199" count="0" type="stmt"/>
        <line num="206" count="1" type="stmt"/>
      </file>
      <file name="data-source-picker.tsx" path="/Users/alfredorubin/Desktop/public/component/src/components/composed/data-source-picker.tsx">
        <metrics statements="2" coveredstatements="2" conditionals="5" coveredconditionals="5" methods="2" coveredmethods="2"/>
        <line num="32" count="8" type="stmt"/>
        <line num="42" count="21" type="stmt"/>
      </file>
      <file name="date-range-picker.tsx" path="/Users/alfredorubin/Desktop/public/component/src/components/composed/date-range-picker.tsx">
        <metrics statements="16" coveredstatements="15" conditionals="11" coveredconditionals="11" methods="10" coveredmethods="9"/>
        <line num="26" count="1" type="stmt"/>
        <line num="30" count="1" type="stmt"/>
        <line num="31" count="1" type="stmt"/>
        <line num="37" count="1" type="stmt"/>
        <line num="38" count="1" type="stmt"/>
        <line num="43" count="1" type="stmt"/>
        <line num="50" count="0" type="stmt"/>
        <line num="57" count="1" type="stmt"/>
        <line num="64" count="1" type="stmt"/>
        <line num="79" count="23" type="stmt"/>
        <line num="81" count="23" type="stmt"/>
        <line num="82" count="5" type="stmt"/>
        <line num="83" count="5" type="stmt"/>
        <line num="86" count="23" type="stmt"/>
        <line num="117" count="126" type="stmt"/>
        <line num="122" count="5" type="stmt"/>
      </file>
      <file name="empty-state.tsx" path="/Users/alfredorubin/Desktop/public/component/src/components/composed/empty-state.tsx">
        <metrics statements="1" coveredstatements="1" conditionals="6" coveredconditionals="6" methods="1" coveredmethods="1"/>
        <line num="19" count="6" type="stmt"/>
      </file>
      <file name="field-picker.tsx" path="/Users/alfredorubin/Desktop/public/component/src/components/composed/field-picker.tsx">
        <metrics statements="5" coveredstatements="5" conditionals="9" coveredconditionals="9" methods="3" coveredmethods="3"/>
        <line num="18" count="1" type="stmt"/>
        <line num="33" count="6" type="stmt"/>
        <line num="36" count="15" type="stmt"/>
        <line num="37" count="15" type="stmt"/>
        <line num="46" count="2" type="cond" truecount="2" falsecount="0"/>
      </file>
      <file name="filter-bar.tsx" path="/Users/alfredorubin/Desktop/public/component/src/components/composed/filter-bar.tsx">
        <metrics statements="30" coveredstatements="19" conditionals="25" coveredconditionals="13" methods="19" coveredmethods="12"/>
        <line num="42" count="9" type="stmt"/>
        <line num="44" count="9" type="stmt"/>
        <line num="45" count="27" type="cond" truecount="2" falsecount="0"/>
        <line num="47" count="9" type="stmt"/>
        <line num="48" count="0" type="stmt"/>
        <line num="49" count="0" type="stmt"/>
        <line num="52" count="9" type="stmt"/>
        <line num="53" count="1" type="stmt"/>
        <line num="54" count="1" type="stmt"/>
        <line num="55" count="1" type="stmt"/>
        <line num="58" count="9" type="stmt"/>
        <line num="59" count="24" type="cond" truecount="1" falsecount="1"/>
        <line num="62" count="9" type="stmt"/>
        <line num="63" count="12" type="stmt"/>
        <line num="64" count="8" type="cond" truecount="4" falsecount="0"/>
        <line num="65" count="2" type="cond" truecount="1" falsecount="1"/>
        <line num="67" count="6" type="stmt"/>
        <line num="70" count="9" type="stmt"/>
        <line num="73" count="8" type="stmt"/>
        <line num="78" count="1" type="stmt"/>
        <line num="97" count="19" type="stmt"/>
        <line num="119" count="0" type="stmt"/>
        <line num="121" count="0" type="cond" truecount="0" falsecount="4"/>
        <line num="122" count="0" type="stmt"/>
        <line num="125" count="0" type="stmt"/>
        <line num="131" count="0" type="stmt"/>
        <line num="141" count="0" type="stmt"/>
        <line num="148" count="0" type="stmt"/>
        <line num="151" count="0" type="cond" truecount="0" falsecount="4"/>
        <line num="157" count="0" type="cond" truecount="0" falsecount="2"/>
      </file>
      <file name="filter-chip.tsx" path="/Users/alfredorubin/Desktop/public/component/src/components/composed/filter-chip.tsx">
        <metrics statements="1" coveredstatements="1" conditionals="4" coveredconditionals="4" methods="1" coveredmethods="1"/>
        <line num="13" count="5" type="stmt"/>
      </file>
      <file name="graph-legend.tsx" path="/Users/alfredorubin/Desktop/public/component/src/components/composed/graph-legend.tsx">
        <metrics statements="5" coveredstatements="5" conditionals="13" coveredconditionals="13" methods="3" coveredmethods="3"/>
        <line num="23" count="10" type="stmt"/>
        <line num="34" count="30" type="stmt"/>
        <line num="35" count="30" type="stmt"/>
        <line num="37" count="30" type="stmt"/>
        <line num="48" count="2" type="stmt"/>
      </file>
      <file name="grid-item.tsx" path="/Users/alfredorubin/Desktop/public/component/src/components/composed/grid-item.tsx">
        <metrics statements="3" coveredstatements="3" conditionals="0" coveredconditionals="0" methods="1" coveredmethods="1"/>
        <line num="10" count="1" type="stmt"/>
        <line num="12" count="3" type="stmt"/>
        <line num="24" count="1" type="stmt"/>
      </file>
      <file name="input-group.tsx" path="/Users/alfredorubin/Desktop/public/component/src/components/composed/input-group.tsx">
        <metrics statements="7" coveredstatements="7" conditionals="24" coveredconditionals="24" methods="1" coveredmethods="1"/>
        <line num="12" count="1" type="stmt"/>
        <line num="14" count="9" type="cond" truecount="2" falsecount="0"/>
        <line num="15" count="9" type="cond" truecount="2" falsecount="0"/>
        <line num="17" count="9" type="cond" truecount="4" falsecount="0"/>
        <line num="18" count="2" type="stmt"/>
        <line num="21" count="7" type="stmt"/>
        <line num="59" count="1" type="stmt"/>
      </file>
      <file name="json-viewer.tsx" path="/Users/alfredorubin/Desktop/public/component/src/components/composed/json-viewer.tsx">
        <metrics statements="25" coveredstatements="24" conditionals="47" coveredconditionals="43" methods="7" coveredmethods="7"/>
        <line num="14" count="44" type="cond" truecount="2" falsecount="0"/>
        <line num="15" count="42" type="cond" truecount="2" falsecount="0"/>
        <line num="16" count="39" type="stmt"/>
        <line num="20" count="12" type="stmt"/>
        <line num="22" count="12" type="cond" truecount="4" falsecount="1"/>
        <line num="24" count="5" type="stmt"/>
        <line num="26" count="5" type="stmt"/>
        <line num="28" count="1" type="stmt"/>
        <line num="30" count="1" type="stmt"/>
        <line num="32" count="0" type="stmt"/>
        <line num="45" count="32" type="stmt"/>
        <line num="46" count="32" type="cond" truecount="2" falsecount="0"/>
        <line num="49" count="32" type="cond" truecount="2" falsecount="0"/>
        <line num="53" count="32" type="stmt"/>
        <line num="55" count="32" type="cond" truecount="2" falsecount="0"/>
        <line num="56" count="12" type="stmt"/>
        <line num="68" count="20" type="cond" truecount="2" falsecount="0"/>
        <line num="69" count="4" type="stmt"/>
        <line num="71" count="32" type="cond" truecount="2" falsecount="0"/>
        <line num="72" count="32" type="cond" truecount="2" falsecount="0"/>
        <line num="73" count="32" type="stmt"/>
        <line num="75" count="32" type="stmt"/>
        <line num="80" count="1" type="stmt"/>
        <line num="115" count="16" type="stmt"/>
        <line num="139" count="15" type="stmt"/>
      </file>
      <file name="key-value-list.tsx" path="/Users/alfredorubin/Desktop/public/component/src/components/composed/key-value-list.tsx">
        <metrics statements="5" coveredstatements="5" conditionals="3" coveredconditionals="3" methods="3" coveredmethods="3"/>
        <line num="20" count="6" type="cond" truecount="2" falsecount="0"/>
        <line num="21" count="2" type="stmt"/>
        <line num="24" count="6" type="stmt"/>
        <line num="33" count="4" type="stmt"/>
        <line num="36" count="10" type="stmt"/>
      </file>
      <file name="loading-button.tsx" path="/Users/alfredorubin/Desktop/public/component/src/components/composed/loading-button.tsx">
        <metrics statements="3" coveredstatements="3" conditionals="8" coveredconditionals="8" methods="1" coveredmethods="1"/>
        <line num="11" count="2" type="stmt"/>
        <line num="13" count="27" type="stmt"/>
        <line num="26" count="2" type="stmt"/>
      </file>
      <file name="loading-overlay.tsx" path="/Users/alfredorubin/Desktop/public/component/src/components/composed/loading-overlay.tsx">
        <metrics statements="3" coveredstatements="3" conditionals="5" coveredconditionals="5" methods="1" coveredmethods="1"/>
        <line num="18" count="5" type="cond" truecount="2" falsecount="0"/>
        <line num="19" count="1" type="stmt"/>
        <line num="22" count="4" type="stmt"/>
      </file>
      <file name="metric-card.tsx" path="/Users/alfredorubin/Desktop/public/component/src/components/composed/metric-card.tsx">
        <metrics statements="17" coveredstatements="17" conditionals="50" coveredconditionals="45" methods="3" coveredmethods="3"/>
        <line num="31" count="11" type="cond" truecount="2" falsecount="0"/>
        <line num="37" count="11" type="cond" truecount="6" falsecount="0"/>
        <line num="41" count="11" type="cond" truecount="4" falsecount="0"/>
        <line num="43" count="11" type="cond" truecount="4" falsecount="0"/>
        <line num="44" count="11" type="cond" truecount="4" falsecount="0"/>
        <line num="46" count="11" type="stmt"/>
        <line num="82" count="1" type="stmt"/>
        <line num="83" count="1" type="stmt"/>
        <line num="84" count="1" type="stmt"/>
        <line num="85" count="1" type="stmt"/>
        <line num="86" count="1" type="cond" truecount="1" falsecount="1"/>
        <line num="88" count="1" type="stmt"/>
        <line num="89" count="5" type="stmt"/>
        <line num="90" count="5" type="stmt"/>
        <line num="91" count="5" type="stmt"/>
        <line num="94" count="1" type="cond" truecount="2" falsecount="2"/>
        <line num="96" count="1" type="stmt"/>
      </file>
      <file name="multi-select.tsx" path="/Users/alfredorubin/Desktop/public/component/src/components/composed/multi-select.tsx">
        <metrics statements="14" coveredstatements="10" conditionals="15" coveredconditionals="13" methods="10" coveredmethods="7"/>
        <line num="52" count="9" type="stmt"/>
        <line num="54" count="45" type="stmt"/>
        <line num="56" count="9" type="stmt"/>
        <line num="57" count="0" type="cond" truecount="0" falsecount="2"/>
        <line num="58" count="0" type="stmt"/>
        <line num="60" count="0" type="stmt"/>
        <line num="63" count="9" type="stmt"/>
        <line num="64" count="1" type="stmt"/>
        <line num="65" count="2" type="stmt"/>
        <line num="68" count="9" type="stmt"/>
        <line num="88" count="10" type="stmt"/>
        <line num="97" count="1" type="stmt"/>
        <line num="119" count="45" type="stmt"/>
        <line num="123" count="0" type="stmt"/>
      </file>
      <file name="page-header.tsx" path="/Users/alfredorubin/Desktop/public/component/src/components/composed/page-header.tsx">
        <metrics statements="1" coveredstatements="1" conditionals="6" coveredconditionals="6" methods="1" coveredmethods="1"/>
        <line num="19" count="6" type="stmt"/>
      </file>
      <file name="parameter-bar.tsx" path="/Users/alfredorubin/Desktop/public/component/src/components/composed/parameter-bar.tsx">
        <metrics statements="2" coveredstatements="2" conditionals="20" coveredconditionals="19" methods="1" coveredmethods="1"/>
        <line num="24" count="10" type="stmt"/>
        <line num="26" count="10" type="stmt"/>
      </file>
      <file name="password-input.tsx" path="/Users/alfredorubin/Desktop/public/component/src/components/composed/password-input.tsx">
        <metrics statements="5" coveredstatements="5" conditionals="7" coveredconditionals="7" methods="2" coveredmethods="2"/>
        <line num="12" count="1" type="stmt"/>
        <line num="14" count="9" type="stmt"/>
        <line num="16" count="9" type="stmt"/>
        <line num="29" count="3" type="stmt"/>
        <line num="44" count="1" type="stmt"/>
      </file>
      <file name="property-panel.tsx" path="/Users/alfredorubin/Desktop/public/component/src/components/composed/property-panel.tsx">
        <metrics statements="22" coveredstatements="22" conditionals="11" coveredconditionals="9" methods="15" coveredmethods="15"/>
        <line num="37" count="19" type="stmt"/>
        <line num="38" count="19" type="stmt"/>
        <line num="40" count="10" type="stmt"/>
        <line num="43" count="1" type="stmt"/>
        <line num="55" count="18" type="stmt"/>
        <line num="58" count="18" type="stmt"/>
        <line num="89" count="19" type="stmt"/>
        <line num="92" count="28" type="stmt"/>
        <line num="96" count="1" type="stmt"/>
        <line num="112" count="37" type="stmt"/>
        <line num="113" count="37" type="stmt"/>
        <line num="115" count="37" type="stmt"/>
        <line num="116" count="1" type="stmt"/>
        <line num="117" count="1" type="stmt"/>
        <line num="120" count="37" type="stmt"/>
        <line num="121" count="1" type="stmt"/>
        <line num="122" count="1" type="stmt"/>
        <line num="125" count="37" type="stmt"/>
        <line num="132" count="4" type="stmt"/>
        <line num="135" count="3" type="cond" truecount="1" falsecount="1"/>
        <line num="136" count="3" type="cond" truecount="1" falsecount="1"/>
        <line num="155" count="3" type="stmt"/>
      </file>
      <file name="query-editor.tsx" path="/Users/alfredorubin/Desktop/public/component/src/components/composed/query-editor.tsx">
        <metrics statements="23" coveredstatements="18" conditionals="34" coveredconditionals="23" methods="7" coveredmethods="5"/>
        <line num="36" count="19" type="stmt"/>
        <line num="37" count="19" type="stmt"/>
        <line num="38" count="19" type="cond" truecount="2" falsecount="0"/>
        <line num="40" count="19" type="stmt"/>
        <line num="41" count="5" type="stmt"/>
        <line num="42" count="5" type="cond" truecount="1" falsecount="1"/>
        <line num="43" count="5" type="stmt"/>
        <line num="46" count="19" type="stmt"/>
        <line num="47" count="1" type="cond" truecount="3" falsecount="1"/>
        <line num="48" count="1" type="stmt"/>
        <line num="52" count="19" type="stmt"/>
        <line num="53" count="5" type="cond" truecount="3" falsecount="2"/>
        <line num="54" count="0" type="stmt"/>
        <line num="55" count="0" type="stmt"/>
        <line num="59" count="19" type="stmt"/>
        <line num="60" count="0" type="cond" truecount="0" falsecount="2"/>
        <line num="61" count="0" type="stmt"/>
        <line num="64" count="19" type="stmt"/>
        <line num="65" count="1" type="cond" truecount="1" falsecount="1"/>
        <line num="66" count="1" type="stmt"/>
        <line num="67" count="1" type="stmt"/>
        <line num="70" count="19" type="stmt"/>
        <line num="83" count="0" type="stmt"/>
      </file>
      <file name="range-slider.tsx" path="/Users/alfredorubin/Desktop/public/component/src/components/composed/range-slider.tsx">
        <metrics statements="20" coveredstatements="16" conditionals="31" coveredconditionals="24" methods="6" coveredmethods="4"/>
        <line num="36" count="12" type="stmt"/>
        <line num="40" count="12" type="cond" truecount="2" falsecount="0"/>
        <line num="42" count="12" type="stmt"/>
        <line num="43" count="0" type="stmt"/>
        <line num="44" count="0" type="cond" truecount="0" falsecount="2"/>
        <line num="45" count="0" type="stmt"/>
        <line num="48" count="12" type="stmt"/>
        <line num="49" count="3" type="stmt"/>
        <line num="50" count="3" type="cond" truecount="1" falsecount="1"/>
        <line num="51" count="3" type="stmt"/>
        <line num="52" count="3" type="stmt"/>
        <line num="53" count="3" type="stmt"/>
        <line num="55" count="3" type="cond" truecount="3" falsecount="1"/>
        <line num="56" count="3" type="cond" truecount="2" falsecount="2"/>
        <line num="57" count="3" type="cond" truecount="1" falsecount="1"/>
        <line num="58" count="3" type="stmt"/>
        <line num="61" count="12" type="stmt"/>
        <line num="68" count="3" type="stmt"/>
        <line num="90" count="0" type="stmt"/>
        <line num="104" count="3" type="stmt"/>
      </file>
      <file name="refresh-control.tsx" path="/Users/alfredorubin/Desktop/public/component/src/components/composed/refresh-control.tsx">
        <metrics statements="4" coveredstatements="4" conditionals="13" coveredconditionals="13" methods="3" coveredmethods="3"/>
        <line num="29" count="1" type="stmt"/>
        <line num="47" count="11" type="stmt"/>
        <line num="68" count="2" type="stmt"/>
        <line num="79" count="15" type="stmt"/>
      </file>
      <file name="search-input.tsx" path="/Users/alfredorubin/Desktop/public/component/src/components/composed/search-input.tsx">
        <metrics statements="20" coveredstatements="20" conditionals="14" coveredconditionals="13" methods="4" coveredmethods="4"/>
        <line num="15" count="1" type="stmt"/>
        <line num="17" count="24" type="cond" truecount="2" falsecount="0"/>
        <line num="18" count="24" type="cond" truecount="2" falsecount="0"/>
        <line num="20" count="24" type="stmt"/>
        <line num="21" count="13" type="stmt"/>
        <line num="22" count="13" type="cond" truecount="1" falsecount="1"/>
        <line num="23" count="13" type="stmt"/>
        <line num="25" count="13" type="stmt"/>
        <line num="28" count="24" type="stmt"/>
        <line num="29" count="3" type="cond" truecount="2" falsecount="0"/>
        <line num="30" count="1" type="stmt"/>
        <line num="32" count="3" type="stmt"/>
        <line num="33" count="3" type="stmt"/>
        <line num="36" count="24" type="stmt"/>
        <line num="37" count="16" type="cond" truecount="2" falsecount="0"/>
        <line num="38" count="1" type="stmt"/>
        <line num="40" count="16" type="cond" truecount="2" falsecount="0"/>
        <line num="41" count="2" type="stmt"/>
        <line num="45" count="24" type="stmt"/>
        <line num="73" count="1" type="stmt"/>
      </file>
      <file name="sidebar-item.tsx" path="/Users/alfredorubin/Desktop/public/component/src/components/composed/sidebar-item.tsx">
        <metrics statements="4" coveredstatements="4" conditionals="14" coveredconditionals="14" methods="1" coveredmethods="1"/>
        <line num="31" count="7" type="stmt"/>
        <line num="56" count="7" type="cond" truecount="2" falsecount="0"/>
        <line num="57" count="2" type="stmt"/>
        <line num="67" count="5" type="stmt"/>
      </file>
      <file name="sidebar.tsx" path="/Users/alfredorubin/Desktop/public/component/src/components/composed/sidebar.tsx">
        <metrics statements="2" coveredstatements="2" conditionals="15" coveredconditionals="15" methods="2" coveredmethods="2"/>
        <line num="27" count="9" type="stmt"/>
        <line num="54" count="1" type="stmt"/>
      </file>
      <file name="stat-card.tsx" path="/Users/alfredorubin/Desktop/public/component/src/components/composed/stat-card.tsx">
        <metrics statements="11" coveredstatements="11" conditionals="23" coveredconditionals="21" methods="3" coveredmethods="3"/>
        <line num="26" count="10" type="stmt"/>
        <line num="27" count="6" type="cond" truecount="1" falsecount="1"/>
        <line num="28" count="6" type="cond" truecount="2" falsecount="0"/>
        <line num="29" count="3" type="cond" truecount="2" falsecount="0"/>
        <line num="30" count="1" type="stmt"/>
        <line num="33" count="10" type="stmt"/>
        <line num="34" count="6" type="cond" truecount="1" falsecount="1"/>
        <line num="35" count="6" type="cond" truecount="2" falsecount="0"/>
        <line num="36" count="3" type="cond" truecount="2" falsecount="0"/>
        <line num="37" count="1" type="stmt"/>
        <line num="40" count="10" type="stmt"/>
      </file>
      <file name="status-dot.tsx" path="/Users/alfredorubin/Desktop/public/component/src/components/composed/status-dot.tsx">
        <metrics statements="2" coveredstatements="2" conditionals="2" coveredconditionals="2" methods="1" coveredmethods="1"/>
        <line num="5" count="1" type="stmt"/>
        <line num="48" count="8" type="stmt"/>
      </file>
      <file name="time-ago.tsx" path="/Users/alfredorubin/Desktop/public/component/src/components/composed/time-ago.tsx">
        <metrics statements="29" coveredstatements="29" conditionals="17" coveredconditionals="17" methods="8" coveredmethods="8"/>
        <line num="17" count="17" type="stmt"/>
        <line num="18" count="17" type="stmt"/>
        <line num="19" count="17" type="stmt"/>
        <line num="20" count="17" type="stmt"/>
        <line num="21" count="17" type="stmt"/>
        <line num="22" count="17" type="stmt"/>
        <line num="23" count="17" type="stmt"/>
        <line num="24" count="17" type="stmt"/>
        <line num="25" count="17" type="stmt"/>
        <line num="27" count="17" type="cond" truecount="2" falsecount="0"/>
        <line num="28" count="16" type="cond" truecount="2" falsecount="0"/>
        <line num="29" count="5" type="cond" truecount="2" falsecount="0"/>
        <line num="30" count="4" type="cond" truecount="2" falsecount="0"/>
        <line num="31" count="3" type="cond" truecount="2" falsecount="0"/>
        <line num="32" count="2" type="cond" truecount="2" falsecount="0"/>
        <line num="33" count="1" type="stmt"/>
        <line num="37" count="1" type="stmt"/>
        <line num="48" count="13" type="stmt"/>
        <line num="49" count="12" type="cond" truecount="2" falsecount="0"/>
        <line num="50" count="2" type="stmt"/>
        <line num="53" count="13" type="stmt"/>
        <line num="55" count="13" type="stmt"/>
        <line num="56" count="12" type="stmt"/>
        <line num="57" count="5" type="stmt"/>
        <line num="60" count="12" type="stmt"/>
        <line num="64" count="13" type="stmt"/>
        <line num="69" count="13" type="cond" truecount="2" falsecount="0"/>
        <line num="70" count="12" type="stmt"/>
        <line num="73" count="1" type="stmt"/>
      </file>
      <file name="toolbar.tsx" path="/Users/alfredorubin/Desktop/public/component/src/components/composed/toolbar.tsx">
        <metrics statements="3" coveredstatements="3" conditionals="0" coveredconditionals="0" methods="3" coveredmethods="3"/>
        <line num="11" count="2" type="stmt"/>
        <line num="29" count="2" type="stmt"/>
        <line num="37" count="1" type="stmt"/>
      </file>
      <file name="truncated-text.tsx" path="/Users/alfredorubin/Desktop/public/component/src/components/composed/truncated-text.tsx">
        <metrics statements="11" coveredstatements="11" conditionals="13" coveredconditionals="12" methods="2" coveredmethods="2"/>
        <line num="23" count="8" type="stmt"/>
        <line num="24" count="8" type="stmt"/>
        <line num="26" count="8" type="stmt"/>
        <line num="27" count="8" type="stmt"/>
        <line num="28" count="8" type="cond" truecount="1" falsecount="1"/>
        <line num="29" count="8" type="stmt"/>
        <line num="33" count="8" type="cond" truecount="4" falsecount="0"/>
        <line num="37" count="8" type="cond" truecount="4" falsecount="0"/>
        <line num="39" count="8" type="cond" truecount="2" falsecount="0"/>
        <line num="40" count="6" type="stmt"/>
        <line num="47" count="2" type="stmt"/>
      </file>
      <file name="vertical-tabs.tsx" path="/Users/alfredorubin/Desktop/public/component/src/components/composed/vertical-tabs.tsx">
        <metrics statements="5" coveredstatements="5" conditionals="11" coveredconditionals="11" methods="3" coveredmethods="3"/>
        <line num="30" count="9" type="cond" truecount="2" falsecount="0"/>
        <line num="31" count="9" type="stmt"/>
        <line num="33" count="9" type="stmt"/>
        <line num="50" count="27" type="stmt"/>
        <line num="65" count="27" type="stmt"/>
      </file>
      <file name="widget-card.tsx" path="/Users/alfredorubin/Desktop/public/component/src/components/composed/widget-card.tsx">
        <metrics statements="4" coveredstatements="4" conditionals="20" coveredconditionals="20" methods="2" coveredmethods="2"/>
        <line num="34" count="1" type="stmt"/>
        <line num="50" count="12" type="stmt"/>
        <line num="91" count="3" type="stmt"/>
        <line num="118" count="1" type="stmt"/>
      </file>
    </package>
    <package name="components.ui">
      <metrics statements="290" coveredstatements="251" conditionals="43" coveredconditionals="24" methods="88" coveredmethods="50"/>
      <file name="accordion.tsx" path="/Users/alfredorubin/Desktop/public/component/src/components/ui/accordion.tsx">
        <metrics statements="10" coveredstatements="10" conditionals="0" coveredconditionals="0" methods="3" coveredmethods="3"/>
        <line num="9" count="1" type="stmt"/>
        <line num="11" count="1" type="stmt"/>
        <line num="15" count="18" type="stmt"/>
        <line num="21" count="1" type="stmt"/>
        <line num="23" count="1" type="stmt"/>
        <line num="27" count="18" type="stmt"/>
        <line num="41" count="1" type="stmt"/>
        <line num="43" count="1" type="stmt"/>
        <line num="47" count="18" type="stmt"/>
        <line num="55" count="1" type="stmt"/>
      </file>
      <file name="alert-dialog.tsx" path="/Users/alfredorubin/Desktop/public/component/src/components/ui/alert-dialog.tsx">
        <metrics statements="27" coveredstatements="27" conditionals="0" coveredconditionals="0" methods="8" coveredmethods="8"/>
        <line num="7" count="1" type="stmt"/>
        <line num="9" count="1" type="stmt"/>
        <line num="11" count="1" type="stmt"/>
        <line num="13" count="1" type="stmt"/>
        <line num="17" count="12" type="stmt"/>
        <line num="26" count="1" type="stmt"/>
        <line num="28" count="1" type="stmt"/>
        <line num="32" count="7" type="stmt"/>
        <line num="44" count="1" type="stmt"/>
        <line num="46" count="1" type="stmt"/>
        <line num="50" count="6" type="stmt"/>
        <line num="58" count="1" type="stmt"/>
        <line num="60" count="1" type="stmt"/>
        <line num="64" count="6" type="stmt"/>
        <line num="72" count="1" type="stmt"/>
        <line num="74" count="1" type="stmt"/>
        <line num="78" count="6" type="stmt"/>
        <line num="84" count="1" type="stmt"/>
        <line num="86" count="1" type="stmt"/>
        <line num="90" count="1" type="stmt"/>
        <line num="96" count="1" type="stmt"/>
        <line num="99" count="1" type="stmt"/>
        <line num="103" count="6" type="stmt"/>
        <line num="109" count="1" type="stmt"/>
        <line num="111" count="1" type="stmt"/>
        <line num="115" count="6" type="stmt"/>
        <line num="125" count="1" type="stmt"/>
      </file>
      <file name="avatar.tsx" path="/Users/alfredorubin/Desktop/public/component/src/components/ui/avatar.tsx">
        <metrics statements="9" coveredstatements="8" conditionals="0" coveredconditionals="0" methods="3" coveredmethods="2"/>
        <line num="6" count="1" type="stmt"/>
        <line num="10" count="56" type="stmt"/>
        <line num="19" count="1" type="stmt"/>
        <line num="21" count="1" type="stmt"/>
        <line num="25" count="0" type="stmt"/>
        <line num="31" count="1" type="stmt"/>
        <line num="33" count="1" type="stmt"/>
        <line num="37" count="28" type="stmt"/>
        <line num="46" count="1" type="stmt"/>
      </file>
      <file name="badge.tsx" path="/Users/alfredorubin/Desktop/public/component/src/components/ui/badge.tsx">
        <metrics statements="2" coveredstatements="2" conditionals="0" coveredconditionals="0" methods="1" coveredmethods="1"/>
        <line num="6" count="8" type="stmt"/>
        <line num="31" count="73" type="stmt"/>
      </file>
      <file name="button.tsx" path="/Users/alfredorubin/Desktop/public/component/src/components/ui/button.tsx">
        <metrics statements="5" coveredstatements="5" conditionals="3" coveredconditionals="2" methods="1" coveredmethods="1"/>
        <line num="7" count="25" type="stmt"/>
        <line num="43" count="25" type="stmt"/>
        <line num="45" count="1757" type="cond" truecount="1" falsecount="1"/>
        <line num="46" count="1757" type="stmt"/>
        <line num="55" count="25" type="stmt"/>
      </file>
      <file name="calendar.tsx" path="/Users/alfredorubin/Desktop/public/component/src/components/ui/calendar.tsx">
        <metrics statements="15" coveredstatements="12" conditionals="15" coveredconditionals="9" methods="7" coveredmethods="5"/>
        <line num="26" count="12" type="stmt"/>
        <line num="28" count="12" type="stmt"/>
        <line num="40" count="0" type="stmt"/>
        <line num="129" count="19" type="stmt"/>
        <line num="139" count="38" type="cond" truecount="2" falsecount="0"/>
        <line num="140" count="19" type="stmt"/>
        <line num="145" count="19" type="cond" truecount="1" falsecount="1"/>
        <line num="146" count="19" type="stmt"/>
        <line num="154" count="0" type="stmt"/>
        <line num="160" count="0" type="stmt"/>
        <line num="181" count="1330" type="stmt"/>
        <line num="183" count="1330" type="stmt"/>
        <line num="184" count="1330" type="stmt"/>
        <line num="185" count="840" type="cond" truecount="1" falsecount="1"/>
        <line num="188" count="1330" type="stmt"/>
      </file>
      <file name="card.tsx" path="/Users/alfredorubin/Desktop/public/component/src/components/ui/card.tsx">
        <metrics statements="18" coveredstatements="16" conditionals="0" coveredconditionals="0" methods="6" coveredmethods="4"/>
        <line num="5" count="5" type="stmt"/>
        <line num="9" count="53" type="stmt"/>
        <line num="18" count="5" type="stmt"/>
        <line num="20" count="5" type="stmt"/>
        <line num="24" count="31" type="stmt"/>
        <line num="30" count="5" type="stmt"/>
        <line num="32" count="5" type="stmt"/>
        <line num="36" count="22" type="stmt"/>
        <line num="42" count="5" type="stmt"/>
        <line num="44" count="5" type="stmt"/>
        <line num="48" count="0" type="stmt"/>
        <line num="54" count="5" type="stmt"/>
        <line num="56" count="5" type="stmt"/>
        <line num="60" count="53" type="stmt"/>
        <line num="62" count="5" type="stmt"/>
        <line num="64" count="5" type="stmt"/>
        <line num="68" count="0" type="stmt"/>
        <line num="74" count="5" type="stmt"/>
      </file>
      <file name="checkbox.tsx" path="/Users/alfredorubin/Desktop/public/component/src/components/ui/checkbox.tsx">
        <metrics statements="3" coveredstatements="3" conditionals="0" coveredconditionals="0" methods="1" coveredmethods="1"/>
        <line num="9" count="5" type="stmt"/>
        <line num="13" count="12" type="stmt"/>
        <line num="28" count="5" type="stmt"/>
      </file>
      <file name="command.tsx" path="/Users/alfredorubin/Desktop/public/component/src/components/ui/command.tsx">
        <metrics statements="26" coveredstatements="17" conditionals="0" coveredconditionals="0" methods="9" coveredmethods="0"/>
        <line num="9" count="2" type="stmt"/>
        <line num="13" count="0" type="stmt"/>
        <line num="22" count="2" type="stmt"/>
        <line num="24" count="2" type="stmt"/>
        <line num="25" count="0" type="stmt"/>
        <line num="36" count="2" type="stmt"/>
        <line num="40" count="0" type="stmt"/>
        <line num="53" count="2" type="stmt"/>
        <line num="55" count="2" type="stmt"/>
        <line num="59" count="0" type="stmt"/>
        <line num="66" count="2" type="stmt"/>
        <line num="68" count="2" type="stmt"/>
        <line num="72" count="0" type="stmt"/>
        <line num="79" count="2" type="stmt"/>
        <line num="81" count="2" type="stmt"/>
        <line num="85" count="0" type="stmt"/>
        <line num="95" count="2" type="stmt"/>
        <line num="97" count="2" type="stmt"/>
        <line num="101" count="0" type="stmt"/>
        <line num="107" count="2" type="stmt"/>
        <line num="109" count="2" type="stmt"/>
        <line num="113" count="0" type="stmt"/>
        <line num="123" count="2" type="stmt"/>
        <line num="125" count="2" type="stmt"/>
        <line num="129" count="0" type="stmt"/>
        <line num="139" count="2" type="stmt"/>
      </file>
      <file name="context-menu.tsx" path="/Users/alfredorubin/Desktop/public/component/src/components/ui/context-menu.tsx">
        <metrics statements="33" coveredstatements="27" conditionals="6" coveredconditionals="1" methods="9" coveredmethods="3"/>
        <line num="7" count="1" type="stmt"/>
        <line num="9" count="1" type="stmt"/>
        <line num="11" count="1" type="stmt"/>
        <line num="13" count="1" type="stmt"/>
        <line num="15" count="1" type="stmt"/>
        <line num="17" count="1" type="stmt"/>
        <line num="19" count="1" type="stmt"/>
        <line num="25" count="0" type="stmt"/>
        <line num="38" count="1" type="stmt"/>
        <line num="40" count="1" type="stmt"/>
        <line num="44" count="0" type="stmt"/>
        <line num="53" count="1" type="stmt"/>
        <line num="55" count="1" type="stmt"/>
        <line num="59" count="5" type="stmt"/>
        <line num="70" count="1" type="stmt"/>
        <line num="72" count="1" type="stmt"/>
        <line num="78" count="7" type="stmt"/>
        <line num="88" count="1" type="stmt"/>
        <line num="90" count="1" type="stmt"/>
        <line num="94" count="0" type="stmt"/>
        <line num="111" count="1" type="stmt"/>
        <line num="114" count="1" type="stmt"/>
        <line num="118" count="0" type="stmt"/>
        <line num="134" count="1" type="stmt"/>
        <line num="136" count="1" type="stmt"/>
        <line num="142" count="0" type="stmt"/>
        <line num="152" count="1" type="stmt"/>
        <line num="154" count="1" type="stmt"/>
        <line num="158" count="2" type="stmt"/>
        <line num="164" count="1" type="stmt"/>
        <line num="166" count="1" type="stmt"/>
        <line num="170" count="0" type="stmt"/>
        <line num="180" count="1" type="stmt"/>
      </file>
      <file name="dialog.tsx" path="/Users/alfredorubin/Desktop/public/component/src/components/ui/dialog.tsx">
        <metrics statements="23" coveredstatements="17" conditionals="0" coveredconditionals="0" methods="6" coveredmethods="0"/>
        <line num="8" count="2" type="stmt"/>
        <line num="26" count="2" type="stmt"/>
        <line num="28" count="2" type="stmt"/>
        <line num="30" count="2" type="stmt"/>
        <line num="32" count="2" type="stmt"/>
        <line num="34" count="2" type="stmt"/>
        <line num="38" count="0" type="stmt"/>
        <line num="47" count="2" type="stmt"/>
        <line num="49" count="2" type="stmt"/>
        <line num="54" count="0" type="stmt"/>
        <line num="69" count="2" type="stmt"/>
        <line num="71" count="2" type="stmt"/>
        <line num="75" count="0" type="stmt"/>
        <line num="83" count="2" type="stmt"/>
        <line num="85" count="2" type="stmt"/>
        <line num="89" count="0" type="stmt"/>
        <line num="97" count="2" type="stmt"/>
        <line num="99" count="2" type="stmt"/>
        <line num="103" count="0" type="stmt"/>
        <line num="112" count="2" type="stmt"/>
        <line num="114" count="2" type="stmt"/>
        <line num="118" count="0" type="stmt"/>
        <line num="124" count="2" type="stmt"/>
      </file>
      <file name="dropdown-menu.tsx" path="/Users/alfredorubin/Desktop/public/component/src/components/ui/dropdown-menu.tsx">
        <metrics statements="33" coveredstatements="25" conditionals="7" coveredconditionals="1" methods="9" coveredmethods="1"/>
        <line num="9" count="6" type="stmt"/>
        <line num="11" count="6" type="stmt"/>
        <line num="13" count="6" type="stmt"/>
        <line num="15" count="6" type="stmt"/>
        <line num="17" count="6" type="stmt"/>
        <line num="19" count="6" type="stmt"/>
        <line num="21" count="6" type="stmt"/>
        <line num="27" count="0" type="stmt"/>
        <line num="40" count="6" type="stmt"/>
        <line num="43" count="6" type="stmt"/>
        <line num="47" count="0" type="stmt"/>
        <line num="56" count="6" type="stmt"/>
        <line num="59" count="6" type="stmt"/>
        <line num="63" count="21" type="stmt"/>
        <line num="76" count="6" type="stmt"/>
        <line num="78" count="6" type="stmt"/>
        <line num="84" count="0" type="stmt"/>
        <line num="94" count="6" type="stmt"/>
        <line num="96" count="6" type="stmt"/>
        <line num="100" count="0" type="stmt"/>
        <line num="117" count="6" type="stmt"/>
        <line num="120" count="6" type="stmt"/>
        <line num="124" count="0" type="stmt"/>
        <line num="140" count="6" type="stmt"/>
        <line num="142" count="6" type="stmt"/>
        <line num="148" count="0" type="stmt"/>
        <line num="158" count="6" type="stmt"/>
        <line num="160" count="6" type="stmt"/>
        <line num="164" count="0" type="stmt"/>
        <line num="170" count="6" type="stmt"/>
        <line num="172" count="6" type="stmt"/>
        <line num="176" count="0" type="stmt"/>
        <line num="183" count="6" type="stmt"/>
      </file>
      <file name="input.tsx" path="/Users/alfredorubin/Desktop/public/component/src/components/ui/input.tsx">
        <metrics statements="3" coveredstatements="3" conditionals="0" coveredconditionals="0" methods="1" coveredmethods="1"/>
        <line num="5" count="11" type="stmt"/>
        <line num="7" count="133" type="stmt"/>
        <line num="20" count="11" type="stmt"/>
      </file>
      <file name="label.tsx" path="/Users/alfredorubin/Desktop/public/component/src/components/ui/label.tsx">
        <metrics statements="4" coveredstatements="4" conditionals="0" coveredconditionals="0" methods="1" coveredmethods="1"/>
        <line num="7" count="3" type="stmt"/>
        <line num="11" count="3" type="stmt"/>
        <line num="16" count="82" type="stmt"/>
        <line num="22" count="3" type="stmt"/>
      </file>
      <file name="popover.tsx" path="/Users/alfredorubin/Desktop/public/component/src/components/ui/popover.tsx">
        <metrics statements="6" coveredstatements="6" conditionals="2" coveredconditionals="2" methods="1" coveredmethods="1"/>
        <line num="6" count="5" type="stmt"/>
        <line num="8" count="5" type="stmt"/>
        <line num="10" count="5" type="stmt"/>
        <line num="12" count="5" type="stmt"/>
        <line num="16" count="50" type="stmt"/>
        <line num="29" count="5" type="stmt"/>
      </file>
      <file name="select.tsx" path="/Users/alfredorubin/Desktop/public/component/src/components/ui/select.tsx">
        <metrics statements="24" coveredstatements="22" conditionals="5" coveredconditionals="5" methods="7" coveredmethods="5"/>
        <line num="7" count="8" type="stmt"/>
        <line num="9" count="8" type="stmt"/>
        <line num="11" count="8" type="stmt"/>
        <line num="13" count="8" type="stmt"/>
        <line num="17" count="29" type="stmt"/>
        <line num="31" count="8" type="stmt"/>
        <line num="33" count="8" type="stmt"/>
        <line num="37" count="34" type="stmt"/>
        <line num="48" count="8" type="stmt"/>
        <line num="50" count="8" type="stmt"/>
        <line num="54" count="34" type="stmt"/>
        <line num="65" count="8" type="stmt"/>
        <line num="68" count="8" type="stmt"/>
        <line num="72" count="29" type="stmt"/>
        <line num="98" count="8" type="stmt"/>
        <line num="100" count="8" type="stmt"/>
        <line num="104" count="0" type="stmt"/>
        <line num="110" count="8" type="stmt"/>
        <line num="112" count="8" type="stmt"/>
        <line num="116" count="118" type="stmt"/>
        <line num="132" count="8" type="stmt"/>
        <line num="134" count="8" type="stmt"/>
        <line num="138" count="0" type="stmt"/>
        <line num="144" count="8" type="stmt"/>
      </file>
      <file name="separator.tsx" path="/Users/alfredorubin/Desktop/public/component/src/components/ui/separator.tsx">
        <metrics statements="3" coveredstatements="3" conditionals="4" coveredconditionals="3" methods="1" coveredmethods="1"/>
        <line num="8" count="1" type="stmt"/>
        <line num="16" count="1" type="stmt"/>
        <line num="29" count="1" type="stmt"/>
      </file>
      <file name="slider.tsx" path="/Users/alfredorubin/Desktop/public/component/src/components/ui/slider.tsx">
        <metrics statements="3" coveredstatements="3" conditionals="0" coveredconditionals="0" methods="1" coveredmethods="1"/>
        <line num="6" count="1" type="stmt"/>
        <line num="10" count="12" type="stmt"/>
        <line num="24" count="1" type="stmt"/>
      </file>
      <file name="switch.tsx" path="/Users/alfredorubin/Desktop/public/component/src/components/ui/switch.tsx">
        <metrics statements="3" coveredstatements="3" conditionals="0" coveredconditionals="0" methods="1" coveredmethods="1"/>
        <line num="8" count="1" type="stmt"/>
        <line num="12" count="24" type="stmt"/>
        <line num="27" count="1" type="stmt"/>
      </file>
      <file name="table.tsx" path="/Users/alfredorubin/Desktop/public/component/src/components/ui/table.tsx">
        <metrics statements="24" coveredstatements="22" conditionals="0" coveredconditionals="0" methods="8" coveredmethods="6"/>
        <line num="5" count="5" type="stmt"/>
        <line num="9" count="42" type="stmt"/>
        <line num="17" count="5" type="stmt"/>
        <line num="19" count="5" type="stmt"/>
        <line num="23" count="42" type="stmt"/>
        <line num="25" count="5" type="stmt"/>
        <line num="27" count="5" type="stmt"/>
        <line num="31" count="42" type="stmt"/>
        <line num="37" count="5" type="stmt"/>
        <line num="39" count="5" type="stmt"/>
        <line num="43" count="0" type="stmt"/>
        <line num="52" count="5" type="stmt"/>
        <line num="54" count="5" type="stmt"/>
        <line num="58" count="230" type="stmt"/>
        <line num="67" count="5" type="stmt"/>
        <line num="69" count="5" type="stmt"/>
        <line num="73" count="110" type="stmt"/>
        <line num="82" count="5" type="stmt"/>
        <line num="84" count="5" type="stmt"/>
        <line num="88" count="406" type="stmt"/>
        <line num="97" count="5" type="stmt"/>
        <line num="99" count="5" type="stmt"/>
        <line num="103" count="0" type="stmt"/>
        <line num="109" count="5" type="stmt"/>
      </file>
      <file name="tabs.tsx" path="/Users/alfredorubin/Desktop/public/component/src/components/ui/tabs.tsx">
        <metrics statements="10" coveredstatements="10" conditionals="0" coveredconditionals="0" methods="3" coveredmethods="3"/>
        <line num="6" count="2" type="stmt"/>
        <line num="8" count="2" type="stmt"/>
        <line num="12" count="14" type="stmt"/>
        <line num="21" count="2" type="stmt"/>
        <line num="23" count="2" type="stmt"/>
        <line num="27" count="38" type="stmt"/>
        <line num="36" count="2" type="stmt"/>
        <line num="38" count="2" type="stmt"/>
        <line num="42" count="38" type="stmt"/>
        <line num="51" count="2" type="stmt"/>
      </file>
      <file name="tooltip.tsx" path="/Users/alfredorubin/Desktop/public/component/src/components/ui/tooltip.tsx">
        <metrics statements="6" coveredstatements="6" conditionals="1" coveredconditionals="1" methods="1" coveredmethods="1"/>
        <line num="8" count="4" type="stmt"/>
        <line num="10" count="4" type="stmt"/>
        <line num="12" count="4" type="stmt"/>
        <line num="14" count="4" type="stmt"/>
        <line num="18" count="33" type="stmt"/>
        <line num="30" count="4" type="stmt"/>
      </file>
    </package>
    <package name="hooks">
      <metrics statements="122" coveredstatements="116" conditionals="46" coveredconditionals="38" methods="18" coveredmethods="17"/>
      <file name="useContainerSize.ts" path="/Users/alfredorubin/Desktop/public/component/src/hooks/useContainerSize.ts">
        <metrics statements="19" coveredstatements="14" conditionals="8" coveredconditionals="5" methods="5" coveredmethods="4"/>
        <line num="14" count="60" type="stmt"/>
        <line num="15" count="60" type="stmt"/>
        <line num="17" count="60" type="stmt"/>
        <line num="18" count="60" type="cond" truecount="2" falsecount="0"/>
        <line num="19" count="30" type="stmt"/>
        <line num="20" count="30" type="stmt"/>
        <line num="23" count="60" type="cond" truecount="2" falsecount="0"/>
        <line num="24" count="30" type="stmt"/>
        <line num="26" count="30" type="stmt"/>
        <line num="27" count="0" type="stmt"/>
        <line num="28" count="0" type="cond" truecount="0" falsecount="2"/>
        <line num="29" count="0" type="stmt"/>
        <line num="30" count="0" type="stmt"/>
        <line num="33" count="30" type="stmt"/>
        <line num="37" count="60" type="stmt"/>
        <line num="38" count="30" type="stmt"/>
        <line num="39" count="30" type="cond" truecount="1" falsecount="1"/>
        <line num="40" count="0" type="stmt"/>
        <line num="45" count="60" type="stmt"/>
      </file>
      <file name="useGraphExploration.ts" path="/Users/alfredorubin/Desktop/public/component/src/hooks/useGraphExploration.ts">
        <metrics statements="103" coveredstatements="102" conditionals="38" coveredconditionals="33" methods="13" coveredmethods="13"/>
        <line num="51" count="74" type="stmt"/>
        <line num="70" count="25" type="stmt"/>
        <line num="71" count="25" type="stmt"/>
        <line num="72" count="25" type="stmt"/>
        <line num="73" count="25" type="stmt"/>
        <line num="76" count="25" type="stmt"/>
        <line num="77" count="47" type="stmt"/>
        <line num="78" count="47" type="stmt"/>
        <line num="80" count="25" type="stmt"/>
        <line num="81" count="22" type="stmt"/>
        <line num="82" count="22" type="cond" truecount="1" falsecount="1"/>
        <line num="83" count="22" type="stmt"/>
        <line num="84" count="22" type="stmt"/>
        <line num="90" count="25" type="stmt"/>
        <line num="91" count="25" type="stmt"/>
        <line num="92" count="45" type="stmt"/>
        <line num="93" count="45" type="stmt"/>
        <line num="94" count="45" type="cond" truecount="2" falsecount="0"/>
        <line num="96" count="44" type="stmt"/>
        <line num="97" count="44" type="stmt"/>
        <line num="98" count="50" type="cond" truecount="2" falsecount="0"/>
        <line num="99" count="23" type="stmt"/>
        <line num="100" count="23" type="stmt"/>
        <line num="101" count="23" type="stmt"/>
        <line num="103" count="27" type="stmt"/>
        <line num="104" count="27" type="cond" truecount="1" falsecount="1"/>
        <line num="105" count="0" type="stmt"/>
        <line num="109" count="44" type="stmt"/>
        <line num="110" count="52" type="stmt"/>
        <line num="111" count="52" type="cond" truecount="2" falsecount="0"/>
        <line num="112" count="25" type="stmt"/>
        <line num="113" count="25" type="stmt"/>
        <line num="114" count="25" type="stmt"/>
        <line num="121" count="25" type="stmt"/>
        <line num="122" count="47" type="cond" truecount="2" falsecount="0"/>
        <line num="126" count="25" type="stmt"/>
        <line num="127" count="25" type="stmt"/>
        <line num="128" count="23" type="cond" truecount="2" falsecount="0"/>
        <line num="129" count="22" type="stmt"/>
        <line num="133" count="25" type="stmt"/>
        <line num="147" count="51" type="stmt"/>
        <line num="148" count="51" type="stmt"/>
        <line num="149" count="51" type="stmt"/>
        <line num="150" count="51" type="stmt"/>
        <line num="151" count="51" type="stmt"/>
        <line num="153" count="51" type="stmt"/>
        <line num="154" count="51" type="stmt"/>
        <line num="155" count="51" type="stmt"/>
        <line num="156" count="51" type="stmt"/>
        <line num="157" count="51" type="stmt"/>
        <line num="158" count="51" type="stmt"/>
        <line num="159" count="51" type="stmt"/>
        <line num="162" count="51" type="cond" truecount="2" falsecount="0"/>
        <line num="163" count="19" type="stmt"/>
        <line num="164" count="37" type="stmt"/>
        <line num="169" count="51" type="stmt"/>
        <line num="170" count="25" type="stmt"/>
        <line num="176" count="25" type="stmt"/>
        <line num="177" count="25" type="stmt"/>
        <line num="178" count="25" type="stmt"/>
        <line num="181" count="25" type="stmt"/>
        <line num="182" count="23" type="cond" truecount="2" falsecount="0"/>
        <line num="183" count="1" type="stmt"/>
        <line num="186" count="25" type="stmt"/>
        <line num="189" count="70" type="stmt"/>
        <line num="190" count="25" type="stmt"/>
        <line num="191" count="25" type="stmt"/>
        <line num="192" count="25" type="cond" truecount="2" falsecount="0"/>
        <line num="196" count="51" type="stmt"/>
        <line num="198" count="22" type="cond" truecount="2" falsecount="0"/>
        <line num="199" count="21" type="cond" truecount="2" falsecount="0"/>
        <line num="201" count="20" type="cond" truecount="1" falsecount="1"/>
        <line num="202" count="22" type="cond" truecount="4" falsecount="0"/>
        <line num="204" count="19" type="stmt"/>
        <line num="205" count="19" type="stmt"/>
        <line num="206" count="19" type="stmt"/>
        <line num="207" count="19" type="stmt"/>
        <line num="208" count="19" type="stmt"/>
        <line num="212" count="19" type="stmt"/>
        <line num="214" count="19" type="stmt"/>
        <line num="215" count="19" type="stmt"/>
        <line num="221" count="51" type="stmt"/>
        <line num="223" count="6" type="cond" truecount="1" falsecount="1"/>
        <line num="224" count="6" type="stmt"/>
        <line num="225" count="6" type="stmt"/>
        <line num="230" count="51" type="stmt"/>
        <line num="231" count="1" type="stmt"/>
        <line num="232" count="1" type="stmt"/>
        <line num="233" count="1" type="stmt"/>
        <line num="234" count="2" type="stmt"/>
        <line num="236" count="1" type="stmt"/>
        <line num="237" count="1" type="stmt"/>
        <line num="238" count="1" type="stmt"/>
        <line num="239" count="1" type="stmt"/>
        <line num="240" count="1" type="stmt"/>
        <line num="243" count="51" type="stmt"/>
        <line num="245" count="5" type="cond" truecount="2" falsecount="0"/>
        <line num="246" count="4" type="cond" truecount="2" falsecount="0"/>
        <line num="247" count="2" type="cond" truecount="1" falsecount="1"/>
        <line num="248" count="5" type="stmt"/>
        <line num="253" count="51" type="stmt"/>
        <line num="254" count="2" type="stmt"/>
        <line num="257" count="51" type="stmt"/>
      </file>
    </package>
    <package name="lib">
      <metrics statements="1" coveredstatements="1" conditionals="0" coveredconditionals="0" methods="1" coveredmethods="1"/>
      <file name="utils.ts" path="/Users/alfredorubin/Desktop/public/component/src/lib/utils.ts">
        <metrics statements="1" coveredstatements="1" conditionals="0" coveredconditionals="0" methods="1" coveredmethods="1"/>
        <line num="5" count="6609" type="stmt"/>
      </file>
    </package>
  </project>
</coverage>
