{"/Users/alfredorubin/Desktop/public/component/src/charts/bar-chart.tsx": {"path":"/Users/alfredorubin/Desktop/public/component/src/charts/bar-chart.tsx","statementMap":{"0":{"start":{"line":37,"column":38},"end":{"line":37,"column":null}},"1":{"start":{"line":38,"column":18},"end":{"line":38,"column":null}},"2":{"start":{"line":39,"column":21},"end":{"line":39,"column":null}},"3":{"start":{"line":41,"column":8},"end":{"line":85,"column":null}},"4":{"start":{"line":42,"column":4},"end":{"line":44,"column":null}},"5":{"start":{"line":43,"column":6},"end":{"line":43,"column":null}},"6":{"start":{"line":46,"column":23},"end":{"line":46,"column":null}},"7":{"start":{"line":46,"column":58},"end":{"line":46,"column":71}},"8":{"start":{"line":47,"column":27},"end":{"line":47,"column":null}},"9":{"start":{"line":48,"column":32},"end":{"line":48,"column":null}},"10":{"start":{"line":49,"column":25},"end":{"line":49,"column":null}},"11":{"start":{"line":50,"column":32},"end":{"line":50,"column":null}},"12":{"start":{"line":52,"column":25},"end":{"line":56,"column":null}},"13":{"start":{"line":54,"column":28},"end":{"line":54,"column":35}},"14":{"start":{"line":57,"column":22},"end":{"line":60,"column":null}},"15":{"start":{"line":62,"column":4},"end":{"line":84,"column":null}},"16":{"start":{"line":74,"column":39},"end":{"line":83,"column":8}},"17":{"start":{"line":77,"column":30},"end":{"line":77,"column":46}},"18":{"start":{"line":87,"column":2},"end":{"line":90,"column":null}}},"fnMap":{"0":{"name":"BarChart","decl":{"start":{"line":29,"column":9},"end":{"line":29,"column":18}},"loc":{"start":{"line":36,"column":18},"end":{"line":92,"column":null}},"line":36},"1":{"name":"(anonymous_1)","decl":{"start":{"line":41,"column":26},"end":{"line":41,"column":47}},"loc":{"start":{"line":41,"column":47},"end":{"line":85,"column":5}},"line":41},"2":{"name":"(anonymous_2)","decl":{"start":{"line":46,"column":51},"end":{"line":46,"column":52}},"loc":{"start":{"line":46,"column":58},"end":{"line":46,"column":71}},"line":46},"3":{"name":"(anonymous_3)","decl":{"start":{"line":54,"column":21},"end":{"line":54,"column":22}},"loc":{"start":{"line":54,"column":28},"end":{"line":54,"column":35}},"line":54},"4":{"name":"(anonymous_4)","decl":{"start":{"line":74,"column":29},"end":{"line":74,"column":30}},"loc":{"start":{"line":74,"column":39},"end":{"line":83,"column":8}},"line":74},"5":{"name":"(anonymous_5)","decl":{"start":{"line":77,"column":23},"end":{"line":77,"column":24}},"loc":{"start":{"line":77,"column":30},"end":{"line":77,"column":46}},"line":77}},"branchMap":{"0":{"loc":{"start":{"line":31,"column":2},"end":{"line":31,"column":null}},"type":"default-arg","locations":[{"start":{"line":31,"column":16},"end":{"line":31,"column":null}}],"line":31},"1":{"loc":{"start":{"line":32,"column":2},"end":{"line":32,"column":null}},"type":"default-arg","locations":[{"start":{"line":32,"column":12},"end":{"line":32,"column":null}}],"line":32},"2":{"loc":{"start":{"line":33,"column":2},"end":{"line":33,"column":null}},"type":"default-arg","locations":[{"start":{"line":33,"column":15},"end":{"line":33,"column":null}}],"line":33},"3":{"loc":{"start":{"line":38,"column":18},"end":{"line":38,"column":null}},"type":"binary-expr","locations":[{"start":{"line":38,"column":18},"end":{"line":38,"column":31}},{"start":{"line":38,"column":31},"end":{"line":38,"column":null}}],"line":38},"4":{"loc":{"start":{"line":39,"column":21},"end":{"line":39,"column":null}},"type":"binary-expr","locations":[{"start":{"line":39,"column":21},"end":{"line":39,"column":34}},{"start":{"line":39,"column":34},"end":{"line":39,"column":null}}],"line":39},"5":{"loc":{"start":{"line":42,"column":4},"end":{"line":44,"column":null}},"type":"if","locations":[{"start":{"line":42,"column":4},"end":{"line":44,"column":null}},{"start":{},"end":{}}],"line":42},"6":{"loc":{"start":{"line":47,"column":27},"end":{"line":47,"column":null}},"type":"binary-expr","locations":[{"start":{"line":47,"column":27},"end":{"line":47,"column":41}},{"start":{"line":47,"column":41},"end":{"line":47,"column":null}}],"line":47},"7":{"loc":{"start":{"line":48,"column":32},"end":{"line":48,"column":null}},"type":"cond-expr","locations":[{"start":{"line":48,"column":45},"end":{"line":48,"column":53}},{"start":{"line":48,"column":53},"end":{"line":48,"column":null}}],"line":48},"8":{"loc":{"start":{"line":50,"column":32},"end":{"line":50,"column":null}},"type":"cond-expr","locations":[{"start":{"line":50,"column":42},"end":{"line":50,"column":50}},{"start":{"line":50,"column":50},"end":{"line":50,"column":null}}],"line":50},"9":{"loc":{"start":{"line":64,"column":14},"end":{"line":64,"column":null}},"type":"cond-expr","locations":[{"start":{"line":64,"column":36},"end":{"line":64,"column":52}},{"start":{"line":64,"column":52},"end":{"line":64,"column":null}}],"line":64},"10":{"loc":{"start":{"line":66,"column":14},"end":{"line":66,"column":null}},"type":"cond-expr","locations":[{"start":{"line":66,"column":24},"end":{"line":66,"column":28}},{"start":{"line":66,"column":28},"end":{"line":66,"column":null}}],"line":66},"11":{"loc":{"start":{"line":67,"column":15},"end":{"line":67,"column":null}},"type":"cond-expr","locations":[{"start":{"line":67,"column":25},"end":{"line":67,"column":29}},{"start":{"line":67,"column":29},"end":{"line":67,"column":null}}],"line":67},"12":{"loc":{"start":{"line":68,"column":13},"end":{"line":68,"column":null}},"type":"cond-expr","locations":[{"start":{"line":68,"column":23},"end":{"line":68,"column":27}},{"start":{"line":68,"column":27},"end":{"line":68,"column":null}}],"line":68},"13":{"loc":{"start":{"line":69,"column":16},"end":{"line":69,"column":null}},"type":"cond-expr","locations":[{"start":{"line":69,"column":38},"end":{"line":69,"column":43}},{"start":{"line":69,"column":43},"end":{"line":69,"column":null}}],"line":69},"14":{"loc":{"start":{"line":69,"column":43},"end":{"line":69,"column":null}},"type":"cond-expr","locations":[{"start":{"line":69,"column":53},"end":{"line":69,"column":57}},{"start":{"line":69,"column":57},"end":{"line":69,"column":null}}],"line":69},"15":{"loc":{"start":{"line":72,"column":13},"end":{"line":72,"column":null}},"type":"cond-expr","locations":[{"start":{"line":72,"column":28},"end":{"line":72,"column":40}},{"start":{"line":72,"column":40},"end":{"line":72,"column":null}}],"line":72},"16":{"loc":{"start":{"line":73,"column":13},"end":{"line":73,"column":null}},"type":"cond-expr","locations":[{"start":{"line":73,"column":28},"end":{"line":73,"column":43}},{"start":{"line":73,"column":43},"end":{"line":73,"column":null}}],"line":73},"17":{"loc":{"start":{"line":78,"column":15},"end":{"line":78,"column":null}},"type":"cond-expr","locations":[{"start":{"line":78,"column":25},"end":{"line":78,"column":35}},{"start":{"line":78,"column":35},"end":{"line":78,"column":null}}],"line":78},"18":{"loc":{"start":{"line":79,"column":15},"end":{"line":81,"column":null}},"type":"cond-expr","locations":[{"start":{"line":80,"column":12},"end":{"line":80,"column":null}},{"start":{"line":81,"column":12},"end":{"line":81,"column":null}}],"line":79},"19":{"loc":{"start":{"line":80,"column":36},"end":{"line":80,"column":89}},"type":"cond-expr","locations":[{"start":{"line":80,"column":52},"end":{"line":80,"column":73}},{"start":{"line":80,"column":73},"end":{"line":80,"column":89}}],"line":80},"20":{"loc":{"start":{"line":82,"column":18},"end":{"line":82,"column":null}},"type":"cond-expr","locations":[{"start":{"line":82,"column":42},"end":{"line":82,"column":73}},{"start":{"line":82,"column":73},"end":{"line":82,"column":null}}],"line":82}},"s":{"0":20,"1":20,"2":20,"3":20,"4":10,"5":1,"6":9,"7":20,"8":9,"9":10,"10":10,"11":10,"12":10,"13":27,"14":10,"15":10,"16":11,"17":33,"18":20},"f":{"0":20,"1":10,"2":20,"3":27,"4":11,"5":33},"b":{"0":[20],"1":[20],"2":[20],"3":[20,0],"4":[20,0],"5":[1,9],"6":[9,9],"7":[0,9],"8":[0,9],"9":[2,7],"10":[0,9],"11":[0,9],"12":[0,9],"13":[2,7],"14":[0,7],"15":[1,8],"16":[1,8],"17":[2,9],"18":[1,10],"19":[0,1],"20":[4,7]},"meta":{"lastBranch":21,"lastFunction":6,"lastStatement":19,"seen":{"f:29:9:29:18":0,"b:31:16:31:Infinity":0,"b:32:12:32:Infinity":1,"b:33:15:33:Infinity":2,"s:37:38:37:Infinity":0,"s:38:18:38:Infinity":1,"b:38:18:38:31:38:31:38:Infinity":3,"s:39:21:39:Infinity":2,"b:39:21:39:34:39:34:39:Infinity":4,"s:41:8:85:Infinity":3,"f:41:26:41:47":1,"b:42:4:44:Infinity:undefined:undefined:undefined:undefined":5,"s:42:4:44:Infinity":4,"s:43:6:43:Infinity":5,"s:46:23:46:Infinity":6,"f:46:51:46:52":2,"s:46:58:46:71":7,"s:47:27:47:Infinity":8,"b:47:27:47:41:47:41:47:Infinity":6,"s:48:32:48:Infinity":9,"b:48:45:48:53:48:53:48:Infinity":7,"s:49:25:49:Infinity":10,"s:50:32:50:Infinity":11,"b:50:42:50:50:50:50:50:Infinity":8,"s:52:25:56:Infinity":12,"f:54:21:54:22":3,"s:54:28:54:35":13,"s:57:22:60:Infinity":14,"s:62:4:84:Infinity":15,"b:64:36:64:52:64:52:64:Infinity":9,"b:66:24:66:28:66:28:66:Infinity":10,"b:67:25:67:29:67:29:67:Infinity":11,"b:68:23:68:27:68:27:68:Infinity":12,"b:69:38:69:43:69:43:69:Infinity":13,"b:69:53:69:57:69:57:69:Infinity":14,"b:72:28:72:40:72:40:72:Infinity":15,"b:73:28:73:43:73:43:73:Infinity":16,"f:74:29:74:30":4,"s:74:39:83:8":16,"f:77:23:77:24":5,"s:77:30:77:46":17,"b:78:25:78:35:78:35:78:Infinity":17,"b:80:12:80:Infinity:81:12:81:Infinity":18,"b:80:52:80:73:80:73:80:89":19,"b:82:42:82:73:82:73:82:Infinity":20,"s:87:2:90:Infinity":18}}}
,"/Users/alfredorubin/Desktop/public/component/src/charts/base-chart.tsx": {"path":"/Users/alfredorubin/Desktop/public/component/src/charts/base-chart.tsx","statementMap":{"0":{"start":{"line":16,"column":0},"end":{"line":27,"column":null}},"1":{"start":{"line":39,"column":16},"end":{"line":39,"column":null}},"2":{"start":{"line":40,"column":2},"end":{"line":40,"column":null}},"3":{"start":{"line":40,"column":25},"end":{"line":40,"column":null}},"4":{"start":{"line":41,"column":2},"end":{"line":41,"column":null}},"5":{"start":{"line":45,"column":2},"end":{"line":45,"column":null}},"6":{"start":{"line":45,"column":39},"end":{"line":45,"column":null}},"7":{"start":{"line":46,"column":17},"end":{"line":46,"column":null}},"8":{"start":{"line":47,"column":2},"end":{"line":50,"column":null}},"9":{"start":{"line":48,"column":18},"end":{"line":48,"column":null}},"10":{"start":{"line":49,"column":4},"end":{"line":49,"column":null}},"11":{"start":{"line":53,"column":25},"end":{"line":53,"column":null}},"12":{"start":{"line":54,"column":30},"end":{"line":60,"column":null}},"13":{"start":{"line":75,"column":8},"end":{"line":75,"column":null}},"14":{"start":{"line":76,"column":8},"end":{"line":76,"column":null}},"15":{"start":{"line":79,"column":2},"end":{"line":101,"column":null}},"16":{"start":{"line":80,"column":15},"end":{"line":80,"column":null}},"17":{"start":{"line":81,"column":4},"end":{"line":81,"column":null}},"18":{"start":{"line":81,"column":13},"end":{"line":81,"column":null}},"19":{"start":{"line":83,"column":21},"end":{"line":85,"column":null}},"20":{"start":{"line":86,"column":4},"end":{"line":86,"column":null}},"21":{"start":{"line":87,"column":4},"end":{"line":87,"column":null}},"22":{"start":{"line":90,"column":15},"end":{"line":92,"column":null}},"23":{"start":{"line":91,"column":6},"end":{"line":91,"column":null}},"24":{"start":{"line":93,"column":4},"end":{"line":93,"column":null}},"25":{"start":{"line":95,"column":4},"end":{"line":99,"column":null}},"26":{"start":{"line":96,"column":6},"end":{"line":96,"column":null}},"27":{"start":{"line":97,"column":6},"end":{"line":97,"column":null}},"28":{"start":{"line":98,"column":6},"end":{"line":98,"column":null}},"29":{"start":{"line":104,"column":2},"end":{"line":113,"column":null}},"30":{"start":{"line":105,"column":21},"end":{"line":105,"column":null}},"31":{"start":{"line":106,"column":4},"end":{"line":106,"column":null}},"32":{"start":{"line":106,"column":31},"end":{"line":106,"column":null}},"33":{"start":{"line":108,"column":34},"end":{"line":111,"column":null}},"34":{"start":{"line":112,"column":4},"end":{"line":112,"column":null}},"35":{"start":{"line":116,"column":2},"end":{"line":128,"column":null}},"36":{"start":{"line":117,"column":21},"end":{"line":117,"column":null}},"37":{"start":{"line":118,"column":4},"end":{"line":118,"column":null}},"38":{"start":{"line":118,"column":19},"end":{"line":118,"column":null}},"39":{"start":{"line":119,"column":4},"end":{"line":127,"column":null}},"40":{"start":{"line":120,"column":6},"end":{"line":124,"column":null}},"41":{"start":{"line":126,"column":6},"end":{"line":126,"column":null}},"42":{"start":{"line":131,"column":2},"end":{"line":146,"column":null}},"43":{"start":{"line":132,"column":21},"end":{"line":132,"column":null}},"44":{"start":{"line":133,"column":4},"end":{"line":133,"column":null}},"45":{"start":{"line":133,"column":19},"end":{"line":133,"column":null}},"46":{"start":{"line":135,"column":4},"end":{"line":137,"column":null}},"47":{"start":{"line":136,"column":6},"end":{"line":136,"column":null}},"48":{"start":{"line":136,"column":48},"end":{"line":136,"column":84}},"49":{"start":{"line":138,"column":4},"end":{"line":140,"column":null}},"50":{"start":{"line":139,"column":6},"end":{"line":139,"column":null}},"51":{"start":{"line":142,"column":4},"end":{"line":145,"column":null}},"52":{"start":{"line":143,"column":6},"end":{"line":143,"column":null}},"53":{"start":{"line":144,"column":6},"end":{"line":144,"column":null}},"54":{"start":{"line":148,"column":2},"end":{"line":160,"column":null}},"55":{"start":{"line":149,"column":4},"end":{"line":158,"column":null}},"56":{"start":{"line":162,"column":2},"end":{"line":167,"column":null}}},"fnMap":{"0":{"name":"hslToComma","decl":{"start":{"line":38,"column":9},"end":{"line":38,"column":20}},"loc":{"start":{"line":38,"column":47},"end":{"line":42,"column":null}},"line":38},"1":{"name":"resolveChartColors","decl":{"start":{"line":44,"column":9},"end":{"line":44,"column":40}},"loc":{"start":{"line":44,"column":40},"end":{"line":51,"column":null}},"line":44},"2":{"name":"(anonymous_2)","decl":{"start":{"line":47,"column":30},"end":{"line":47,"column":31}},"loc":{"start":{"line":47,"column":46},"end":{"line":50,"column":3}},"line":47},"3":{"name":"BaseChart","decl":{"start":{"line":66,"column":9},"end":{"line":66,"column":19}},"loc":{"start":{"line":74,"column":19},"end":{"line":169,"column":null}},"line":74},"4":{"name":"(anonymous_4)","decl":{"start":{"line":79,"column":12},"end":{"line":79,"column":18}},"loc":{"start":{"line":79,"column":18},"end":{"line":101,"column":5}},"line":79},"5":{"name":"(anonymous_5)","decl":{"start":{"line":90,"column":34},"end":{"line":90,"column":40}},"loc":{"start":{"line":90,"column":40},"end":{"line":92,"column":5}},"line":90},"6":{"name":"(anonymous_6)","decl":{"start":{"line":95,"column":11},"end":{"line":95,"column":17}},"loc":{"start":{"line":95,"column":17},"end":{"line":99,"column":null}},"line":95},"7":{"name":"(anonymous_7)","decl":{"start":{"line":104,"column":12},"end":{"line":104,"column":18}},"loc":{"start":{"line":104,"column":18},"end":{"line":113,"column":5}},"line":104},"8":{"name":"(anonymous_8)","decl":{"start":{"line":116,"column":12},"end":{"line":116,"column":18}},"loc":{"start":{"line":116,"column":18},"end":{"line":128,"column":5}},"line":116},"9":{"name":"(anonymous_9)","decl":{"start":{"line":131,"column":12},"end":{"line":131,"column":18}},"loc":{"start":{"line":131,"column":18},"end":{"line":146,"column":5}},"line":131},"10":{"name":"(anonymous_10)","decl":{"start":{"line":136,"column":27},"end":{"line":136,"column":28}},"loc":{"start":{"line":136,"column":48},"end":{"line":136,"column":84}},"line":136},"11":{"name":"(anonymous_11)","decl":{"start":{"line":142,"column":11},"end":{"line":142,"column":17}},"loc":{"start":{"line":142,"column":17},"end":{"line":145,"column":null}},"line":142}},"branchMap":{"0":{"loc":{"start":{"line":40,"column":2},"end":{"line":40,"column":null}},"type":"if","locations":[{"start":{"line":40,"column":2},"end":{"line":40,"column":null}},{"start":{},"end":{}}],"line":40},"1":{"loc":{"start":{"line":45,"column":2},"end":{"line":45,"column":null}},"type":"if","locations":[{"start":{"line":45,"column":2},"end":{"line":45,"column":null}},{"start":{},"end":{}}],"line":45},"2":{"loc":{"start":{"line":49,"column":11},"end":{"line":49,"column":null}},"type":"cond-expr","locations":[{"start":{"line":49,"column":19},"end":{"line":49,"column":39}},{"start":{"line":49,"column":39},"end":{"line":49,"column":null}}],"line":49},"3":{"loc":{"start":{"line":68,"column":2},"end":{"line":68,"column":null}},"type":"default-arg","locations":[{"start":{"line":68,"column":12},"end":{"line":68,"column":null}}],"line":68},"4":{"loc":{"start":{"line":69,"column":2},"end":{"line":69,"column":null}},"type":"default-arg","locations":[{"start":{"line":69,"column":10},"end":{"line":69,"column":null}}],"line":69},"5":{"loc":{"start":{"line":81,"column":4},"end":{"line":81,"column":null}},"type":"if","locations":[{"start":{"line":81,"column":4},"end":{"line":81,"column":null}},{"start":{},"end":{}}],"line":81},"6":{"loc":{"start":{"line":106,"column":4},"end":{"line":106,"column":null}},"type":"if","locations":[{"start":{"line":106,"column":4},"end":{"line":106,"column":null}},{"start":{},"end":{}}],"line":106},"7":{"loc":{"start":{"line":106,"column":8},"end":{"line":106,"column":31}},"type":"binary-expr","locations":[{"start":{"line":106,"column":8},"end":{"line":106,"column":21}},{"start":{"line":106,"column":21},"end":{"line":106,"column":31}}],"line":106},"8":{"loc":{"start":{"line":118,"column":4},"end":{"line":118,"column":null}},"type":"if","locations":[{"start":{"line":118,"column":4},"end":{"line":118,"column":null}},{"start":{},"end":{}}],"line":118},"9":{"loc":{"start":{"line":119,"column":4},"end":{"line":127,"column":null}},"type":"if","locations":[{"start":{"line":119,"column":4},"end":{"line":127,"column":null}},{"start":{"line":125,"column":11},"end":{"line":127,"column":null}}],"line":119},"10":{"loc":{"start":{"line":133,"column":4},"end":{"line":133,"column":null}},"type":"if","locations":[{"start":{"line":133,"column":4},"end":{"line":133,"column":null}},{"start":{},"end":{}}],"line":133},"11":{"loc":{"start":{"line":135,"column":4},"end":{"line":137,"column":null}},"type":"if","locations":[{"start":{"line":135,"column":4},"end":{"line":137,"column":null}},{"start":{},"end":{}}],"line":135},"12":{"loc":{"start":{"line":138,"column":4},"end":{"line":140,"column":null}},"type":"if","locations":[{"start":{"line":138,"column":4},"end":{"line":140,"column":null}},{"start":{},"end":{}}],"line":138},"13":{"loc":{"start":{"line":148,"column":2},"end":{"line":160,"column":null}},"type":"if","locations":[{"start":{"line":148,"column":2},"end":{"line":160,"column":null}},{"start":{},"end":{}}],"line":148}},"s":{"0":5,"1":0,"2":0,"3":0,"4":0,"5":57,"6":0,"7":57,"8":57,"9":285,"10":285,"11":5,"12":5,"13":92,"14":92,"15":92,"16":62,"17":62,"18":5,"19":57,"20":57,"21":57,"22":62,"23":0,"24":62,"25":62,"26":57,"27":57,"28":57,"29":92,"30":62,"31":62,"32":5,"33":57,"34":57,"35":92,"36":62,"37":62,"38":5,"39":57,"40":4,"41":53,"42":92,"43":62,"44":62,"45":5,"46":57,"47":2,"48":0,"49":57,"50":1,"51":57,"52":57,"53":57,"54":92,"55":8,"56":84},"f":{"0":0,"1":57,"2":285,"3":92,"4":62,"5":0,"6":57,"7":62,"8":62,"9":62,"10":0,"11":57},"b":{"0":[0,0],"1":[0,57],"2":[0,285],"3":[92],"4":[92],"5":[5,57],"6":[5,57],"7":[62,57],"8":[5,57],"9":[4,53],"10":[5,57],"11":[2,55],"12":[1,56],"13":[8,84]},"meta":{"lastBranch":14,"lastFunction":12,"lastStatement":57,"seen":{"s:16:0:27:Infinity":0,"f:38:9:38:20":0,"s:39:16:39:Infinity":1,"b:40:2:40:Infinity:undefined:undefined:undefined:undefined":0,"s:40:2:40:Infinity":2,"s:40:25:40:Infinity":3,"s:41:2:41:Infinity":4,"f:44:9:44:40":1,"b:45:2:45:Infinity:undefined:undefined:undefined:undefined":1,"s:45:2:45:Infinity":5,"s:45:39:45:Infinity":6,"s:46:17:46:Infinity":7,"s:47:2:50:Infinity":8,"f:47:30:47:31":2,"s:48:18:48:Infinity":9,"s:49:4:49:Infinity":10,"b:49:19:49:39:49:39:49:Infinity":2,"s:53:25:53:Infinity":11,"s:54:30:60:Infinity":12,"f:66:9:66:19":3,"b:68:12:68:Infinity":3,"b:69:10:69:Infinity":4,"s:75:8:75:Infinity":13,"s:76:8:76:Infinity":14,"s:79:2:101:Infinity":15,"f:79:12:79:18":4,"s:80:15:80:Infinity":16,"b:81:4:81:Infinity:undefined:undefined:undefined:undefined":5,"s:81:4:81:Infinity":17,"s:81:13:81:Infinity":18,"s:83:21:85:Infinity":19,"s:86:4:86:Infinity":20,"s:87:4:87:Infinity":21,"s:90:15:92:Infinity":22,"f:90:34:90:40":5,"s:91:6:91:Infinity":23,"s:93:4:93:Infinity":24,"s:95:4:99:Infinity":25,"f:95:11:95:17":6,"s:96:6:96:Infinity":26,"s:97:6:97:Infinity":27,"s:98:6:98:Infinity":28,"s:104:2:113:Infinity":29,"f:104:12:104:18":7,"s:105:21:105:Infinity":30,"b:106:4:106:Infinity:undefined:undefined:undefined:undefined":6,"s:106:4:106:Infinity":31,"b:106:8:106:21:106:21:106:31":7,"s:106:31:106:Infinity":32,"s:108:34:111:Infinity":33,"s:112:4:112:Infinity":34,"s:116:2:128:Infinity":35,"f:116:12:116:18":8,"s:117:21:117:Infinity":36,"b:118:4:118:Infinity:undefined:undefined:undefined:undefined":8,"s:118:4:118:Infinity":37,"s:118:19:118:Infinity":38,"b:119:4:127:Infinity:125:11:127:Infinity":9,"s:119:4:127:Infinity":39,"s:120:6:124:Infinity":40,"s:126:6:126:Infinity":41,"s:131:2:146:Infinity":42,"f:131:12:131:18":9,"s:132:21:132:Infinity":43,"b:133:4:133:Infinity:undefined:undefined:undefined:undefined":10,"s:133:4:133:Infinity":44,"s:133:19:133:Infinity":45,"b:135:4:137:Infinity:undefined:undefined:undefined:undefined":11,"s:135:4:137:Infinity":46,"s:136:6:136:Infinity":47,"f:136:27:136:28":10,"s:136:48:136:84":48,"b:138:4:140:Infinity:undefined:undefined:undefined:undefined":12,"s:138:4:140:Infinity":49,"s:139:6:139:Infinity":50,"s:142:4:145:Infinity":51,"f:142:11:142:17":11,"s:143:6:143:Infinity":52,"s:144:6:144:Infinity":53,"b:148:2:160:Infinity:undefined:undefined:undefined:undefined":13,"s:148:2:160:Infinity":54,"s:149:4:158:Infinity":55,"s:162:2:167:Infinity":56}}}
,"/Users/alfredorubin/Desktop/public/component/src/charts/graph-chart.tsx": {"path":"/Users/alfredorubin/Desktop/public/component/src/charts/graph-chart.tsx","statementMap":{"0":{"start":{"line":35,"column":6},"end":{"line":230,"column":null}},"1":{"start":{"line":54,"column":8},"end":{"line":54,"column":null}},"2":{"start":{"line":57,"column":8},"end":{"line":57,"column":null}},"3":{"start":{"line":58,"column":2},"end":{"line":58,"column":null}},"4":{"start":{"line":59,"column":8},"end":{"line":59,"column":null}},"5":{"start":{"line":60,"column":2},"end":{"line":60,"column":null}},"6":{"start":{"line":61,"column":8},"end":{"line":61,"column":null}},"7":{"start":{"line":62,"column":2},"end":{"line":62,"column":null}},"8":{"start":{"line":63,"column":8},"end":{"line":63,"column":null}},"9":{"start":{"line":64,"column":2},"end":{"line":64,"column":null}},"10":{"start":{"line":65,"column":8},"end":{"line":65,"column":null}},"11":{"start":{"line":66,"column":2},"end":{"line":66,"column":null}},"12":{"start":{"line":69,"column":8},"end":{"line":69,"column":null}},"13":{"start":{"line":70,"column":2},"end":{"line":70,"column":null}},"14":{"start":{"line":71,"column":8},"end":{"line":71,"column":null}},"15":{"start":{"line":72,"column":2},"end":{"line":72,"column":null}},"16":{"start":{"line":74,"column":2},"end":{"line":79,"column":null}},"17":{"start":{"line":74,"column":34},"end":{"line":79,"column":4}},"18":{"start":{"line":76,"column":19},"end":{"line":76,"column":null}},"19":{"start":{"line":77,"column":6},"end":{"line":77,"column":null}},"20":{"start":{"line":81,"column":8},"end":{"line":129,"column":null}},"21":{"start":{"line":82,"column":4},"end":{"line":82,"column":null}},"22":{"start":{"line":83,"column":17},"end":{"line":83,"column":null}},"23":{"start":{"line":89,"column":4},"end":{"line":97,"column":null}},"24":{"start":{"line":90,"column":16},"end":{"line":90,"column":null}},"25":{"start":{"line":91,"column":6},"end":{"line":91,"column":null}},"26":{"start":{"line":91,"column":48},"end":{"line":91,"column":null}},"27":{"start":{"line":92,"column":19},"end":{"line":92,"column":null}},"28":{"start":{"line":92,"column":48},"end":{"line":92,"column":67}},"29":{"start":{"line":93,"column":6},"end":{"line":93,"column":null}},"30":{"start":{"line":93,"column":17},"end":{"line":93,"column":null}},"31":{"start":{"line":94,"column":23},"end":{"line":94,"column":null}},"32":{"start":{"line":95,"column":6},"end":{"line":95,"column":null}},"33":{"start":{"line":96,"column":6},"end":{"line":96,"column":null}},"34":{"start":{"line":100,"column":4},"end":{"line":112,"column":null}},"35":{"start":{"line":101,"column":16},"end":{"line":101,"column":null}},"36":{"start":{"line":102,"column":6},"end":{"line":102,"column":null}},"37":{"start":{"line":102,"column":48},"end":{"line":102,"column":null}},"38":{"start":{"line":103,"column":6},"end":{"line":103,"column":null}},"39":{"start":{"line":104,"column":19},"end":{"line":104,"column":null}},"40":{"start":{"line":104,"column":48},"end":{"line":104,"column":67}},"41":{"start":{"line":105,"column":6},"end":{"line":105,"column":null}},"42":{"start":{"line":105,"column":17},"end":{"line":105,"column":null}},"43":{"start":{"line":106,"column":25},"end":{"line":106,"column":null}},"44":{"start":{"line":107,"column":23},"end":{"line":110,"column":null}},"45":{"start":{"line":111,"column":6},"end":{"line":111,"column":null}},"46":{"start":{"line":115,"column":4},"end":{"line":125,"column":null}},"47":{"start":{"line":116,"column":16},"end":{"line":116,"column":null}},"48":{"start":{"line":117,"column":6},"end":{"line":124,"column":null}},"49":{"start":{"line":118,"column":24},"end":{"line":118,"column":null}},"50":{"start":{"line":119,"column":19},"end":{"line":119,"column":null}},"51":{"start":{"line":120,"column":21},"end":{"line":122,"column":null}},"52":{"start":{"line":121,"column":34},"end":{"line":121,"column":42}},"53":{"start":{"line":123,"column":8},"end":{"line":123,"column":null}},"54":{"start":{"line":127,"column":4},"end":{"line":127,"column":null}},"55":{"start":{"line":135,"column":8},"end":{"line":138,"column":null}},"56":{"start":{"line":136,"column":10},"end":{"line":136,"column":null}},"57":{"start":{"line":140,"column":8},"end":{"line":227,"column":null}},"58":{"start":{"line":141,"column":4},"end":{"line":143,"column":null}},"59":{"start":{"line":142,"column":6},"end":{"line":142,"column":null}},"60":{"start":{"line":145,"column":25},"end":{"line":145,"column":null}},"61":{"start":{"line":145,"column":52},"end":{"line":145,"column":61}},"62":{"start":{"line":147,"column":4},"end":{"line":226,"column":null}},"63":{"start":{"line":151,"column":20},"end":{"line":151,"column":null}},"64":{"start":{"line":152,"column":10},"end":{"line":162,"column":null}},"65":{"start":{"line":153,"column":26},"end":{"line":153,"column":null}},"66":{"start":{"line":154,"column":26},"end":{"line":154,"column":null}},"67":{"start":{"line":155,"column":12},"end":{"line":160,"column":null}},"68":{"start":{"line":156,"column":28},"end":{"line":158,"column":null}},"69":{"start":{"line":157,"column":33},"end":{"line":157,"column":60}},"70":{"start":{"line":159,"column":14},"end":{"line":159,"column":null}},"71":{"start":{"line":161,"column":12},"end":{"line":161,"column":null}},"72":{"start":{"line":163,"column":10},"end":{"line":163,"column":null}},"73":{"start":{"line":174,"column":22},"end":{"line":174,"column":null}},"74":{"start":{"line":175,"column":12},"end":{"line":175,"column":null}},"75":{"start":{"line":181,"column":24},"end":{"line":181,"column":null}},"76":{"start":{"line":182,"column":14},"end":{"line":182,"column":null}},"77":{"start":{"line":187,"column":34},"end":{"line":204,"column":39}},"78":{"start":{"line":205,"column":35},"end":{"line":211,"column":12}},"79":{"start":{"line":209,"column":60},"end":{"line":209,"column":69}},"80":{"start":{"line":229,"column":2},"end":{"line":229,"column":null}}},"fnMap":{"0":{"name":"GraphChart2","decl":{"start":{"line":35,"column":71},"end":{"line":35,"column":null}},"loc":{"start":{"line":53,"column":2},"end":{"line":230,"column":1}},"line":53},"1":{"name":"(anonymous_1)","decl":{"start":{"line":74,"column":27},"end":{"line":74,"column":34}},"loc":{"start":{"line":74,"column":34},"end":{"line":79,"column":4}},"line":74},"2":{"name":"(anonymous_2)","decl":{"start":{"line":75,"column":15},"end":{"line":75,"column":21}},"loc":{"start":{"line":75,"column":21},"end":{"line":78,"column":null}},"line":75},"3":{"name":"(anonymous_3)","decl":{"start":{"line":81,"column":39},"end":{"line":81,"column":40}},"loc":{"start":{"line":81,"column":62},"end":{"line":129,"column":5}},"line":81},"4":{"name":"(anonymous_4)","decl":{"start":{"line":89,"column":27},"end":{"line":89,"column":28}},"loc":{"start":{"line":89,"column":48},"end":{"line":97,"column":5}},"line":89},"5":{"name":"(anonymous_5)","decl":{"start":{"line":92,"column":41},"end":{"line":92,"column":42}},"loc":{"start":{"line":92,"column":48},"end":{"line":92,"column":67}},"line":92},"6":{"name":"(anonymous_6)","decl":{"start":{"line":100,"column":30},"end":{"line":100,"column":31}},"loc":{"start":{"line":100,"column":51},"end":{"line":112,"column":5}},"line":100},"7":{"name":"(anonymous_7)","decl":{"start":{"line":104,"column":41},"end":{"line":104,"column":42}},"loc":{"start":{"line":104,"column":48},"end":{"line":104,"column":67}},"line":104},"8":{"name":"(anonymous_8)","decl":{"start":{"line":115,"column":24},"end":{"line":115,"column":25}},"loc":{"start":{"line":115,"column":45},"end":{"line":125,"column":5}},"line":115},"9":{"name":"(anonymous_9)","decl":{"start":{"line":121,"column":27},"end":{"line":121,"column":28}},"loc":{"start":{"line":121,"column":34},"end":{"line":121,"column":42}},"line":121},"10":{"name":"(anonymous_10)","decl":{"start":{"line":136,"column":4},"end":{"line":136,"column":10}},"loc":{"start":{"line":136,"column":10},"end":{"line":136,"column":null}},"line":136},"11":{"name":"(anonymous_11)","decl":{"start":{"line":140,"column":26},"end":{"line":140,"column":47}},"loc":{"start":{"line":140,"column":47},"end":{"line":227,"column":5}},"line":140},"12":{"name":"(anonymous_12)","decl":{"start":{"line":145,"column":41},"end":{"line":145,"column":42}},"loc":{"start":{"line":145,"column":52},"end":{"line":145,"column":61}},"line":145},"13":{"name":"(anonymous_13)","decl":{"start":{"line":150,"column":19},"end":{"line":150,"column":20}},"loc":{"start":{"line":150,"column":40},"end":{"line":164,"column":null}},"line":150},"14":{"name":"(anonymous_14)","decl":{"start":{"line":157,"column":21},"end":{"line":157,"column":22}},"loc":{"start":{"line":157,"column":33},"end":{"line":157,"column":60}},"line":157},"15":{"name":"(anonymous_15)","decl":{"start":{"line":173,"column":22},"end":{"line":173,"column":23}},"loc":{"start":{"line":173,"column":42},"end":{"line":176,"column":null}},"line":173},"16":{"name":"(anonymous_16)","decl":{"start":{"line":180,"column":23},"end":{"line":180,"column":24}},"loc":{"start":{"line":180,"column":44},"end":{"line":183,"column":null}},"line":180},"17":{"name":"(anonymous_17)","decl":{"start":{"line":187,"column":26},"end":{"line":187,"column":27}},"loc":{"start":{"line":187,"column":34},"end":{"line":204,"column":39}},"line":187},"18":{"name":"(anonymous_18)","decl":{"start":{"line":205,"column":27},"end":{"line":205,"column":28}},"loc":{"start":{"line":205,"column":35},"end":{"line":211,"column":12}},"line":205},"19":{"name":"(anonymous_19)","decl":{"start":{"line":209,"column":54},"end":{"line":209,"column":60}},"loc":{"start":{"line":209,"column":60},"end":{"line":209,"column":69}},"line":209}},"branchMap":{"0":{"loc":{"start":{"line":39,"column":4},"end":{"line":39,"column":null}},"type":"default-arg","locations":[{"start":{"line":39,"column":13},"end":{"line":39,"column":null}}],"line":39},"1":{"loc":{"start":{"line":41,"column":4},"end":{"line":41,"column":null}},"type":"default-arg","locations":[{"start":{"line":41,"column":17},"end":{"line":41,"column":null}}],"line":41},"2":{"loc":{"start":{"line":91,"column":6},"end":{"line":91,"column":null}},"type":"if","locations":[{"start":{"line":91,"column":6},"end":{"line":91,"column":null}},{"start":{},"end":{}}],"line":91},"3":{"loc":{"start":{"line":91,"column":10},"end":{"line":91,"column":48}},"type":"binary-expr","locations":[{"start":{"line":91,"column":10},"end":{"line":91,"column":35}},{"start":{"line":91,"column":35},"end":{"line":91,"column":48}}],"line":91},"4":{"loc":{"start":{"line":93,"column":6},"end":{"line":93,"column":null}},"type":"if","locations":[{"start":{"line":93,"column":6},"end":{"line":93,"column":null}},{"start":{},"end":{}}],"line":93},"5":{"loc":{"start":{"line":94,"column":28},"end":{"line":94,"column":51}},"type":"binary-expr","locations":[{"start":{"line":94,"column":28},"end":{"line":94,"column":48}},{"start":{"line":94,"column":48},"end":{"line":94,"column":51}}],"line":94},"6":{"loc":{"start":{"line":94,"column":54},"end":{"line":94,"column":76}},"type":"binary-expr","locations":[{"start":{"line":94,"column":54},"end":{"line":94,"column":74}},{"start":{"line":94,"column":74},"end":{"line":94,"column":76}}],"line":94},"7":{"loc":{"start":{"line":102,"column":6},"end":{"line":102,"column":null}},"type":"if","locations":[{"start":{"line":102,"column":6},"end":{"line":102,"column":null}},{"start":{},"end":{}}],"line":102},"8":{"loc":{"start":{"line":102,"column":10},"end":{"line":102,"column":48}},"type":"binary-expr","locations":[{"start":{"line":102,"column":10},"end":{"line":102,"column":35}},{"start":{"line":102,"column":35},"end":{"line":102,"column":48}}],"line":102},"9":{"loc":{"start":{"line":105,"column":6},"end":{"line":105,"column":null}},"type":"if","locations":[{"start":{"line":105,"column":6},"end":{"line":105,"column":null}},{"start":{},"end":{}}],"line":105},"10":{"loc":{"start":{"line":108,"column":11},"end":{"line":108,"column":null}},"type":"binary-expr","locations":[{"start":{"line":108,"column":11},"end":{"line":108,"column":34}},{"start":{"line":108,"column":34},"end":{"line":108,"column":54}},{"start":{"line":108,"column":54},"end":{"line":108,"column":null}}],"line":108},"11":{"loc":{"start":{"line":109,"column":11},"end":{"line":109,"column":null}},"type":"binary-expr","locations":[{"start":{"line":109,"column":11},"end":{"line":109,"column":34}},{"start":{"line":109,"column":34},"end":{"line":109,"column":54}},{"start":{"line":109,"column":54},"end":{"line":109,"column":null}}],"line":109},"12":{"loc":{"start":{"line":117,"column":6},"end":{"line":124,"column":null}},"type":"if","locations":[{"start":{"line":117,"column":6},"end":{"line":124,"column":null}},{"start":{},"end":{}}],"line":117},"13":{"loc":{"start":{"line":117,"column":10},"end":{"line":117,"column":74}},"type":"binary-expr","locations":[{"start":{"line":117,"column":10},"end":{"line":117,"column":35}},{"start":{"line":117,"column":35},"end":{"line":117,"column":49}},{"start":{"line":117,"column":49},"end":{"line":117,"column":74}}],"line":117},"14":{"loc":{"start":{"line":118,"column":24},"end":{"line":118,"column":null}},"type":"binary-expr","locations":[{"start":{"line":118,"column":24},"end":{"line":118,"column":47}},{"start":{"line":118,"column":47},"end":{"line":118,"column":null}}],"line":118},"15":{"loc":{"start":{"line":120,"column":21},"end":{"line":122,"column":null}},"type":"cond-expr","locations":[{"start":{"line":121,"column":12},"end":{"line":121,"column":null}},{"start":{"line":122,"column":12},"end":{"line":122,"column":null}}],"line":120},"16":{"loc":{"start":{"line":136,"column":18},"end":{"line":136,"column":39}},"type":"binary-expr","locations":[{"start":{"line":136,"column":18},"end":{"line":136,"column":37}},{"start":{"line":136,"column":37},"end":{"line":136,"column":39}}],"line":136},"17":{"loc":{"start":{"line":141,"column":4},"end":{"line":143,"column":null}},"type":"if","locations":[{"start":{"line":141,"column":4},"end":{"line":143,"column":null}},{"start":{},"end":{}}],"line":141},"18":{"loc":{"start":{"line":145,"column":25},"end":{"line":145,"column":null}},"type":"binary-expr","locations":[{"start":{"line":145,"column":25},"end":{"line":145,"column":66}},{"start":{"line":145,"column":66},"end":{"line":145,"column":null}}],"line":145},"19":{"loc":{"start":{"line":152,"column":10},"end":{"line":162,"column":null}},"type":"if","locations":[{"start":{"line":152,"column":10},"end":{"line":162,"column":null}},{"start":{},"end":{}}],"line":152},"20":{"loc":{"start":{"line":153,"column":26},"end":{"line":153,"column":null}},"type":"binary-expr","locations":[{"start":{"line":153,"column":26},"end":{"line":153,"column":47}},{"start":{"line":153,"column":47},"end":{"line":153,"column":57}},{"start":{"line":153,"column":57},"end":{"line":153,"column":null}}],"line":153},"21":{"loc":{"start":{"line":155,"column":12},"end":{"line":160,"column":null}},"type":"if","locations":[{"start":{"line":155,"column":12},"end":{"line":160,"column":null}},{"start":{},"end":{}}],"line":155},"22":{"loc":{"start":{"line":155,"column":16},"end":{"line":155,"column":56}},"type":"binary-expr","locations":[{"start":{"line":155,"column":16},"end":{"line":155,"column":25}},{"start":{"line":155,"column":25},"end":{"line":155,"column":56}}],"line":155},"23":{"loc":{"start":{"line":163,"column":17},"end":{"line":163,"column":null}},"type":"binary-expr","locations":[{"start":{"line":163,"column":17},"end":{"line":163,"column":27}},{"start":{"line":163,"column":27},"end":{"line":163,"column":null}}],"line":163},"24":{"loc":{"start":{"line":166,"column":14},"end":{"line":166,"column":null}},"type":"cond-expr","locations":[{"start":{"line":166,"column":40},"end":{"line":166,"column":74}},{"start":{"line":166,"column":74},"end":{"line":166,"column":null}}],"line":166},"25":{"loc":{"start":{"line":175,"column":19},"end":{"line":175,"column":null}},"type":"cond-expr","locations":[{"start":{"line":175,"column":23},"end":{"line":175,"column":55}},{"start":{"line":175,"column":55},"end":{"line":175,"column":null}}],"line":175},"26":{"loc":{"start":{"line":182,"column":21},"end":{"line":182,"column":null}},"type":"binary-expr","locations":[{"start":{"line":182,"column":21},"end":{"line":182,"column":38}},{"start":{"line":182,"column":38},"end":{"line":182,"column":48}},{"start":{"line":182,"column":48},"end":{"line":182,"column":null}}],"line":182},"27":{"loc":{"start":{"line":186,"column":22},"end":{"line":186,"column":null}},"type":"cond-expr","locations":[{"start":{"line":186,"column":48},"end":{"line":186,"column":63}},{"start":{"line":186,"column":63},"end":{"line":186,"column":null}}],"line":186},"28":{"loc":{"start":{"line":189,"column":18},"end":{"line":189,"column":null}},"type":"binary-expr","locations":[{"start":{"line":189,"column":18},"end":{"line":189,"column":29}},{"start":{"line":189,"column":29},"end":{"line":189,"column":null}}],"line":189},"29":{"loc":{"start":{"line":194,"column":24},"end":{"line":194,"column":null}},"type":"cond-expr","locations":[{"start":{"line":194,"column":34},"end":{"line":194,"column":72}},{"start":{"line":194,"column":72},"end":{"line":194,"column":null}}],"line":194},"30":{"loc":{"start":{"line":199,"column":18},"end":{"line":199,"column":null}},"type":"cond-expr","locations":[{"start":{"line":199,"column":28},"end":{"line":199,"column":49}},{"start":{"line":199,"column":49},"end":{"line":199,"column":null}}],"line":199},"31":{"loc":{"start":{"line":200,"column":18},"end":{"line":202,"column":null}},"type":"cond-expr","locations":[{"start":{"line":201,"column":18},"end":{"line":201,"column":null}},{"start":{"line":202,"column":18},"end":{"line":202,"column":null}}],"line":200},"32":{"loc":{"start":{"line":209,"column":19},"end":{"line":209,"column":null}},"type":"cond-expr","locations":[{"start":{"line":209,"column":29},"end":{"line":209,"column":73}},{"start":{"line":209,"column":73},"end":{"line":209,"column":null}}],"line":209},"33":{"loc":{"start":{"line":210,"column":23},"end":{"line":210,"column":null}},"type":"cond-expr","locations":[{"start":{"line":210,"column":33},"end":{"line":210,"column":54}},{"start":{"line":210,"column":54},"end":{"line":210,"column":null}}],"line":210},"34":{"loc":{"start":{"line":212,"column":17},"end":{"line":214,"column":null}},"type":"cond-expr","locations":[{"start":{"line":213,"column":14},"end":{"line":213,"column":null}},{"start":{"line":214,"column":14},"end":{"line":214,"column":null}}],"line":212},"35":{"loc":{"start":{"line":220,"column":23},"end":{"line":220,"column":null}},"type":"binary-expr","locations":[{"start":{"line":220,"column":23},"end":{"line":220,"column":47}},{"start":{"line":220,"column":47},"end":{"line":220,"column":null}}],"line":220},"36":{"loc":{"start":{"line":221,"column":16},"end":{"line":221,"column":null}},"type":"cond-expr","locations":[{"start":{"line":221,"column":43},"end":{"line":221,"column":72}},{"start":{"line":221,"column":72},"end":{"line":221,"column":null}}],"line":221},"37":{"loc":{"start":{"line":222,"column":16},"end":{"line":222,"column":null}},"type":"cond-expr","locations":[{"start":{"line":222,"column":45},"end":{"line":222,"column":78}},{"start":{"line":222,"column":78},"end":{"line":222,"column":null}}],"line":222}},"s":{"0":1,"1":20,"2":20,"3":20,"4":20,"5":20,"6":20,"7":20,"8":20,"9":20,"10":20,"11":20,"12":20,"13":20,"14":20,"15":20,"16":20,"17":1,"18":1,"19":1,"20":20,"21":19,"22":19,"23":19,"24":0,"25":0,"26":0,"27":0,"28":0,"29":0,"30":0,"31":0,"32":0,"33":0,"34":19,"35":0,"36":0,"37":0,"38":0,"39":0,"40":0,"41":0,"42":0,"43":0,"44":0,"45":0,"46":19,"47":0,"48":0,"49":0,"50":0,"51":0,"52":0,"53":0,"54":19,"55":20,"56":20,"57":20,"58":20,"59":1,"60":19,"61":2,"62":20,"63":2,"64":2,"65":2,"66":2,"67":2,"68":1,"69":2,"70":1,"71":1,"72":0,"73":0,"74":0,"75":0,"76":0,"77":50,"78":29,"79":0,"80":20},"f":{"0":20,"1":1,"2":1,"3":19,"4":0,"5":0,"6":0,"7":0,"8":0,"9":0,"10":20,"11":20,"12":2,"13":2,"14":2,"15":0,"16":0,"17":50,"18":29,"19":0},"b":{"0":[20],"1":[20],"2":[0,0],"3":[0,0],"4":[0,0],"5":[0,0],"6":[0,0],"7":[0,0],"8":[0,0],"9":[0,0],"10":[0,0,0],"11":[0,0,0],"12":[0,0],"13":[0,0,0],"14":[0,0],"15":[0,0],"16":[20,19],"17":[1,19],"18":[19,18],"19":[2,0],"20":[2,0,0],"21":[1,1],"22":[2,1],"23":[0,0],"24":[1,18],"25":[0,0],"26":[0,0,0],"27":[1,18],"28":[50,0],"29":[45,5],"30":[2,48],"31":[1,49],"32":[28,1],"33":[1,28],"34":[18,1],"35":[20,18],"36":[1,18],"37":[1,18]},"meta":{"lastBranch":38,"lastFunction":20,"lastStatement":81,"seen":{"s:35:6:230:Infinity":0,"f:35:71:35:Infinity":0,"b:39:13:39:Infinity":0,"b:41:17:41:Infinity":1,"s:54:8:54:Infinity":1,"s:57:8:57:Infinity":2,"s:58:2:58:Infinity":3,"s:59:8:59:Infinity":4,"s:60:2:60:Infinity":5,"s:61:8:61:Infinity":6,"s:62:2:62:Infinity":7,"s:63:8:63:Infinity":8,"s:64:2:64:Infinity":9,"s:65:8:65:Infinity":10,"s:66:2:66:Infinity":11,"s:69:8:69:Infinity":12,"s:70:2:70:Infinity":13,"s:71:8:71:Infinity":14,"s:72:2:72:Infinity":15,"s:74:2:79:Infinity":16,"f:74:27:74:34":1,"s:74:34:79:4":17,"f:75:15:75:21":2,"s:76:19:76:Infinity":18,"s:77:6:77:Infinity":19,"s:81:8:129:Infinity":20,"f:81:39:81:40":3,"s:82:4:82:Infinity":21,"s:83:17:83:Infinity":22,"s:89:4:97:Infinity":23,"f:89:27:89:28":4,"s:90:16:90:Infinity":24,"b:91:6:91:Infinity:undefined:undefined:undefined:undefined":2,"s:91:6:91:Infinity":25,"b:91:10:91:35:91:35:91:48":3,"s:91:48:91:Infinity":26,"s:92:19:92:Infinity":27,"f:92:41:92:42":5,"s:92:48:92:67":28,"b:93:6:93:Infinity:undefined:undefined:undefined:undefined":4,"s:93:6:93:Infinity":29,"s:93:17:93:Infinity":30,"s:94:23:94:Infinity":31,"b:94:28:94:48:94:48:94:51":5,"b:94:54:94:74:94:74:94:76":6,"s:95:6:95:Infinity":32,"s:96:6:96:Infinity":33,"s:100:4:112:Infinity":34,"f:100:30:100:31":6,"s:101:16:101:Infinity":35,"b:102:6:102:Infinity:undefined:undefined:undefined:undefined":7,"s:102:6:102:Infinity":36,"b:102:10:102:35:102:35:102:48":8,"s:102:48:102:Infinity":37,"s:103:6:103:Infinity":38,"s:104:19:104:Infinity":39,"f:104:41:104:42":7,"s:104:48:104:67":40,"b:105:6:105:Infinity:undefined:undefined:undefined:undefined":9,"s:105:6:105:Infinity":41,"s:105:17:105:Infinity":42,"s:106:25:106:Infinity":43,"s:107:23:110:Infinity":44,"b:108:11:108:34:108:34:108:54:108:54:108:Infinity":10,"b:109:11:109:34:109:34:109:54:109:54:109:Infinity":11,"s:111:6:111:Infinity":45,"s:115:4:125:Infinity":46,"f:115:24:115:25":8,"s:116:16:116:Infinity":47,"b:117:6:124:Infinity:undefined:undefined:undefined:undefined":12,"s:117:6:124:Infinity":48,"b:117:10:117:35:117:35:117:49:117:49:117:74":13,"s:118:24:118:Infinity":49,"b:118:24:118:47:118:47:118:Infinity":14,"s:119:19:119:Infinity":50,"s:120:21:122:Infinity":51,"b:121:12:121:Infinity:122:12:122:Infinity":15,"f:121:27:121:28":9,"s:121:34:121:42":52,"s:123:8:123:Infinity":53,"s:127:4:127:Infinity":54,"s:135:8:138:Infinity":55,"f:136:4:136:10":10,"s:136:10:136:Infinity":56,"b:136:18:136:37:136:37:136:39":16,"s:140:8:227:Infinity":57,"f:140:26:140:47":11,"b:141:4:143:Infinity:undefined:undefined:undefined:undefined":17,"s:141:4:143:Infinity":58,"s:142:6:142:Infinity":59,"s:145:25:145:Infinity":60,"b:145:25:145:66:145:66:145:Infinity":18,"f:145:41:145:42":12,"s:145:52:145:61":61,"s:147:4:226:Infinity":62,"f:150:19:150:20":13,"s:151:20:151:Infinity":63,"b:152:10:162:Infinity:undefined:undefined:undefined:undefined":19,"s:152:10:162:Infinity":64,"s:153:26:153:Infinity":65,"b:153:26:153:47:153:47:153:57:153:57:153:Infinity":20,"s:154:26:154:Infinity":66,"b:155:12:160:Infinity:undefined:undefined:undefined:undefined":21,"s:155:12:160:Infinity":67,"b:155:16:155:25:155:25:155:56":22,"s:156:28:158:Infinity":68,"f:157:21:157:22":14,"s:157:33:157:60":69,"s:159:14:159:Infinity":70,"s:161:12:161:Infinity":71,"s:163:10:163:Infinity":72,"b:163:17:163:27:163:27:163:Infinity":23,"b:166:40:166:74:166:74:166:Infinity":24,"f:173:22:173:23":15,"s:174:22:174:Infinity":73,"s:175:12:175:Infinity":74,"b:175:23:175:55:175:55:175:Infinity":25,"f:180:23:180:24":16,"s:181:24:181:Infinity":75,"s:182:14:182:Infinity":76,"b:182:21:182:38:182:38:182:48:182:48:182:Infinity":26,"b:186:48:186:63:186:63:186:Infinity":27,"f:187:26:187:27":17,"s:187:34:204:39":77,"b:189:18:189:29:189:29:189:Infinity":28,"b:194:34:194:72:194:72:194:Infinity":29,"b:199:28:199:49:199:49:199:Infinity":30,"b:201:18:201:Infinity:202:18:202:Infinity":31,"f:205:27:205:28":18,"s:205:35:211:12":78,"b:209:29:209:73:209:73:209:Infinity":32,"f:209:54:209:60":19,"s:209:60:209:69":79,"b:210:33:210:54:210:54:210:Infinity":33,"b:213:14:213:Infinity:214:14:214:Infinity":34,"b:220:23:220:47:220:47:220:Infinity":35,"b:221:43:221:72:221:72:221:Infinity":36,"b:222:45:222:78:222:78:222:Infinity":37,"s:229:2:229:Infinity":80}}}
,"/Users/alfredorubin/Desktop/public/component/src/charts/line-chart.tsx": {"path":"/Users/alfredorubin/Desktop/public/component/src/charts/line-chart.tsx","statementMap":{"0":{"start":{"line":40,"column":38},"end":{"line":40,"column":null}},"1":{"start":{"line":41,"column":18},"end":{"line":41,"column":null}},"2":{"start":{"line":42,"column":21},"end":{"line":42,"column":null}},"3":{"start":{"line":44,"column":8},"end":{"line":87,"column":null}},"4":{"start":{"line":45,"column":4},"end":{"line":47,"column":null}},"5":{"start":{"line":46,"column":6},"end":{"line":46,"column":null}},"6":{"start":{"line":49,"column":23},"end":{"line":49,"column":null}},"7":{"start":{"line":49,"column":58},"end":{"line":49,"column":67}},"8":{"start":{"line":50,"column":27},"end":{"line":50,"column":null}},"9":{"start":{"line":51,"column":32},"end":{"line":51,"column":null}},"10":{"start":{"line":53,"column":4},"end":{"line":86,"column":null}},"11":{"start":{"line":65,"column":30},"end":{"line":65,"column":41}},"12":{"start":{"line":78,"column":39},"end":{"line":85,"column":8}},"13":{"start":{"line":81,"column":30},"end":{"line":81,"column":46}},"14":{"start":{"line":89,"column":2},"end":{"line":92,"column":null}}},"fnMap":{"0":{"name":"LineChart","decl":{"start":{"line":31,"column":9},"end":{"line":31,"column":19}},"loc":{"start":{"line":39,"column":19},"end":{"line":94,"column":null}},"line":39},"1":{"name":"(anonymous_1)","decl":{"start":{"line":44,"column":26},"end":{"line":44,"column":47}},"loc":{"start":{"line":44,"column":47},"end":{"line":87,"column":5}},"line":44},"2":{"name":"(anonymous_2)","decl":{"start":{"line":49,"column":51},"end":{"line":49,"column":52}},"loc":{"start":{"line":49,"column":58},"end":{"line":49,"column":67}},"line":49},"3":{"name":"(anonymous_3)","decl":{"start":{"line":65,"column":23},"end":{"line":65,"column":24}},"loc":{"start":{"line":65,"column":30},"end":{"line":65,"column":41}},"line":65},"4":{"name":"(anonymous_4)","decl":{"start":{"line":78,"column":29},"end":{"line":78,"column":30}},"loc":{"start":{"line":78,"column":39},"end":{"line":85,"column":8}},"line":78},"5":{"name":"(anonymous_5)","decl":{"start":{"line":81,"column":23},"end":{"line":81,"column":24}},"loc":{"start":{"line":81,"column":30},"end":{"line":81,"column":46}},"line":81}},"branchMap":{"0":{"loc":{"start":{"line":35,"column":2},"end":{"line":35,"column":null}},"type":"default-arg","locations":[{"start":{"line":35,"column":11},"end":{"line":35,"column":null}}],"line":35},"1":{"loc":{"start":{"line":36,"column":2},"end":{"line":36,"column":null}},"type":"default-arg","locations":[{"start":{"line":36,"column":9},"end":{"line":36,"column":null}}],"line":36},"2":{"loc":{"start":{"line":41,"column":18},"end":{"line":41,"column":null}},"type":"binary-expr","locations":[{"start":{"line":41,"column":18},"end":{"line":41,"column":31}},{"start":{"line":41,"column":31},"end":{"line":41,"column":null}}],"line":41},"3":{"loc":{"start":{"line":42,"column":21},"end":{"line":42,"column":null}},"type":"binary-expr","locations":[{"start":{"line":42,"column":21},"end":{"line":42,"column":34}},{"start":{"line":42,"column":34},"end":{"line":42,"column":null}}],"line":42},"4":{"loc":{"start":{"line":45,"column":4},"end":{"line":47,"column":null}},"type":"if","locations":[{"start":{"line":45,"column":4},"end":{"line":47,"column":null}},{"start":{},"end":{}}],"line":45},"5":{"loc":{"start":{"line":50,"column":27},"end":{"line":50,"column":null}},"type":"binary-expr","locations":[{"start":{"line":50,"column":27},"end":{"line":50,"column":41}},{"start":{"line":50,"column":41},"end":{"line":50,"column":null}}],"line":50},"6":{"loc":{"start":{"line":51,"column":32},"end":{"line":51,"column":null}},"type":"cond-expr","locations":[{"start":{"line":51,"column":45},"end":{"line":51,"column":53}},{"start":{"line":51,"column":53},"end":{"line":51,"column":null}}],"line":51},"7":{"loc":{"start":{"line":55,"column":14},"end":{"line":55,"column":null}},"type":"cond-expr","locations":[{"start":{"line":55,"column":36},"end":{"line":55,"column":52}},{"start":{"line":55,"column":52},"end":{"line":55,"column":null}}],"line":55},"8":{"loc":{"start":{"line":57,"column":14},"end":{"line":57,"column":null}},"type":"cond-expr","locations":[{"start":{"line":57,"column":24},"end":{"line":57,"column":28}},{"start":{"line":57,"column":28},"end":{"line":57,"column":null}}],"line":57},"9":{"loc":{"start":{"line":58,"column":15},"end":{"line":58,"column":null}},"type":"cond-expr","locations":[{"start":{"line":58,"column":25},"end":{"line":58,"column":29}},{"start":{"line":58,"column":29},"end":{"line":58,"column":null}}],"line":58},"10":{"loc":{"start":{"line":59,"column":13},"end":{"line":59,"column":null}},"type":"cond-expr","locations":[{"start":{"line":59,"column":23},"end":{"line":59,"column":27}},{"start":{"line":59,"column":27},"end":{"line":59,"column":null}}],"line":59},"11":{"loc":{"start":{"line":60,"column":16},"end":{"line":60,"column":null}},"type":"cond-expr","locations":[{"start":{"line":60,"column":38},"end":{"line":60,"column":43}},{"start":{"line":60,"column":43},"end":{"line":60,"column":null}}],"line":60},"12":{"loc":{"start":{"line":60,"column":43},"end":{"line":60,"column":null}},"type":"cond-expr","locations":[{"start":{"line":60,"column":53},"end":{"line":60,"column":57}},{"start":{"line":60,"column":57},"end":{"line":60,"column":null}}],"line":60},"13":{"loc":{"start":{"line":66,"column":14},"end":{"line":66,"column":null}},"type":"cond-expr","locations":[{"start":{"line":66,"column":24},"end":{"line":66,"column":36}},{"start":{"line":66,"column":36},"end":{"line":66,"column":null}}],"line":66},"14":{"loc":{"start":{"line":73,"column":14},"end":{"line":73,"column":null}},"type":"cond-expr","locations":[{"start":{"line":73,"column":24},"end":{"line":73,"column":36}},{"start":{"line":73,"column":36},"end":{"line":73,"column":null}}],"line":73},"15":{"loc":{"start":{"line":83,"column":19},"end":{"line":83,"column":null}},"type":"cond-expr","locations":[{"start":{"line":83,"column":26},"end":{"line":83,"column":31}},{"start":{"line":83,"column":31},"end":{"line":83,"column":null}}],"line":83},"16":{"loc":{"start":{"line":84,"column":18},"end":{"line":84,"column":null}},"type":"cond-expr","locations":[{"start":{"line":84,"column":42},"end":{"line":84,"column":73}},{"start":{"line":84,"column":73},"end":{"line":84,"column":null}}],"line":84}},"s":{"0":24,"1":24,"2":24,"3":24,"4":12,"5":1,"6":11,"7":24,"8":11,"9":12,"10":12,"11":33,"12":13,"13":39,"14":24},"f":{"0":24,"1":12,"2":24,"3":33,"4":13,"5":39},"b":{"0":[24],"1":[24],"2":[24,0],"3":[24,0],"4":[1,11],"5":[11,11],"6":[0,11],"7":[2,9],"8":[0,11],"9":[0,11],"10":[0,11],"11":[2,9],"12":[0,9],"13":[0,11],"14":[0,11],"15":[1,12],"16":[4,9]},"meta":{"lastBranch":17,"lastFunction":6,"lastStatement":15,"seen":{"f:31:9:31:19":0,"b:35:11:35:Infinity":0,"b:36:9:36:Infinity":1,"s:40:38:40:Infinity":0,"s:41:18:41:Infinity":1,"b:41:18:41:31:41:31:41:Infinity":2,"s:42:21:42:Infinity":2,"b:42:21:42:34:42:34:42:Infinity":3,"s:44:8:87:Infinity":3,"f:44:26:44:47":1,"b:45:4:47:Infinity:undefined:undefined:undefined:undefined":4,"s:45:4:47:Infinity":4,"s:46:6:46:Infinity":5,"s:49:23:49:Infinity":6,"f:49:51:49:52":2,"s:49:58:49:67":7,"s:50:27:50:Infinity":8,"b:50:27:50:41:50:41:50:Infinity":5,"s:51:32:51:Infinity":9,"b:51:45:51:53:51:53:51:Infinity":6,"s:53:4:86:Infinity":10,"b:55:36:55:52:55:52:55:Infinity":7,"b:57:24:57:28:57:28:57:Infinity":8,"b:58:25:58:29:58:29:58:Infinity":9,"b:59:23:59:27:59:27:59:Infinity":10,"b:60:38:60:43:60:43:60:Infinity":11,"b:60:53:60:57:60:57:60:Infinity":12,"f:65:23:65:24":3,"s:65:30:65:41":11,"b:66:24:66:36:66:36:66:Infinity":13,"b:73:24:73:36:73:36:73:Infinity":14,"f:78:29:78:30":4,"s:78:39:85:8":12,"f:81:23:81:24":5,"s:81:30:81:46":13,"b:83:26:83:31:83:31:83:Infinity":15,"b:84:42:84:73:84:73:84:Infinity":16,"s:89:2:92:Infinity":14}}}
,"/Users/alfredorubin/Desktop/public/component/src/charts/map-chart.tsx": {"path":"/Users/alfredorubin/Desktop/public/component/src/charts/map-chart.tsx","statementMap":{"0":{"start":{"line":38,"column":84},"end":{"line":51,"column":null}},"1":{"start":{"line":53,"column":41},"end":{"line":53,"column":null}},"2":{"start":{"line":54,"column":21},"end":{"line":54,"column":null}},"3":{"start":{"line":57,"column":2},"end":{"line":60,"column":null}},"4":{"start":{"line":58,"column":19},"end":{"line":58,"column":null}},"5":{"start":{"line":59,"column":4},"end":{"line":59,"column":null}},"6":{"start":{"line":61,"column":2},"end":{"line":64,"column":null}},"7":{"start":{"line":68,"column":26},"end":{"line":68,"column":null}},"8":{"start":{"line":69,"column":2},"end":{"line":69,"column":null}},"9":{"start":{"line":69,"column":20},"end":{"line":69,"column":null}},"10":{"start":{"line":70,"column":2},"end":{"line":74,"column":null}},"11":{"start":{"line":71,"column":4},"end":{"line":73,"column":null}},"12":{"start":{"line":72,"column":6},"end":{"line":72,"column":null}},"13":{"start":{"line":75,"column":2},"end":{"line":75,"column":null}},"14":{"start":{"line":93,"column":8},"end":{"line":93,"column":null}},"15":{"start":{"line":94,"column":8},"end":{"line":94,"column":null}},"16":{"start":{"line":95,"column":8},"end":{"line":95,"column":null}},"17":{"start":{"line":97,"column":15},"end":{"line":97,"column":null}},"18":{"start":{"line":100,"column":2},"end":{"line":127,"column":null}},"19":{"start":{"line":101,"column":15},"end":{"line":101,"column":null}},"20":{"start":{"line":102,"column":4},"end":{"line":102,"column":null}},"21":{"start":{"line":102,"column":31},"end":{"line":102,"column":null}},"22":{"start":{"line":104,"column":16},"end":{"line":109,"column":null}},"23":{"start":{"line":111,"column":4},"end":{"line":111,"column":null}},"24":{"start":{"line":112,"column":4},"end":{"line":112,"column":null}},"25":{"start":{"line":113,"column":4},"end":{"line":113,"column":null}},"26":{"start":{"line":115,"column":15},"end":{"line":117,"column":null}},"27":{"start":{"line":116,"column":6},"end":{"line":116,"column":null}},"28":{"start":{"line":118,"column":4},"end":{"line":118,"column":null}},"29":{"start":{"line":120,"column":4},"end":{"line":125,"column":null}},"30":{"start":{"line":121,"column":6},"end":{"line":121,"column":null}},"31":{"start":{"line":122,"column":6},"end":{"line":122,"column":null}},"32":{"start":{"line":123,"column":6},"end":{"line":123,"column":null}},"33":{"start":{"line":124,"column":6},"end":{"line":124,"column":null}},"34":{"start":{"line":130,"column":2},"end":{"line":134,"column":null}},"35":{"start":{"line":131,"column":16},"end":{"line":131,"column":null}},"36":{"start":{"line":132,"column":4},"end":{"line":132,"column":null}},"37":{"start":{"line":132,"column":31},"end":{"line":132,"column":null}},"38":{"start":{"line":133,"column":4},"end":{"line":133,"column":null}},"39":{"start":{"line":137,"column":2},"end":{"line":179,"column":null}},"40":{"start":{"line":138,"column":18},"end":{"line":138,"column":null}},"41":{"start":{"line":139,"column":16},"end":{"line":139,"column":null}},"42":{"start":{"line":140,"column":4},"end":{"line":140,"column":null}},"43":{"start":{"line":140,"column":16},"end":{"line":140,"column":null}},"44":{"start":{"line":142,"column":4},"end":{"line":142,"column":null}},"45":{"start":{"line":144,"column":4},"end":{"line":172,"column":null}},"46":{"start":{"line":145,"column":27},"end":{"line":152,"column":null}},"47":{"start":{"line":155,"column":26},"end":{"line":155,"column":null}},"48":{"start":{"line":156,"column":6},"end":{"line":160,"column":null}},"49":{"start":{"line":157,"column":8},"end":{"line":157,"column":null}},"50":{"start":{"line":158,"column":6},"end":{"line":160,"column":null}},"51":{"start":{"line":159,"column":8},"end":{"line":159,"column":null}},"52":{"start":{"line":163,"column":6},"end":{"line":165,"column":null}},"53":{"start":{"line":164,"column":8},"end":{"line":164,"column":null}},"54":{"start":{"line":167,"column":6},"end":{"line":169,"column":null}},"55":{"start":{"line":168,"column":8},"end":{"line":168,"column":null}},"56":{"start":{"line":168,"column":39},"end":{"line":168,"column":55}},"57":{"start":{"line":171,"column":6},"end":{"line":171,"column":null}},"58":{"start":{"line":175,"column":4},"end":{"line":178,"column":null}},"59":{"start":{"line":176,"column":21},"end":{"line":176,"column":null}},"60":{"start":{"line":176,"column":55},"end":{"line":176,"column":89}},"61":{"start":{"line":177,"column":6},"end":{"line":177,"column":null}},"62":{"start":{"line":181,"column":2},"end":{"line":193,"column":null}},"63":{"start":{"line":182,"column":4},"end":{"line":191,"column":null}},"64":{"start":{"line":195,"column":2},"end":{"line":207,"column":null}}},"fnMap":{"0":{"name":"resolveTileLayer","decl":{"start":{"line":56,"column":9},"end":{"line":56,"column":26}},"loc":{"start":{"line":56,"column":97},"end":{"line":65,"column":null}},"line":56},"1":{"name":"buildPropertiesTooltip","decl":{"start":{"line":67,"column":9},"end":{"line":67,"column":32}},"loc":{"start":{"line":67,"column":59},"end":{"line":76,"column":null}},"line":67},"2":{"name":"MapChart","decl":{"start":{"line":78,"column":9},"end":{"line":78,"column":18}},"loc":{"start":{"line":92,"column":18},"end":{"line":209,"column":null}},"line":92},"3":{"name":"(anonymous_3)","decl":{"start":{"line":100,"column":12},"end":{"line":100,"column":18}},"loc":{"start":{"line":100,"column":18},"end":{"line":127,"column":5}},"line":100},"4":{"name":"(anonymous_4)","decl":{"start":{"line":115,"column":34},"end":{"line":115,"column":40}},"loc":{"start":{"line":115,"column":40},"end":{"line":117,"column":5}},"line":115},"5":{"name":"(anonymous_5)","decl":{"start":{"line":120,"column":11},"end":{"line":120,"column":17}},"loc":{"start":{"line":120,"column":17},"end":{"line":125,"column":null}},"line":120},"6":{"name":"(anonymous_6)","decl":{"start":{"line":130,"column":12},"end":{"line":130,"column":18}},"loc":{"start":{"line":130,"column":18},"end":{"line":134,"column":5}},"line":130},"7":{"name":"(anonymous_7)","decl":{"start":{"line":137,"column":12},"end":{"line":137,"column":18}},"loc":{"start":{"line":137,"column":18},"end":{"line":179,"column":5}},"line":137},"8":{"name":"(anonymous_8)","decl":{"start":{"line":144,"column":20},"end":{"line":144,"column":21}},"loc":{"start":{"line":144,"column":27},"end":{"line":172,"column":5}},"line":144},"9":{"name":"(anonymous_9)","decl":{"start":{"line":168,"column":33},"end":{"line":168,"column":39}},"loc":{"start":{"line":168,"column":39},"end":{"line":168,"column":55}},"line":168},"10":{"name":"(anonymous_10)","decl":{"start":{"line":176,"column":48},"end":{"line":176,"column":49}},"loc":{"start":{"line":176,"column":55},"end":{"line":176,"column":89}},"line":176}},"branchMap":{"0":{"loc":{"start":{"line":57,"column":2},"end":{"line":60,"column":null}},"type":"if","locations":[{"start":{"line":57,"column":2},"end":{"line":60,"column":null}},{"start":{},"end":{}}],"line":57},"1":{"loc":{"start":{"line":57,"column":6},"end":{"line":57,"column":47}},"type":"binary-expr","locations":[{"start":{"line":57,"column":6},"end":{"line":57,"column":20}},{"start":{"line":57,"column":20},"end":{"line":57,"column":47}}],"line":57},"2":{"loc":{"start":{"line":58,"column":33},"end":{"line":58,"column":71}},"type":"binary-expr","locations":[{"start":{"line":58,"column":33},"end":{"line":58,"column":66}},{"start":{"line":58,"column":66},"end":{"line":58,"column":71}}],"line":58},"3":{"loc":{"start":{"line":59,"column":43},"end":{"line":59,"column":77}},"type":"binary-expr","locations":[{"start":{"line":59,"column":43},"end":{"line":59,"column":58}},{"start":{"line":59,"column":58},"end":{"line":59,"column":77}}],"line":59},"4":{"loc":{"start":{"line":63,"column":17},"end":{"line":63,"column":null}},"type":"binary-expr","locations":[{"start":{"line":63,"column":17},"end":{"line":63,"column":32}},{"start":{"line":63,"column":32},"end":{"line":63,"column":null}}],"line":63},"5":{"loc":{"start":{"line":69,"column":2},"end":{"line":69,"column":null}},"type":"if","locations":[{"start":{"line":69,"column":2},"end":{"line":69,"column":null}},{"start":{},"end":{}}],"line":69},"6":{"loc":{"start":{"line":70,"column":2},"end":{"line":74,"column":null}},"type":"if","locations":[{"start":{"line":70,"column":2},"end":{"line":74,"column":null}},{"start":{},"end":{}}],"line":70},"7":{"loc":{"start":{"line":70,"column":6},"end":{"line":70,"column":70}},"type":"binary-expr","locations":[{"start":{"line":70,"column":6},"end":{"line":70,"column":27}},{"start":{"line":70,"column":27},"end":{"line":70,"column":70}}],"line":70},"8":{"loc":{"start":{"line":79,"column":2},"end":{"line":79,"column":null}},"type":"default-arg","locations":[{"start":{"line":79,"column":12},"end":{"line":79,"column":null}}],"line":79},"9":{"loc":{"start":{"line":80,"column":2},"end":{"line":80,"column":null}},"type":"default-arg","locations":[{"start":{"line":80,"column":11},"end":{"line":80,"column":null}}],"line":80},"10":{"loc":{"start":{"line":81,"column":2},"end":{"line":81,"column":null}},"type":"default-arg","locations":[{"start":{"line":81,"column":9},"end":{"line":81,"column":null}}],"line":81},"11":{"loc":{"start":{"line":82,"column":2},"end":{"line":82,"column":null}},"type":"default-arg","locations":[{"start":{"line":82,"column":12},"end":{"line":82,"column":null}}],"line":82},"12":{"loc":{"start":{"line":83,"column":2},"end":{"line":83,"column":null}},"type":"default-arg","locations":[{"start":{"line":83,"column":12},"end":{"line":83,"column":null}}],"line":83},"13":{"loc":{"start":{"line":86,"column":2},"end":{"line":86,"column":null}},"type":"default-arg","locations":[{"start":{"line":86,"column":18},"end":{"line":86,"column":null}}],"line":86},"14":{"loc":{"start":{"line":87,"column":2},"end":{"line":87,"column":null}},"type":"default-arg","locations":[{"start":{"line":87,"column":21},"end":{"line":87,"column":null}}],"line":87},"15":{"loc":{"start":{"line":88,"column":2},"end":{"line":88,"column":null}},"type":"default-arg","locations":[{"start":{"line":88,"column":12},"end":{"line":88,"column":null}}],"line":88},"16":{"loc":{"start":{"line":89,"column":2},"end":{"line":89,"column":null}},"type":"default-arg","locations":[{"start":{"line":89,"column":10},"end":{"line":89,"column":null}}],"line":89},"17":{"loc":{"start":{"line":102,"column":4},"end":{"line":102,"column":null}},"type":"if","locations":[{"start":{"line":102,"column":4},"end":{"line":102,"column":null}},{"start":{},"end":{}}],"line":102},"18":{"loc":{"start":{"line":102,"column":8},"end":{"line":102,"column":31}},"type":"binary-expr","locations":[{"start":{"line":102,"column":8},"end":{"line":102,"column":15}},{"start":{"line":102,"column":15},"end":{"line":102,"column":31}}],"line":102},"19":{"loc":{"start":{"line":132,"column":4},"end":{"line":132,"column":null}},"type":"if","locations":[{"start":{"line":132,"column":4},"end":{"line":132,"column":null}},{"start":{},"end":{}}],"line":132},"20":{"loc":{"start":{"line":132,"column":8},"end":{"line":132,"column":31}},"type":"binary-expr","locations":[{"start":{"line":132,"column":8},"end":{"line":132,"column":16}},{"start":{"line":132,"column":16},"end":{"line":132,"column":31}}],"line":132},"21":{"loc":{"start":{"line":140,"column":4},"end":{"line":140,"column":null}},"type":"if","locations":[{"start":{"line":140,"column":4},"end":{"line":140,"column":null}},{"start":{},"end":{}}],"line":140},"22":{"loc":{"start":{"line":146,"column":16},"end":{"line":146,"column":null}},"type":"cond-expr","locations":[{"start":{"line":146,"column":26},"end":{"line":146,"column":63}},{"start":{"line":146,"column":63},"end":{"line":146,"column":null}}],"line":146},"23":{"loc":{"start":{"line":147,"column":19},"end":{"line":147,"column":null}},"type":"binary-expr","locations":[{"start":{"line":147,"column":19},"end":{"line":147,"column":30}},{"start":{"line":147,"column":30},"end":{"line":147,"column":null}}],"line":147},"24":{"loc":{"start":{"line":148,"column":15},"end":{"line":148,"column":null}},"type":"binary-expr","locations":[{"start":{"line":148,"column":15},"end":{"line":148,"column":26}},{"start":{"line":148,"column":26},"end":{"line":148,"column":null}}],"line":148},"25":{"loc":{"start":{"line":156,"column":6},"end":{"line":160,"column":null}},"type":"if","locations":[{"start":{"line":156,"column":6},"end":{"line":160,"column":null}},{"start":{"line":158,"column":6},"end":{"line":160,"column":null}}],"line":156},"26":{"loc":{"start":{"line":158,"column":6},"end":{"line":160,"column":null}},"type":"if","locations":[{"start":{"line":158,"column":6},"end":{"line":160,"column":null}},{"start":{},"end":{}}],"line":158},"27":{"loc":{"start":{"line":163,"column":6},"end":{"line":165,"column":null}},"type":"if","locations":[{"start":{"line":163,"column":6},"end":{"line":165,"column":null}},{"start":{},"end":{}}],"line":163},"28":{"loc":{"start":{"line":167,"column":6},"end":{"line":169,"column":null}},"type":"if","locations":[{"start":{"line":167,"column":6},"end":{"line":169,"column":null}},{"start":{},"end":{}}],"line":167},"29":{"loc":{"start":{"line":175,"column":4},"end":{"line":178,"column":null}},"type":"if","locations":[{"start":{"line":175,"column":4},"end":{"line":178,"column":null}},{"start":{},"end":{}}],"line":175},"30":{"loc":{"start":{"line":175,"column":8},"end":{"line":175,"column":52}},"type":"binary-expr","locations":[{"start":{"line":175,"column":8},"end":{"line":175,"column":25}},{"start":{"line":175,"column":25},"end":{"line":175,"column":32}},{"start":{"line":175,"column":32},"end":{"line":175,"column":52}}],"line":175},"31":{"loc":{"start":{"line":181,"column":2},"end":{"line":193,"column":null}},"type":"if","locations":[{"start":{"line":181,"column":2},"end":{"line":193,"column":null}},{"start":{},"end":{}}],"line":181},"32":{"loc":{"start":{"line":202,"column":7},"end":{"line":205,"column":null}},"type":"binary-expr","locations":[{"start":{"line":202,"column":7},"end":{"line":202,"column":null}},{"start":{"line":203,"column":8},"end":{"line":205,"column":null}}],"line":202}},"s":{"0":1,"1":1,"2":1,"3":19,"4":18,"5":18,"6":1,"7":9,"8":9,"9":4,"10":9,"11":1,"12":2,"13":9,"14":19,"15":19,"16":19,"17":19,"18":19,"19":19,"20":19,"21":2,"22":17,"23":17,"24":17,"25":17,"26":17,"27":0,"28":17,"29":17,"30":17,"31":17,"32":17,"33":17,"34":19,"35":19,"36":19,"37":6,"38":13,"39":19,"40":19,"41":19,"42":19,"43":2,"44":17,"45":17,"46":9,"47":9,"48":9,"49":4,"50":5,"51":0,"52":9,"53":1,"54":9,"55":0,"56":0,"57":9,"58":17,"59":3,"60":4,"61":3,"62":19,"63":2,"64":17},"f":{"0":19,"1":9,"2":19,"3":19,"4":0,"5":17,"6":19,"7":19,"8":9,"9":0,"10":4},"b":{"0":[18,1],"1":[19,3],"2":[18,16],"3":[18,18],"4":[1,1],"5":[4,5],"6":[1,8],"7":[9,1],"8":[19],"9":[19],"10":[19],"11":[19],"12":[19],"13":[19],"14":[19],"15":[19],"16":[19],"17":[2,17],"18":[19,17],"19":[6,13],"20":[19,17],"21":[2,17],"22":[0,9],"23":[9,9],"24":[9,9],"25":[4,5],"26":[0,5],"27":[1,8],"28":[0,9],"29":[3,14],"30":[17,4,4],"31":[2,17],"32":[17,1]},"meta":{"lastBranch":33,"lastFunction":11,"lastStatement":65,"seen":{"s:38:84:51:Infinity":0,"s:53:41:53:Infinity":1,"s:54:21:54:Infinity":2,"f:56:9:56:26":0,"b:57:2:60:Infinity:undefined:undefined:undefined:undefined":0,"s:57:2:60:Infinity":3,"b:57:6:57:20:57:20:57:47":1,"s:58:19:58:Infinity":4,"b:58:33:58:66:58:66:58:71":2,"s:59:4:59:Infinity":5,"b:59:43:59:58:59:58:59:77":3,"s:61:2:64:Infinity":6,"b:63:17:63:32:63:32:63:Infinity":4,"f:67:9:67:32":1,"s:68:26:68:Infinity":7,"b:69:2:69:Infinity:undefined:undefined:undefined:undefined":5,"s:69:2:69:Infinity":8,"s:69:20:69:Infinity":9,"b:70:2:74:Infinity:undefined:undefined:undefined:undefined":6,"s:70:2:74:Infinity":10,"b:70:6:70:27:70:27:70:70":7,"s:71:4:73:Infinity":11,"s:72:6:72:Infinity":12,"s:75:2:75:Infinity":13,"f:78:9:78:18":2,"b:79:12:79:Infinity":8,"b:80:11:80:Infinity":9,"b:81:9:81:Infinity":10,"b:82:12:82:Infinity":11,"b:83:12:83:Infinity":12,"b:86:18:86:Infinity":13,"b:87:21:87:Infinity":14,"b:88:12:88:Infinity":15,"b:89:10:89:Infinity":16,"s:93:8:93:Infinity":14,"s:94:8:94:Infinity":15,"s:95:8:95:Infinity":16,"s:97:15:97:Infinity":17,"s:100:2:127:Infinity":18,"f:100:12:100:18":3,"s:101:15:101:Infinity":19,"b:102:4:102:Infinity:undefined:undefined:undefined:undefined":17,"s:102:4:102:Infinity":20,"b:102:8:102:15:102:15:102:31":18,"s:102:31:102:Infinity":21,"s:104:16:109:Infinity":22,"s:111:4:111:Infinity":23,"s:112:4:112:Infinity":24,"s:113:4:113:Infinity":25,"s:115:15:117:Infinity":26,"f:115:34:115:40":4,"s:116:6:116:Infinity":27,"s:118:4:118:Infinity":28,"s:120:4:125:Infinity":29,"f:120:11:120:17":5,"s:121:6:121:Infinity":30,"s:122:6:122:Infinity":31,"s:123:6:123:Infinity":32,"s:124:6:124:Infinity":33,"s:130:2:134:Infinity":34,"f:130:12:130:18":6,"s:131:16:131:Infinity":35,"b:132:4:132:Infinity:undefined:undefined:undefined:undefined":19,"s:132:4:132:Infinity":36,"b:132:8:132:16:132:16:132:31":20,"s:132:31:132:Infinity":37,"s:133:4:133:Infinity":38,"s:137:2:179:Infinity":39,"f:137:12:137:18":7,"s:138:18:138:Infinity":40,"s:139:16:139:Infinity":41,"b:140:4:140:Infinity:undefined:undefined:undefined:undefined":21,"s:140:4:140:Infinity":42,"s:140:16:140:Infinity":43,"s:142:4:142:Infinity":44,"s:144:4:172:Infinity":45,"f:144:20:144:21":8,"s:145:27:152:Infinity":46,"b:146:26:146:63:146:63:146:Infinity":22,"b:147:19:147:30:147:30:147:Infinity":23,"b:148:15:148:26:148:26:148:Infinity":24,"s:155:26:155:Infinity":47,"b:156:6:160:Infinity:158:6:160:Infinity":25,"s:156:6:160:Infinity":48,"s:157:8:157:Infinity":49,"b:158:6:160:Infinity:undefined:undefined:undefined:undefined":26,"s:158:6:160:Infinity":50,"s:159:8:159:Infinity":51,"b:163:6:165:Infinity:undefined:undefined:undefined:undefined":27,"s:163:6:165:Infinity":52,"s:164:8:164:Infinity":53,"b:167:6:169:Infinity:undefined:undefined:undefined:undefined":28,"s:167:6:169:Infinity":54,"s:168:8:168:Infinity":55,"f:168:33:168:39":9,"s:168:39:168:55":56,"s:171:6:171:Infinity":57,"b:175:4:178:Infinity:undefined:undefined:undefined:undefined":29,"s:175:4:178:Infinity":58,"b:175:8:175:25:175:25:175:32:175:32:175:52":30,"s:176:21:176:Infinity":59,"f:176:48:176:49":10,"s:176:55:176:89":60,"s:177:6:177:Infinity":61,"b:181:2:193:Infinity:undefined:undefined:undefined:undefined":31,"s:181:2:193:Infinity":62,"s:182:4:191:Infinity":63,"s:195:2:207:Infinity":64,"b:202:7:202:Infinity:203:8:205:Infinity":32}}}
,"/Users/alfredorubin/Desktop/public/component/src/charts/pie-chart.tsx": {"path":"/Users/alfredorubin/Desktop/public/component/src/charts/pie-chart.tsx","statementMap":{"0":{"start":{"line":33,"column":38},"end":{"line":33,"column":null}},"1":{"start":{"line":34,"column":18},"end":{"line":34,"column":null}},"2":{"start":{"line":35,"column":21},"end":{"line":35,"column":null}},"3":{"start":{"line":37,"column":8},"end":{"line":76,"column":null}},"4":{"start":{"line":38,"column":4},"end":{"line":40,"column":null}},"5":{"start":{"line":39,"column":6},"end":{"line":39,"column":null}},"6":{"start":{"line":42,"column":31},"end":{"line":42,"column":null}},"7":{"start":{"line":43,"column":32},"end":{"line":43,"column":null}},"8":{"start":{"line":45,"column":4},"end":{"line":75,"column":null}},"9":{"start":{"line":78,"column":2},"end":{"line":81,"column":null}}},"fnMap":{"0":{"name":"PieChart","decl":{"start":{"line":26,"column":9},"end":{"line":26,"column":18}},"loc":{"start":{"line":32,"column":18},"end":{"line":83,"column":null}},"line":32},"1":{"name":"(anonymous_1)","decl":{"start":{"line":37,"column":26},"end":{"line":37,"column":47}},"loc":{"start":{"line":37,"column":47},"end":{"line":76,"column":5}},"line":37}},"branchMap":{"0":{"loc":{"start":{"line":28,"column":2},"end":{"line":28,"column":null}},"type":"default-arg","locations":[{"start":{"line":28,"column":10},"end":{"line":28,"column":null}}],"line":28},"1":{"loc":{"start":{"line":29,"column":2},"end":{"line":29,"column":null}},"type":"default-arg","locations":[{"start":{"line":29,"column":14},"end":{"line":29,"column":null}}],"line":29},"2":{"loc":{"start":{"line":30,"column":2},"end":{"line":30,"column":null}},"type":"default-arg","locations":[{"start":{"line":30,"column":15},"end":{"line":30,"column":null}}],"line":30},"3":{"loc":{"start":{"line":34,"column":18},"end":{"line":34,"column":null}},"type":"binary-expr","locations":[{"start":{"line":34,"column":18},"end":{"line":34,"column":32}},{"start":{"line":34,"column":32},"end":{"line":34,"column":47}},{"start":{"line":34,"column":47},"end":{"line":34,"column":null}}],"line":34},"4":{"loc":{"start":{"line":35,"column":21},"end":{"line":35,"column":null}},"type":"binary-expr","locations":[{"start":{"line":35,"column":21},"end":{"line":35,"column":34}},{"start":{"line":35,"column":34},"end":{"line":35,"column":null}}],"line":35},"5":{"loc":{"start":{"line":38,"column":4},"end":{"line":40,"column":null}},"type":"if","locations":[{"start":{"line":38,"column":4},"end":{"line":40,"column":null}},{"start":{},"end":{}}],"line":38},"6":{"loc":{"start":{"line":42,"column":31},"end":{"line":42,"column":null}},"type":"cond-expr","locations":[{"start":{"line":42,"column":41},"end":{"line":42,"column":49}},{"start":{"line":42,"column":49},"end":{"line":42,"column":null}}],"line":42},"7":{"loc":{"start":{"line":43,"column":32},"end":{"line":43,"column":null}},"type":"cond-expr","locations":[{"start":{"line":43,"column":45},"end":{"line":43,"column":53}},{"start":{"line":43,"column":53},"end":{"line":43,"column":null}}],"line":43},"8":{"loc":{"start":{"line":50,"column":14},"end":{"line":50,"column":null}},"type":"cond-expr","locations":[{"start":{"line":50,"column":36},"end":{"line":50,"column":68}},{"start":{"line":50,"column":68},"end":{"line":50,"column":null}}],"line":50},"9":{"loc":{"start":{"line":54,"column":18},"end":{"line":54,"column":null}},"type":"cond-expr","locations":[{"start":{"line":54,"column":26},"end":{"line":54,"column":43}},{"start":{"line":54,"column":43},"end":{"line":54,"column":null}}],"line":54},"10":{"loc":{"start":{"line":55,"column":26},"end":{"line":55,"column":61}},"type":"cond-expr","locations":[{"start":{"line":55,"column":48},"end":{"line":55,"column":56}},{"start":{"line":55,"column":56},"end":{"line":55,"column":61}}],"line":55},"11":{"loc":{"start":{"line":64,"column":24},"end":{"line":64,"column":null}},"type":"cond-expr","locations":[{"start":{"line":64,"column":34},"end":{"line":64,"column":39}},{"start":{"line":64,"column":39},"end":{"line":64,"column":null}}],"line":64}},"s":{"0":16,"1":16,"2":16,"3":16,"4":8,"5":1,"6":7,"7":8,"8":8,"9":16},"f":{"0":16,"1":8},"b":{"0":[16],"1":[16],"2":[16],"3":[16,0,0],"4":[16,0],"5":[1,7],"6":[0,7],"7":[0,7],"8":[6,1],"9":[1,6],"10":[6,1],"11":[0,7]},"meta":{"lastBranch":12,"lastFunction":2,"lastStatement":10,"seen":{"f:26:9:26:18":0,"b:28:10:28:Infinity":0,"b:29:14:29:Infinity":1,"b:30:15:30:Infinity":2,"s:33:38:33:Infinity":0,"s:34:18:34:Infinity":1,"b:34:18:34:32:34:32:34:47:34:47:34:Infinity":3,"s:35:21:35:Infinity":2,"b:35:21:35:34:35:34:35:Infinity":4,"s:37:8:76:Infinity":3,"f:37:26:37:47":1,"b:38:4:40:Infinity:undefined:undefined:undefined:undefined":5,"s:38:4:40:Infinity":4,"s:39:6:39:Infinity":5,"s:42:31:42:Infinity":6,"b:42:41:42:49:42:49:42:Infinity":6,"s:43:32:43:Infinity":7,"b:43:45:43:53:43:53:43:Infinity":7,"s:45:4:75:Infinity":8,"b:50:36:50:68:50:68:50:Infinity":8,"b:54:26:54:43:54:43:54:Infinity":9,"b:55:48:55:56:55:56:55:61":10,"b:64:34:64:39:64:39:64:Infinity":11,"s:78:2:81:Infinity":9}}}
[...]
{"start":{"line":83,"column":6},"end":{"line":83,"column":null}},"12":{"start":{"line":84,"column":6},"end":{"line":84,"column":null}},"13":{"start":{"line":90,"column":16},"end":{"line":90,"column":null}},"14":{"start":{"line":91,"column":2},"end":{"line":118,"column":null}},"15":{"start":{"line":92,"column":4},"end":{"line":92,"column":null}},"16":{"start":{"line":93,"column":4},"end":{"line":117,"column":null}},"17":{"start":{"line":94,"column":6},"end":{"line":94,"column":null}},"18":{"start":{"line":94,"column":32},"end":{"line":94,"column":null}},"19":{"start":{"line":96,"column":28},"end":{"line":96,"column":null}},"20":{"start":{"line":97,"column":6},"end":{"line":108,"column":null}},"21":{"start":{"line":98,"column":8},"end":{"line":107,"column":null}},"22":{"start":{"line":99,"column":10},"end":{"line":99,"column":null}},"23":{"start":{"line":100,"column":10},"end":{"line":100,"column":null}},"24":{"start":{"line":101,"column":10},"end":{"line":101,"column":null}},"25":{"start":{"line":103,"column":27},"end":{"line":103,"column":null}},"26":{"start":{"line":104,"column":10},"end":{"line":106,"column":null}},"27":{"start":{"line":105,"column":12},"end":{"line":105,"column":null}},"28":{"start":{"line":109,"column":6},"end":{"line":116,"column":null}},"29":{"start":{"line":110,"column":18},"end":{"line":110,"column":null}},"30":{"start":{"line":111,"column":8},"end":{"line":115,"column":null}},"31":{"start":{"line":112,"column":10},"end":{"line":112,"column":null}},"32":{"start":{"line":113,"column":10},"end":{"line":113,"column":null}},"33":{"start":{"line":114,"column":10},"end":{"line":114,"column":null}},"34":{"start":{"line":121,"column":16},"end":{"line":123,"column":null}},"35":{"start":{"line":122,"column":11},"end":{"line":122,"column":null}},"36":{"start":{"line":126,"column":29},"end":{"line":126,"column":null}},"37":{"start":{"line":127,"column":2},"end":{"line":131,"column":null}},"38":{"start":{"line":128,"column":4},"end":{"line":130,"column":null}},"39":{"start":{"line":129,"column":6},"end":{"line":129,"column":null}},"40":{"start":{"line":133,"column":2},"end":{"line":138,"column":null}},"41":{"start":{"line":147,"column":24},"end":{"line":147,"column":null}},"42":{"start":{"line":148,"column":24},"end":{"line":148,"column":null}},"43":{"start":{"line":149,"column":44},"end":{"line":149,"column":null}},"44":{"start":{"line":150,"column":44},"end":{"line":150,"column":null}},"45":{"start":{"line":151,"column":44},"end":{"line":151,"column":null}},"46":{"start":{"line":153,"column":8},"end":{"line":153,"column":null}},"47":{"start":{"line":154,"column":8},"end":{"line":154,"column":null}},"48":{"start":{"line":155,"column":8},"end":{"line":155,"column":null}},"49":{"start":{"line":156,"column":8},"end":{"line":156,"column":null}},"50":{"start":{"line":157,"column":8},"end":{"line":157,"column":null}},"51":{"start":{"line":158,"column":8},"end":{"line":158,"column":null}},"52":{"start":{"line":159,"column":2},"end":{"line":159,"column":null}},"53":{"start":{"line":162,"column":2},"end":{"line":166,"column":null}},"54":{"start":{"line":163,"column":4},"end":{"line":165,"column":null}},"55":{"start":{"line":164,"column":6},"end":{"line":164,"column":null}},"56":{"start":{"line":169,"column":8},"end":{"line":194,"column":null}},"57":{"start":{"line":170,"column":19},"end":{"line":174,"column":null}},"58":{"start":{"line":176,"column":4},"end":{"line":176,"column":null}},"59":{"start":{"line":177,"column":4},"end":{"line":177,"column":null}},"60":{"start":{"line":178,"column":4},"end":{"line":178,"column":null}},"61":{"start":{"line":181,"column":4},"end":{"line":185,"column":null}},"62":{"start":{"line":182,"column":6},"end":{"line":184,"column":null}},"63":{"start":{"line":183,"column":8},"end":{"line":183,"column":null}},"64":{"start":{"line":186,"column":4},"end":{"line":186,"column":null}},"65":{"start":{"line":189,"column":22},"end":{"line":189,"column":null}},"66":{"start":{"line":189,"column":54},"end":{"line":189,"column":58}},"67":{"start":{"line":190,"column":4},"end":{"line":193,"column":null}},"68":{"start":{"line":191,"column":23},"end":{"line":191,"column":null}},"69":{"start":{"line":191,"column":43},"end":{"line":191,"column":60}},"70":{"start":{"line":192,"column":6},"end":{"line":192,"column":null}},"71":{"start":{"line":196,"column":8},"end":{"line":219,"column":null}},"72":{"start":{"line":198,"column":6},"end":{"line":198,"column":null}},"73":{"start":{"line":198,"column":46},"end":{"line":198,"column":null}},"74":{"start":{"line":199,"column":6},"end":{"line":199,"column":null}},"75":{"start":{"line":199,"column":32},"end":{"line":199,"column":null}},"76":{"start":{"line":201,"column":20},"end":{"line":201,"column":null}},"77":{"start":{"line":202,"column":6},"end":{"line":202,"column":null}},"78":{"start":{"line":202,"column":49},"end":{"line":202,"column":null}},"79":{"start":{"line":204,"column":6},"end":{"line":204,"column":null}},"80":{"start":{"line":205,"column":6},"end":{"line":205,"column":null}},"81":{"start":{"line":206,"column":6},"end":{"line":216,"column":null}},"82":{"start":{"line":207,"column":23},"end":{"line":207,"column":null}},"83":{"start":{"line":208,"column":8},"end":{"line":211,"column":null}},"84":{"start":{"line":212,"column":8},"end":{"line":212,"column":null}},"85":{"start":{"line":214,"column":8},"end":{"line":214,"column":null}},"86":{"start":{"line":215,"column":8},"end":{"line":215,"column":null}},"87":{"start":{"line":221,"column":8},"end":{"line":228,"column":null}},"88":{"start":{"line":223,"column":6},"end":{"line":223,"column":null}},"89":{"start":{"line":223,"column":46},"end":{"line":223,"column":null}},"90":{"start":{"line":224,"column":6},"end":{"line":224,"column":null}},"91":{"start":{"line":225,"column":6},"end":{"line":225,"column":null}},"92":{"start":{"line":230,"column":8},"end":{"line":241,"column":null}},"93":{"start":{"line":231,"column":4},"end":{"line":231,"column":null}},"94":{"start":{"line":232,"column":4},"end":{"line":232,"column":null}},"95":{"start":{"line":233,"column":4},"end":{"line":235,"column":null}},"96":{"start":{"line":234,"column":6},"end":{"line":234,"column":null}},"97":{"start":{"line":236,"column":4},"end":{"line":236,"column":null}},"98":{"start":{"line":237,"column":4},"end":{"line":237,"column":null}},"99":{"start":{"line":238,"column":4},"end":{"line":238,"column":null}},"100":{"start":{"line":239,"column":4},"end":{"line":239,"column":null}},"101":{"start":{"line":240,"column":4},"end":{"line":240,"column":null}},"102":{"start":{"line":243,"column":8},"end":{"line":251,"column":null}},"103":{"start":{"line":245,"column":6},"end":{"line":245,"column":null}},"104":{"start":{"line":245,"column":45},"end":{"line":245,"column":null}},"105":{"start":{"line":246,"column":6},"end":{"line":246,"column":null}},"106":{"start":{"line":246,"column":28},"end":{"line":246,"column":null}},"107":{"start":{"line":247,"column":20},"end":{"line":247,"column":null}},"108":{"start":{"line":248,"column":6},"end":{"line":248,"column":null}},"109":{"start":{"line":253,"column":8},"end":{"line":255,"column":null}},"110":{"start":{"line":254,"column":4},"end":{"line":254,"column":null}},"111":{"start":{"line":257,"column":2},"end":{"line":269,"column":null}}},"fnMap":{"0":{"name":"edgeKey","decl":{"start":{"line":50,"column":9},"end":{"line":50,"column":17}},"loc":{"start":{"line":50,"column":64},"end":{"line":52,"column":null}},"line":50},"1":{"name":"recomputeGraph","decl":{"start":{"line":60,"column":9},"end":{"line":60,"column":null}},"loc":{"start":{"line":69,"column":2},"end":{"line":139,"column":null}},"line":69},"2":{"name":"(anonymous_2)","decl":{"start":{"line":122,"column":4},"end":{"line":122,"column":5}},"loc":{"start":{"line":122,"column":11},"end":{"line":122,"column":null}},"line":122},"3":{"name":"useGraphExploration","decl":{"start":{"line":141,"column":16},"end":{"line":141,"column":36}},"loc":{"start":{"line":146,"column":58},"end":{"line":270,"column":null}},"line":146},"4":{"name":"(anonymous_4)","decl":{"start":{"line":169,"column":37},"end":{"line":169,"column":43}},"loc":{"start":{"line":169,"column":43},"end":{"line":194,"column":5}},"line":169},"5":{"name":"(anonymous_5)","decl":{"start":{"line":189,"column":47},"end":{"line":189,"column":48}},"loc":{"start":{"line":189,"column":54},"end":{"line":189,"column":58}},"line":189},"6":{"name":"(anonymous_6)","decl":{"start":{"line":190,"column":23},"end":{"line":190,"column":24}},"loc":{"start":{"line":190,"column":33},"end":{"line":193,"column":5}},"line":190},"7":{"name":"(anonymous_7)","decl":{"start":{"line":191,"column":35},"end":{"line":191,"column":36}},"loc":{"start":{"line":191,"column":43},"end":{"line":191,"column":60}},"line":191},"8":{"name":"(anonymous_8)","decl":{"start":{"line":197,"column":4},"end":{"line":197,"column":11}},"loc":{"start":{"line":197,"column":31},"end":{"line":217,"column":null}},"line":197},"9":{"name":"(anonymous_9)","decl":{"start":{"line":222,"column":4},"end":{"line":222,"column":5}},"loc":{"start":{"line":222,"column":24},"end":{"line":226,"column":null}},"line":222},"10":{"name":"(anonymous_10)","decl":{"start":{"line":230,"column":28},"end":{"line":230,"column":34}},"loc":{"start":{"line":230,"column":34},"end":{"line":241,"column":5}},"line":230},"11":{"name":"(anonymous_11)","decl":{"start":{"line":244,"column":4},"end":{"line":244,"column":5}},"loc":{"start":{"line":244,"column":24},"end":{"line":249,"column":null}},"line":244},"12":{"name":"(anonymous_12)","decl":{"start":{"line":253,"column":34},"end":{"line":253,"column":35}},"loc":{"start":{"line":253,"column":54},"end":{"line":255,"column":5}},"line":253}},"branchMap":{"0":{"loc":{"start":{"line":82,"column":4},"end":{"line":85,"column":null}},"type":"if","locations":[{"start":{"line":82,"column":4},"end":{"line":85,"column":null}},{"start":{},"end":{}}],"line":82},"1":{"loc":{"start":{"line":94,"column":6},"end":{"line":94,"column":null}},"type":"if","locations":[{"start":{"line":94,"column":6},"end":{"line":94,"column":null}},{"start":{},"end":{}}],"line":94},"2":{"loc":{"start":{"line":98,"column":8},"end":{"line":107,"column":null}},"type":"if","locations":[{"start":{"line":98,"column":8},"end":{"line":107,"column":null}},{"start":{"line":102,"column":15},"end":{"line":107,"column":null}}],"line":98},"3":{"loc":{"start":{"line":104,"column":10},"end":{"line":106,"column":null}},"type":"if","locations":[{"start":{"line":104,"column":10},"end":{"line":106,"column":null}},{"start":{},"end":{}}],"line":104},"4":{"loc":{"start":{"line":111,"column":8},"end":{"line":115,"column":null}},"type":"if","locations":[{"start":{"line":111,"column":8},"end":{"line":115,"column":null}},{"start":{},"end":{}}],"line":111},"5":{"loc":{"start":{"line":122,"column":11},"end":{"line":122,"column":null}},"type":"binary-expr","locations":[{"start":{"line":122,"column":11},"end":{"line":122,"column":36}},{"start":{"line":122,"column":36},"end":{"line":122,"column":null}}],"line":122},"6":{"loc":{"start":{"line":128,"column":4},"end":{"line":130,"column":null}},"type":"if","locations":[{"start":{"line":128,"column":4},"end":{"line":130,"column":null}},{"start":{},"end":{}}],"line":128},"7":{"loc":{"start":{"line":162,"column":2},"end":{"line":166,"column":null}},"type":"if","locations":[{"start":{"line":162,"column":2},"end":{"line":166,"column":null}},{"start":{},"end":{}}],"line":162},"8":{"loc":{"start":{"line":182,"column":6},"end":{"line":184,"column":null}},"type":"if","locations":[{"start":{"line":182,"column":6},"end":{"line":184,"column":null}},{"start":{},"end":{}}],"line":182},"9":{"loc":{"start":{"line":192,"column":13},"end":{"line":192,"column":null}},"type":"cond-expr","locations":[{"start":{"line":192,"column":47},"end":{"line":192,"column":54}},{"start":{"line":192,"column":54},"end":{"line":192,"column":null}}],"line":192},"10":{"loc":{"start":{"line":198,"column":6},"end":{"line":198,"column":null}},"type":"if","locations":[{"start":{"line":198,"column":6},"end":{"line":198,"column":null}},{"start":{},"end":{}}],"line":198},"11":{"loc":{"start":{"line":199,"column":6},"end":{"line":199,"column":null}},"type":"if","locations":[{"start":{"line":199,"column":6},"end":{"line":199,"column":null}},{"start":{},"end":{}}],"line":199},"12":{"loc":{"start":{"line":201,"column":20},"end":{"line":201,"column":null}},"type":"binary-expr","locations":[{"start":{"line":201,"column":20},"end":{"line":201,"column":56}},{"start":{"line":201,"column":56},"end":{"line":201,"column":null}}],"line":201},"13":{"loc":{"start":{"line":202,"column":6},"end":{"line":202,"column":null}},"type":"if","locations":[{"start":{"line":202,"column":6},"end":{"line":202,"column":null}},{"start":{},"end":{}}],"line":202},"14":{"loc":{"start":{"line":202,"column":10},"end":{"line":202,"column":49}},"type":"binary-expr","locations":[{"start":{"line":202,"column":10},"end":{"line":202,"column":30}},{"start":{"line":202,"column":30},"end":{"line":202,"column":49}}],"line":202},"15":{"loc":{"start":{"line":223,"column":6},"end":{"line":223,"column":null}},"type":"if","locations":[{"start":{"line":223,"column":6},"end":{"line":223,"column":null}},{"start":{},"end":{}}],"line":223},"16":{"loc":{"start":{"line":245,"column":6},"end":{"line":245,"column":null}},"type":"if","locations":[{"start":{"line":245,"column":6},"end":{"line":245,"column":null}},{"start":{},"end":{}}],"line":245},"17":{"loc":{"start":{"line":246,"column":6},"end":{"line":246,"column":null}},"type":"if","locations":[{"start":{"line":246,"column":6},"end":{"line":246,"column":null}},{"start":{},"end":{}}],"line":246},"18":{"loc":{"start":{"line":247,"column":20},"end":{"line":247,"column":null}},"type":"binary-expr","locations":[{"start":{"line":247,"column":20},"end":{"line":247,"column":55}},{"start":{"line":247,"column":55},"end":{"line":247,"column":null}}],"line":247}},"s":{"0":74,"1":25,"2":25,"3":25,"4":25,"5":25,"6":47,"7":47,"8":25,"9":22,"10":22,"11":22,"12":22,"13":25,"14":25,"15":45,"16":45,"17":45,"18":1,"19":44,"20":44,"21":50,"22":23,"23":23,"24":23,"25":27,"26":27,"27":0,"28":44,"29":52,"30":52,"31":25,"32":25,"33":25,"34":25,"35":47,"36":25,"37":25,"38":23,"39":22,"40":25,"41":51,"42":51,"43":51,"44":51,"45":51,"46":51,"47":51,"48":51,"49":51,"50":51,"51":51,"52":51,"53":51,"54":19,"55":37,"56":51,"57":25,"58":25,"59":25,"60":25,"61":25,"62":23,"63":1,"64":25,"65":25,"66":70,"67":25,"68":25,"69":2,"70":25,"71":51,"72":22,"73":1,"74":21,"75":1,"76":20,"77":22,"78":1,"79":19,"80":19,"81":19,"82":19,"83":19,"84":19,"85":19,"86":19,"87":51,"88":6,"89":0,"90":6,"91":6,"92":51,"93":1,"94":1,"95":1,"96":2,"97":1,"98":1,"99":1,"100":1,"101":1,"102":51,"103":5,"104":1,"105":4,"106":4,"107":2,"108":5,"109":51,"110":2,"111":51},"f":{"0":74,"1":25,"2":47,"3":51,"4":25,"5":70,"6":25,"7":2,"8":22,"9":6,"10":1,"11":5,"12":2},"b":{"0":[22,0],"1":[1,44],"2":[23,27],"3":[0,27],"4":[25,27],"5":[47,47],"6":[22,1],"7":[19,32],"8":[1,22],"9":[24,1],"10":[1,21],"11":[1,20],"12":[20,0],"13":[1,21],"14":[22,2],"15":[0,6],"16":[1,4],"17":[2,2],"18":[2,0]},"meta":{"lastBranch":19,"lastFunction":13,"lastStatement":112,"seen":{"f:50:9:50:17":0,"s:51:2:51:Infinity":0,"f:60:9:60:Infinity":1,"s:70:18:70:Infinity":1,"s:71:19:71:Infinity":2,"s:72:18:72:Infinity":3,"s:73:32:73:Infinity":4,"s:76:2:79:Infinity":5,"s:77:4:77:Infinity":6,"s:78:4:78:Infinity":7,"s:80:2:86:Infinity":8,"s:81:14:81:Infinity":9,"b:82:4:85:Infinity:undefined:undefined:undefined:undefined":0,"s:82:4:85:Infinity":10,"s:83:6:83:Infinity":11,"s:84:6:84:Infinity":12,"s:90:16:90:Infinity":13,"s:91:2:118:Infinity":14,"s:92:4:92:Infinity":15,"s:93:4:117:Infinity":16,"b:94:6:94:Infinity:undefined:undefined:undefined:undefined":1,"s:94:6:94:Infinity":17,"s:94:32:94:Infinity":18,"s:96:28:96:Infinity":19,"s:97:6:108:Infinity":20,"b:98:8:107:Infinity:102:15:107:Infinity":2,"s:98:8:107:Infinity":21,"s:99:10:99:Infinity":22,"s:100:10:100:Infinity":23,"s:101:10:101:Infinity":24,"s:103:27:103:Infinity":25,"b:104:10:106:Infinity:undefined:undefined:undefined:undefined":3,"s:104:10:106:Infinity":26,"s:105:12:105:Infinity":27,"s:109:6:116:Infinity":28,"s:110:18:110:Infinity":29,"b:111:8:115:Infinity:undefined:undefined:undefined:undefined":4,"s:111:8:115:Infinity":30,"s:112:10:112:Infinity":31,"s:113:10:113:Infinity":32,"s:114:10:114:Infinity":33,"s:121:16:123:Infinity":34,"f:122:4:122:5":2,"s:122:11:122:Infinity":35,"b:122:11:122:36:122:36:122:Infinity":5,"s:126:29:126:Infinity":36,"s:127:2:131:Infinity":37,"b:128:4:130:Infinity:undefined:undefined:undefined:undefined":6,"s:128:4:130:Infinity":38,"s:129:6:129:Infinity":39,"s:133:2:138:Infinity":40,"f:141:16:141:36":3,"s:147:24:147:Infinity":41,"s:148:24:148:Infinity":42,"s:149:44:149:Infinity":43,"s:150:44:150:Infinity":44,"s:151:44:151:Infinity":45,"s:153:8:153:Infinity":46,"s:154:8:154:Infinity":47,"s:155:8:155:Infinity":48,"s:156:8:156:Infinity":49,"s:157:8:157:Infinity":50,"s:158:8:158:Infinity":51,"s:159:2:159:Infinity":52,"b:162:2:166:Infinity:undefined:undefined:undefined:undefined":7,"s:162:2:166:Infinity":53,"s:163:4:165:Infinity":54,"s:164:6:164:Infinity":55,"s:169:8:194:Infinity":56,"f:169:37:169:43":4,"s:170:19:174:Infinity":57,"s:176:4:176:Infinity":58,"s:177:4:177:Infinity":59,"s:178:4:178:Infinity":60,"s:181:4:185:Infinity":61,"b:182:6:184:Infinity:undefined:undefined:undefined:undefined":8,"s:182:6:184:Infinity":62,"s:183:8:183:Infinity":63,"s:186:4:186:Infinity":64,"s:189:22:189:Infinity":65,"f:189:47:189:48":5,"s:189:54:189:58":66,"s:190:4:193:Infinity":67,"f:190:23:190:24":6,"s:191:23:191:Infinity":68,"f:191:35:191:36":7,"s:191:43:191:60":69,"s:192:6:192:Infinity":70,"b:192:47:192:54:192:54:192:Infinity":9,"s:196:8:219:Infinity":71,"f:197:4:197:11":8,"b:198:6:198:Infinity:undefined:undefined:undefined:undefined":10,"s:198:6:198:Infinity":72,"s:198:46:198:Infinity":73,"b:199:6:199:Infinity:undefined:undefined:undefined:undefined":11,"s:199:6:199:Infinity":74,"s:199:32:199:Infinity":75,"s:201:20:201:Infinity":76,"b:201:20:201:56:201:56:201:Infinity":12,"b:202:6:202:Infinity:undefined:undefined:undefined:undefined":13,"s:202:6:202:Infinity":77,"b:202:10:202:30:202:30:202:49":14,"s:202:49:202:Infinity":78,"s:204:6:204:Infinity":79,"s:205:6:205:Infinity":80,"s:206:6:216:Infinity":81,"s:207:23:207:Infinity":82,"s:208:8:211:Infinity":83,"s:212:8:212:Infinity":84,"s:214:8:214:Infinity":85,"s:215:8:215:Infinity":86,"s:221:8:228:Infinity":87,"f:222:4:222:5":9,"b:223:6:223:Infinity:undefined:undefined:undefined:undefined":15,"s:223:6:223:Infinity":88,"s:223:46:223:Infinity":89,"s:224:6:224:Infinity":90,"s:225:6:225:Infinity":91,"s:230:8:241:Infinity":92,"f:230:28:230:34":10,"s:231:4:231:Infinity":93,"s:232:4:232:Infinity":94,"s:233:4:235:Infinity":95,"s:234:6:234:Infinity":96,"s:236:4:236:Infinity":97,"s:237:4:237:Infinity":98,"s:238:4:238:Infinity":99,"s:239:4:239:Infinity":100,"s:240:4:240:Infinity":101,"s:243:8:251:Infinity":102,"f:244:4:244:5":11,"b:245:6:245:Infinity:undefined:undefined:undefined:undefined":16,"s:245:6:245:Infinity":103,"s:245:45:245:Infinity":104,"b:246:6:246:Infinity:undefined:undefined:undefined:undefined":17,"s:246:6:246:Infinity":105,"s:246:28:246:Infinity":106,"s:247:20:247:Infinity":107,"b:247:20:247:55:247:55:247:Infinity":18,"s:248:6:248:Infinity":108,"s:253:8:255:Infinity":109,"f:253:34:253:35":12,"s:254:4:254:Infinity":110,"s:257:2:269:Infinity":111}}}
,"/Users/alfredorubin/Desktop/public/component/src/lib/utils.ts": {"path":"/Users/alfredorubin/Desktop/public/component/src/lib/utils.ts","statementMap":{"0":{"start":{"line":5,"column":2},"end":{"line":5,"column":null}}},"fnMap":{"0":{"name":"cn","decl":{"start":{"line":4,"column":16},"end":{"line":4,"column":22}},"loc":{"start":{"line":4,"column":44},"end":{"line":6,"column":null}},"line":4}},"branchMap":{},"s":{"0":6609},"f":{"0":6609},"b":{},"meta":{"lastBranch":0,"lastFunction":1,"lastStatement":1,"seen":{"f:4:16:4:22":0,"s:5:2:5:Infinity":0}}}
}
